#
# There is insufficient memory for the Java Runtime Environment to continue.
# Native memory allocation (mmap) failed to map 223346688 bytes for committing reserved memory.
# Possible reasons:
#   The system is out of physical RAM or swap space
#   In 32 bit mode, the process size limit was hit
# Possible solutions:
#   Reduce memory load on the system
#   Increase physical memory or swap space
#   Check if swap backing store is full
#   Use 64 bit Java on a 64 bit OS
#   Decrease Java heap size (-Xmx/-Xms)
#   Decrease number of Java threads
#   Decrease Java thread stack sizes (-Xss)
#   Set larger code cache with -XX:ReservedCodeCacheSize=
# This output file may be truncated or incomplete.
#
#  Out of Memory Error (os_linux.cpp:2627), pid=6312, tid=0x00007fbcb35f5700
#
# JRE version: OpenJDK Runtime Environment (8.0_121-b13) (build 1.8.0_121-b13)
# Java VM: OpenJDK 64-Bit Server VM (25.121-b13 mixed mode linux-amd64 compressed oops)
# Core dump written. Default location: /home/mj/work/TimeManager/core or core.6312
#

---------------  T H R E A D  ---------------

Current thread (0x00007fbce8081000):  VMThread [stack: 0x00007fbcb34f5000,0x00007fbcb35f6000] [id=6322]

Stack: [0x00007fbcb34f5000,0x00007fbcb35f6000],  sp=0x00007fbcb35f4550,  free space=1021k
Native frames: (J=compiled Java code, j=interpreted, Vv=VM code, C=native code)
V  [libjvm.so+0xa2ce3b]
V  [libjvm.so+0x4b2387]
V  [libjvm.so+0x885fd0]
V  [libjvm.so+0x880d0f]
V  [libjvm.so+0x8f879e]
V  [libjvm.so+0x8f9a4b]
V  [libjvm.so+0x8f620b]
V  [libjvm.so+0x8f64dc]
V  [libjvm.so+0x8a9383]
V  [libjvm.so+0xa2e8a3]
V  [libjvm.so+0xa337a7]
V  [libjvm.so+0xa31117]
V  [libjvm.so+0xa3241e]
V  [libjvm.so+0xa32912]
V  [libjvm.so+0x8838a2]

VM_Operation (0x00007fbcb209e2a0): ParallelGCFailedAllocation, mode: safepoint, requested by thread 0x00007fbc7c02a000


---------------  P R O C E S S  ---------------

Java Threads: ( => current thread )
  0x00007fbc5c001000 JavaThread "ForkJoinPool.commonPool-worker-7" daemon [_thread_blocked, id=6343, stack(0x00007fbcb126f000,0x00007fbcb1370000)]
  0x00007fbc70002800 JavaThread "ForkJoinPool.commonPool-worker-6" daemon [_thread_blocked, id=6342, stack(0x00007fbcb1370000,0x00007fbcb1471000)]
  0x00007fbc6c001000 JavaThread "ForkJoinPool.commonPool-worker-5" daemon [_thread_blocked, id=6341, stack(0x00007fbcb1471000,0x00007fbcb1572000)]
  0x00007fbc70001000 JavaThread "ForkJoinPool.commonPool-worker-4" daemon [_thread_blocked, id=6340, stack(0x00007fbcb1572000,0x00007fbcb1673000)]
  0x00007fbc78011000 JavaThread "ForkJoinPool.commonPool-worker-3" daemon [_thread_blocked, id=6339, stack(0x00007fbcb1673000,0x00007fbcb1774000)]
  0x00007fbc78016000 JavaThread "ForkJoinPool.commonPool-worker-2" daemon [_thread_blocked, id=6338, stack(0x00007fbcb1774000,0x00007fbcb1875000)]
  0x00007fbc7401b800 JavaThread "ForkJoinPool.commonPool-worker-1" daemon [_thread_blocked, id=6337, stack(0x00007fbcb1a75000,0x00007fbcb1b76000)]
  0x00007fbc7c02a000 JavaThread "Thread-3" [_thread_blocked, id=6336, stack(0x00007fbcb1f9f000,0x00007fbcb20a0000)]
  0x00007fbc7c002800 JavaThread "Timer-1" [_thread_blocked, id=6335, stack(0x00007fbcb22a0000,0x00007fbcb23a1000)]
  0x00007fbce800b800 JavaThread "DestroyJavaVM" [_thread_blocked, id=6313, stack(0x00007fbcf10a5000,0x00007fbcf11a6000)]
  0x00007fbce8461800 JavaThread "Thread-0" [_thread_in_native, id=6334, stack(0x00007fbcb23a1000,0x00007fbcb24a2000)]
  0x00007fbce8460000 JavaThread "Timer-0" [_thread_blocked, id=6333, stack(0x00007fbcb24a2000,0x00007fbcb25a3000)]
  0x00007fbce80cc800 JavaThread "Service Thread" daemon [_thread_blocked, id=6331, stack(0x00007fbcb29a2000,0x00007fbcb2aa3000)]
  0x00007fbce80c9000 JavaThread "C1 CompilerThread3" daemon [_thread_blocked, id=6330, stack(0x00007fbcb2aa3000,0x00007fbcb2ba4000)]
  0x00007fbce80c7000 JavaThread "C2 CompilerThread2" daemon [_thread_blocked, id=6329, stack(0x00007fbcb2ba4000,0x00007fbcb2ca5000)]
  0x00007fbce80c5000 JavaThread "C2 CompilerThread1" daemon [_thread_blocked, id=6327, stack(0x00007fbcb2ca5000,0x00007fbcb2da6000)]
  0x00007fbce80c2800 JavaThread "C2 CompilerThread0" daemon [_thread_blocked, id=6326, stack(0x00007fbcb2da6000,0x00007fbcb2ea7000)]
  0x00007fbce80be800 JavaThread "Signal Dispatcher" daemon [_thread_blocked, id=6325, stack(0x00007fbcb2ea7000,0x00007fbcb2fa8000)]
  0x00007fbce808d000 JavaThread "Finalizer" daemon [_thread_blocked, id=6324, stack(0x00007fbcb32f3000,0x00007fbcb33f4000)]
  0x00007fbce8088800 JavaThread "Reference Handler" daemon [_thread_blocked, id=6323, stack(0x00007fbcb33f4000,0x00007fbcb34f5000)]

Other Threads:
=>0x00007fbce8081000 VMThread [stack: 0x00007fbcb34f5000,0x00007fbcb35f6000] [id=6322]
  0x00007fbce80cf000 WatcherThread [stack: 0x00007fbcb28a1000,0x00007fbcb29a2000] [id=6332]

VM state:at safepoint (normal execution)

VM Mutex/Monitor currently owned by a thread:  ([mutex/lock_event])
[0x00007fbce8007a30] Threads_lock - owner thread: 0x00007fbce8081000
[0x00007fbce8007f30] Heap_lock - owner thread: 0x00007fbc7c02a000

Heap:
 PSYoungGen      total 426496K, used 224K [0x00000000d7180000, 0x00000000f2b00000, 0x0000000100000000)
  eden space 402432K, 0% used [0x00000000d7180000,0x00000000d7180000,0x00000000efa80000)
  from space 24064K, 0% used [0x00000000efa80000,0x00000000efab8000,0x00000000f1200000)
  to   space 22528K, 0% used [0x00000000f1200000,0x00000000f1200000,0x00000000f2800000)
 ParOldGen       total 84992K, used 64633K [0x0000000085400000, 0x000000008a700000, 0x00000000d7180000)
  object space 84992K, 76% used [0x0000000085400000,0x000000008931e768,0x000000008a700000)
 Metaspace       used 12412K, capacity 12696K, committed 12800K, reserved 1060864K
  class space    used 1468K, capacity 1530K, committed 1536K, reserved 1048576K

Card table byte_map: [0x00007fbced990000,0x00007fbcedd67000] byte_map_base: 0x00007fbced566000

Marking Bits: (ParMarkBitMap*) 0x00007fbcf03c1260
 Begin Bits: [0x00007fbcb82a0000, 0x00007fbcba150000)
 End Bits:   [0x00007fbcba150000, 0x00007fbcbc000000)

Polling page: 0x00007fbcf11e8000

CodeCache: size=245760Kb used=6870Kb max_used=6883Kb free=238889Kb
 bounds [0x00007fbcd9000000, 0x00007fbcd96c0000, 0x00007fbce8000000]
 total_blobs=2158 nmethods=1805 adapters=267
 compilation: enabled

Compilation events (10 events):
Event: 1.659 Thread 0x00007fbce80c5000 1831       4       kg.ash.javavi.searchers.PackagesLoader::appendEntry (50 bytes)
Event: 1.671 Thread 0x00007fbce80c7000 nmethod 1830 0x00007fbcd967aed0 code [0x00007fbcd967b060, 0x00007fbcd967b7e8]
Event: 1.672 Thread 0x00007fbce80c5000 nmethod 1831 0x00007fbcd9678d10 code [0x00007fbcd9678ea0, 0x00007fbcd96795e8]
Event: 1.745 Thread 0x00007fbce80c2800 1832 %     4       java.util.ArrayList::forEach @ 27 (75 bytes)
Event: 1.757 Thread 0x00007fbce80c2800 nmethod 1832% 0x00007fbcd96a72d0 code [0x00007fbcd96a74a0, 0x00007fbcd96a81e8]
Event: 1.883 Thread 0x00007fbce80c9000 1833       3       kg.ash.javavi.searchers.PackagesLoader::processClass (184 bytes)
Event: 1.883 Thread 0x00007fbce80c7000 1834       4       kg.ash.javavi.searchers.PackagesLoader::makeDots (16 bytes)
Event: 1.884 Thread 0x00007fbce80c9000 nmethod 1833 0x00007fbcd967bd90 code [0x00007fbcd967c100, 0x00007fbcd967df48]
Event: 1.894 Thread 0x00007fbce80c7000 nmethod 1834 0x00007fbcd96a3e10 code [0x00007fbcd96a4000, 0x00007fbcd96a49b0]
Event: 1.921 Thread 0x00007fbce80c5000 1835       4       kg.ash.javavi.searchers.PackagesLoader::processClass (184 bytes)

GC Heap History (10 events):
Event: 1.091 GC heap after
Heap after GC invocations=6 (full 0):
 PSYoungGen      total 149504K, used 7557K [0x00000000d7180000, 0x00000000e1980000, 0x0000000100000000)
  eden space 126976K, 0% used [0x00000000d7180000,0x00000000d7180000,0x00000000ded80000)
  from space 22528K, 33% used [0x00000000e0380000,0x00000000e0ae1638,0x00000000e1980000)
  to   space 22528K, 0% used [0x00000000ded80000,0x00000000ded80000,0x00000000e0380000)
 ParOldGen       total 84992K, used 43457K [0x0000000085400000, 0x000000008a700000, 0x00000000d7180000)
  object space 84992K, 51% used [0x0000000085400000,0x0000000087e707b8,0x000000008a700000)
 Metaspace       used 12410K, capacity 12696K, committed 12800K, reserved 1060864K
  class space    used 1468K, capacity 1530K, committed 1536K, reserved 1048576K
}
Event: 1.234 GC heap before
{Heap before GC invocations=7 (full 0):
 PSYoungGen      total 149504K, used 134533K [0x00000000d7180000, 0x00000000e1980000, 0x0000000100000000)
  eden space 126976K, 100% used [0x00000000d7180000,0x00000000ded80000,0x00000000ded80000)
  from space 22528K, 33% used [0x00000000e0380000,0x00000000e0ae1638,0x00000000e1980000)
  to   space 22528K, 0% used [0x00000000ded80000,0x00000000ded80000,0x00000000e0380000)
 ParOldGen       total 84992K, used 43457K [0x0000000085400000, 0x000000008a700000, 0x00000000d7180000)
  object space 84992K, 51% used [0x0000000085400000,0x0000000087e707b8,0x000000008a700000)
 Metaspace       used 12412K, capacity 12696K, committed 12800K, reserved 1060864K
  class space    used 1468K, capacity 1530K, committed 1536K, reserved 1048576K
Event: 1.248 GC heap after
Heap after GC invocations=7 (full 0):
 PSYoungGen      total 149504K, used 11005K [0x00000000d7180000, 0x00000000e9480000, 0x0000000100000000)
  eden space 126976K, 0% used [0x00000000d7180000,0x00000000d7180000,0x00000000ded80000)
  from space 22528K, 48% used [0x00000000ded80000,0x00000000df83f540,0x00000000e0380000)
  to   space 22016K, 0% used [0x00000000e7f00000,0x00000000e7f00000,0x00000000e9480000)
 ParOldGen       total 84992K, used 45124K [0x0000000085400000, 0x000000008a700000, 0x00000000d7180000)
  object space 84992K, 53% used [0x0000000085400000,0x00000000880111e8,0x000000008a700000)
 Metaspace       used 12412K, capacity 12696K, committed 12800K, reserved 1060864K
  class space    used 1468K, capacity 1530K, committed 1536K, reserved 1048576K
}
Event: 1.329 GC heap before
{Heap before GC invocations=8 (full 0):
 PSYoungGen      total 149504K, used 137981K [0x00000000d7180000, 0x00000000e9480000, 0x0000000100000000)
  eden space 126976K, 100% used [0x00000000d7180000,0x00000000ded80000,0x00000000ded80000)
  from space 22528K, 48% used [0x00000000ded80000,0x00000000df83f540,0x00000000e0380000)
  to   space 22016K, 0% used [0x00000000e7f00000,0x00000000e7f00000,0x00000000e9480000)
 ParOldGen       total 84992K, used 45124K [0x0000000085400000, 0x000000008a700000, 0x00000000d7180000)
  object space 84992K, 53% used [0x0000000085400000,0x00000000880111e8,0x000000008a700000)
 Metaspace       used 12412K, capacity 12696K, committed 12800K, reserved 1060864K
  class space    used 1468K, capacity 1530K, committed 1536K, reserved 1048576K
Event: 1.346 GC heap after
Heap after GC invocations=8 (full 0):
 PSYoungGen      total 274432K, used 18989K [0x00000000d7180000, 0x00000000e9780000, 0x0000000100000000)
  eden space 252416K, 0% used [0x00000000d7180000,0x00000000d7180000,0x00000000e6800000)
  from space 22016K, 86% used [0x00000000e7f00000,0x00000000e918b4f0,0x00000000e9480000)
  to   space 23552K, 0% used [0x00000000e6800000,0x00000000e6800000,0x00000000e7f00000)
 ParOldGen       total 84992K, used 45364K [0x0000000085400000, 0x000000008a700000, 0x00000000d7180000)
  object space 84992K, 53% used [0x0000000085400000,0x000000008804d248,0x000000008a700000)
 Metaspace       used 12412K, capacity 12696K, committed 12800K, reserved 1060864K
  class space    used 1468K, capacity 1530K, committed 1536K, reserved 1048576K
}
Event: 1.544 GC heap before
{Heap before GC invocations=9 (full 0):
 PSYoungGen      total 274432K, used 271405K [0x00000000d7180000, 0x00000000e9780000, 0x0000000100000000)
  eden space 252416K, 100% used [0x00000000d7180000,0x00000000e6800000,0x00000000e6800000)
  from space 22016K, 86% used [0x00000000e7f00000,0x00000000e918b4f0,0x00000000e9480000)
  to   space 23552K, 0% used [0x00000000e6800000,0x00000000e6800000,0x00000000e7f00000)
 ParOldGen       total 84992K, used 45364K [0x0000000085400000, 0x000000008a700000, 0x00000000d7180000)
  object space 84992K, 53% used [0x0000000085400000,0x000000008804d248,0x000000008a700000)
 Metaspace       used 12412K, capacity 12696K, committed 12800K, reserved 1060864K
  class space    used 1468K, capacity 1530K, committed 1536K, reserved 1048576K
Event: 1.552 GC heap after
Heap after GC invocations=9 (full 0):
 PSYoungGen      total 275968K, used 11984K [0x00000000d7180000, 0x00000000f2800000, 0x0000000100000000)
  eden space 252416K, 0% used [0x00000000d7180000,0x00000000d7180000,0x00000000e6800000)
  from space 23552K, 50% used [0x00000000e6800000,0x00000000e73b4020,0x00000000e7f00000)
  to   space 22528K, 0% used [0x00000000f1200000,0x00000000f1200000,0x00000000f2800000)
 ParOldGen       total 84992K, used 52409K [0x0000000085400000, 0x000000008a700000, 0x00000000d7180000)
  object space 84992K, 61% used [0x0000000085400000,0x000000008872e718,0x000000008a700000)
 Metaspace       used 12412K, capacity 12696K, committed 12800K, reserved 1060864K
  class space    used 1468K, capacity 1530K, committed 1536K, reserved 1048576K
}
Event: 1.678 GC heap before
{Heap before GC invocations=10 (full 0):
 PSYoungGen      total 275968K, used 264400K [0x00000000d7180000, 0x00000000f2800000, 0x0000000100000000)
  eden space 252416K, 100% used [0x00000000d7180000,0x00000000e6800000,0x00000000e6800000)
  from space 23552K, 50% used [0x00000000e6800000,0x00000000e73b4020,0x00000000e7f00000)
  to   space 22528K, 0% used [0x00000000f1200000,0x00000000f1200000,0x00000000f2800000)
 ParOldGen       total 84992K, used 52409K [0x0000000085400000, 0x000000008a700000, 0x00000000d7180000)
  object space 84992K, 61% used [0x0000000085400000,0x000000008872e718,0x000000008a700000)
 Metaspace       used 12412K, capacity 12696K, committed 12800K, reserved 1060864K
  class space    used 1468K, capacity 1530K, committed 1536K, reserved 1048576K
Event: 1.693 GC heap after
Heap after GC invocations=10 (full 0):
 PSYoungGen      total 424960K, used 416K [0x00000000d7180000, 0x00000000f2b00000, 0x0000000100000000)
  eden space 402432K, 0% used [0x00000000d7180000,0x00000000d7180000,0x00000000efa80000)
  from space 22528K, 1% used [0x00000000f1200000,0x00000000f1268000,0x00000000f2800000)
  to   space 24064K, 0% used [0x00000000efa80000,0x00000000efa80000,0x00000000f1200000)
 ParOldGen       total 84992K, used 64337K [0x0000000085400000, 0x000000008a700000, 0x00000000d7180000)
  object space 84992K, 75% used [0x0000000085400000,0x00000000892d4768,0x000000008a700000)
 Metaspace       used 12412K, capacity 12696K, committed 12800K, reserved 1060864K
  class space    used 1468K, capacity 1530K, committed 1536K, reserved 1048576K
}
Event: 1.935 GC heap before
{Heap before GC invocations=11 (full 0):
 PSYoungGen      total 424960K, used 402848K [0x00000000d7180000, 0x00000000f2b00000, 0x0000000100000000)
  eden space 402432K, 100% used [0x00000000d7180000,0x00000000efa80000,0x00000000efa80000)
  from space 22528K, 1% used [0x00000000f1200000,0x00000000f1268000,0x00000000f2800000)
  to   space 24064K, 0% used [0x00000000efa80000,0x00000000efa80000,0x00000000f1200000)
 ParOldGen       total 84992K, used 64337K [0x0000000085400000, 0x000000008a700000, 0x00000000d7180000)
  object space 84992K, 75% used [0x0000000085400000,0x00000000892d4768,0x000000008a700000)
 Metaspace       used 12412K, capacity 12696K, committed 12800K, reserved 1060864K
  class space    used 1468K, capacity 1530K, committed 1536K, reserved 1048576K

Deoptimization events (10 events):
Event: 1.005 Thread 0x00007fbc7c02a000 Uncommon trap: reason=class_check action=maybe_recompile pc=0x00007fbcd93e3900 method=java.util.regex.Pattern$BmpCharProperty.match(Ljava/util/regex/Matcher;ILjava/lang/CharSequence;)Z @ 16
Event: 1.005 Thread 0x00007fbc7c02a000 Uncommon trap: reason=unstable_if action=reinterpret pc=0x00007fbcd931eab0 method=java.util.regex.Pattern$BitClass.isSatisfiedBy(I)Z @ 13
Event: 1.005 Thread 0x00007fbc7c02a000 Uncommon trap: reason=bimorphic action=maybe_recompile pc=0x00007fbcd94723d4 method=java.util.regex.Pattern$Start.match(Ljava/util/regex/Matcher;ILjava/lang/CharSequence;)Z @ 44
Event: 1.005 Thread 0x00007fbc7c02a000 Uncommon trap: reason=bimorphic action=maybe_recompile pc=0x00007fbcd94723d4 method=java.util.regex.Pattern$Start.match(Ljava/util/regex/Matcher;ILjava/lang/CharSequence;)Z @ 44
Event: 1.005 Thread 0x00007fbc7c02a000 Uncommon trap: reason=bimorphic action=maybe_recompile pc=0x00007fbcd94723d4 method=java.util.regex.Pattern$Start.match(Ljava/util/regex/Matcher;ILjava/lang/CharSequence;)Z @ 44
Event: 1.274 Thread 0x00007fbc7c02a000 Uncommon trap: reason=class_check action=maybe_recompile pc=0x00007fbcd96524d8 method=java.util.HashMap.putVal(ILjava/lang/Object;Ljava/lang/Object;ZZ)Ljava/lang/Object; @ 203
Event: 1.634 Thread 0x00007fbc7c02a000 Uncommon trap: reason=unstable_if action=reinterpret pc=0x00007fbcd96b77e0 method=java.lang.String.startsWith(Ljava/lang/String;I)Z @ 25
Event: 1.635 Thread 0x00007fbc7c02a000 Uncommon trap: reason=unstable_if action=reinterpret pc=0x00007fbcd967f908 method=java.lang.String.startsWith(Ljava/lang/String;I)Z @ 25
Event: 1.635 Thread 0x00007fbc7c02a000 Uncommon trap: reason=unstable_if action=reinterpret pc=0x00007fbcd91543d0 method=java.lang.String.startsWith(Ljava/lang/String;I)Z @ 25
Event: 1.883 Thread 0x00007fbc7c02a000 Uncommon trap: reason=unstable_if action=reinterpret pc=0x00007fbcd969c60c method=kg.ash.javavi.searchers.PackagesLoader.processClass(Lkg/ash/javavi/searchers/PackageEntry;I)V @ 142

Internal exceptions (10 events):
Event: 0.411 Thread 0x00007fbce800b800 Exception <a 'java/lang/NoClassDefFoundError': javax/persistence/AttributeConverter> (0x00000000d89cc898) thrown at [/build/java8-openjdk/src/jdk8u-jdk8u121-b13/hotspot/src/share/vm/classfile/systemDictionary.cpp, line 199]
Event: 0.411 Thread 0x00007fbce800b800 Exception <a 'java/lang/NoClassDefFoundError'> (0x00000000d89cc898) thrown at [/build/java8-openjdk/src/jdk8u-jdk8u121-b13/hotspot/src/share/vm/prims/jvm.cpp, line 1394]
Event: 0.412 Thread 0x00007fbce800b800 Exception <a 'java/lang/NoClassDefFoundError': javax/persistence/AttributeConverter> (0x00000000d89dbdf8) thrown at [/build/java8-openjdk/src/jdk8u-jdk8u121-b13/hotspot/src/share/vm/classfile/systemDictionary.cpp, line 199]
Event: 0.412 Thread 0x00007fbce800b800 Exception <a 'java/lang/NoClassDefFoundError'> (0x00000000d89dbdf8) thrown at [/build/java8-openjdk/src/jdk8u-jdk8u121-b13/hotspot/src/share/vm/prims/jvm.cpp, line 1394]
Event: 0.447 Thread 0x00007fbce800b800 Exception <a 'java/io/FileNotFoundException'> (0x00000000d8d48518) thrown at [/build/java8-openjdk/src/jdk8u-jdk8u121-b13/hotspot/src/share/vm/prims/jni.cpp, line 709]
Event: 0.447 Thread 0x00007fbce800b800 Implicit null exception at 0x00007fbcd91f33b5 to 0x00007fbcd91f3765
Event: 0.447 Thread 0x00007fbce800b800 Implicit null exception at 0x00007fbcd91e0df6 to 0x00007fbcd91e11b1
Event: 0.486 Thread 0x00007fbce8461800 Exception <a 'java/lang/NoSuchFieldError': method resolution failed> (0x00000000d8f20e70) thrown at [/build/java8-openjdk/src/jdk8u-jdk8u121-b13/hotspot/src/share/vm/prims/methodHandles.cpp, line 1146]
Event: 0.487 Thread 0x00007fbce8461800 Exception <a 'java/lang/NoSuchFieldError': method resolution failed> (0x00000000d8f2e190) thrown at [/build/java8-openjdk/src/jdk8u-jdk8u121-b13/hotspot/src/share/vm/prims/methodHandles.cpp, line 1146]
Event: 0.501 Thread 0x00007fbc7c02a000 Exception <a 'java/io/FileNotFoundException'> (0x00000000d9020438) thrown at [/build/java8-openjdk/src/jdk8u-jdk8u121-b13/hotspot/src/share/vm/prims/jni.cpp, line 709]

Events (10 events):
Event: 1.635 Thread 0x00007fbc7c02a000 DEOPT PACKING pc=0x00007fbcd91543d0 sp=0x00007fbcb209e6c0
Event: 1.635 Thread 0x00007fbc7c02a000 DEOPT UNPACKING pc=0x00007fbcd9004f69 sp=0x00007fbcb209e658 mode 2
Event: 1.678 Executing VM operation: ParallelGCFailedAllocation
Event: 1.693 Executing VM operation: ParallelGCFailedAllocation done
Event: 1.767 Thread 0x00007fbc7c02a000 DEOPT PACKING pc=0x00007fbcd9673d41 sp=0x00007fbcb209e840
Event: 1.767 Thread 0x00007fbc7c02a000 DEOPT UNPACKING pc=0x00007fbcd9047373 sp=0x00007fbcb209e5f0 mode 0
Event: 1.883 Thread 0x00007fbc7c02a000 Uncommon trap: trap_request=0xffffff65 fr.pc=0x00007fbcd969c60c
Event: 1.883 Thread 0x00007fbc7c02a000 DEOPT PACKING pc=0x00007fbcd969c60c sp=0x00007fbcb209e7e0
Event: 1.883 Thread 0x00007fbc7c02a000 DEOPT UNPACKING pc=0x00007fbcd9004f69 sp=0x00007fbcb209e7c8 mode 2
Event: 1.935 Executing VM operation: ParallelGCFailedAllocation


Dynamic libraries:
00400000-00401000 r-xp 00000000 08:02 7472683                            /usr/lib/jvm/java-8-openjdk/jre/bin/java
00600000-00601000 r--p 00000000 08:02 7472683                            /usr/lib/jvm/java-8-openjdk/jre/bin/java
00601000-00602000 rw-p 00001000 08:02 7472683                            /usr/lib/jvm/java-8-openjdk/jre/bin/java
0209d000-020be000 rw-p 00000000 00:00 0                                  [heap]
85400000-8a700000 rw-p 00000000 00:00 0 
8a700000-d7180000 ---p 00000000 00:00 0 
d7180000-f2b00000 rw-p 00000000 00:00 0 
100000000-100180000 rw-p 00000000 00:00 0 
100180000-140000000 ---p 00000000 00:00 0 
7fbc5c000000-7fbc5c021000 rw-p 00000000 00:00 0 
7fbc5c021000-7fbc60000000 ---p 00000000 00:00 0 
7fbc60000000-7fbc60021000 rw-p 00000000 00:00 0 
7fbc60021000-7fbc64000000 ---p 00000000 00:00 0 
7fbc64000000-7fbc64021000 rw-p 00000000 00:00 0 
7fbc64021000-7fbc68000000 ---p 00000000 00:00 0 
7fbc68000000-7fbc68021000 rw-p 00000000 00:00 0 
7fbc68021000-7fbc6c000000 ---p 00000000 00:00 0 
7fbc6c000000-7fbc6c021000 rw-p 00000000 00:00 0 
7fbc6c021000-7fbc70000000 ---p 00000000 00:00 0 
7fbc70000000-7fbc70021000 rw-p 00000000 00:00 0 
7fbc70021000-7fbc74000000 ---p 00000000 00:00 0 
7fbc74000000-7fbc740d5000 rw-p 00000000 00:00 0 
7fbc740d5000-7fbc78000000 ---p 00000000 00:00 0 
7fbc78000000-7fbc78087000 rw-p 00000000 00:00 0 
7fbc78087000-7fbc7c000000 ---p 00000000 00:00 0 
7fbc7c000000-7fbc7c060000 rw-p 00000000 00:00 0 
7fbc7c060000-7fbc80000000 ---p 00000000 00:00 0 
7fbc80000000-7fbc80021000 rw-p 00000000 00:00 0 
7fbc80021000-7fbc84000000 ---p 00000000 00:00 0 
7fbc84000000-7fbc84021000 rw-p 00000000 00:00 0 
7fbc84021000-7fbc88000000 ---p 00000000 00:00 0 
7fbc88000000-7fbc88021000 rw-p 00000000 00:00 0 
7fbc88021000-7fbc8c000000 ---p 00000000 00:00 0 
7fbc8c000000-7fbc8c021000 rw-p 00000000 00:00 0 
7fbc8c021000-7fbc90000000 ---p 00000000 00:00 0 
7fbc90000000-7fbc906ab000 rw-p 00000000 00:00 0 
7fbc906ab000-7fbc94000000 ---p 00000000 00:00 0 
7fbc94000000-7fbc94b64000 rw-p 00000000 00:00 0 
7fbc94b64000-7fbc98000000 ---p 00000000 00:00 0 
7fbc98000000-7fbc98a72000 rw-p 00000000 00:00 0 
7fbc98a72000-7fbc9c000000 ---p 00000000 00:00 0 
7fbc9c000000-7fbc9c021000 rw-p 00000000 00:00 0 
7fbc9c021000-7fbca0000000 ---p 00000000 00:00 0 
7fbca0000000-7fbca0c20000 rw-p 00000000 00:00 0 
7fbca0c20000-7fbca4000000 ---p 00000000 00:00 0 
7fbca4000000-7fbca4021000 rw-p 00000000 00:00 0 
7fbca4021000-7fbca8000000 ---p 00000000 00:00 0 
7fbca8000000-7fbca8021000 rw-p 00000000 00:00 0 
7fbca8021000-7fbcac000000 ---p 00000000 00:00 0 
7fbcac000000-7fbcac021000 rw-p 00000000 00:00 0 
7fbcac021000-7fbcb0000000 ---p 00000000 00:00 0 
7fbcb126f000-7fbcb1272000 ---p 00000000 00:00 0 
7fbcb1272000-7fbcb1370000 rw-p 00000000 00:00 0 
7fbcb1370000-7fbcb1373000 ---p 00000000 00:00 0 
7fbcb1373000-7fbcb1471000 rw-p 00000000 00:00 0 
7fbcb1471000-7fbcb1474000 ---p 00000000 00:00 0 
7fbcb1474000-7fbcb1572000 rw-p 00000000 00:00 0 
7fbcb1572000-7fbcb1575000 ---p 00000000 00:00 0 
7fbcb1575000-7fbcb1673000 rw-p 00000000 00:00 0 
7fbcb1673000-7fbcb1676000 ---p 00000000 00:00 0 
7fbcb1676000-7fbcb1774000 rw-p 00000000 00:00 0 
7fbcb1774000-7fbcb1777000 ---p 00000000 00:00 0 
7fbcb1777000-7fbcb1975000 rw-p 00000000 00:00 0 
7fbcb1975000-7fbcb1a75000 ---p 00000000 00:00 0 
7fbcb1a75000-7fbcb1a78000 ---p 00000000 00:00 0 
7fbcb1a78000-7fbcb1b76000 rw-p 00000000 00:00 0 
7fbcb1b76000-7fbcb1b87000 r-xp 00000000 08:02 7472745                    /usr/lib/jvm/java-8-openjdk/jre/lib/amd64/libnio.so
7fbcb1b87000-7fbcb1d86000 ---p 00011000 08:02 7472745                    /usr/lib/jvm/java-8-openjdk/jre/lib/amd64/libnio.so
7fbcb1d86000-7fbcb1d87000 r--p 00010000 08:02 7472745                    /usr/lib/jvm/java-8-openjdk/jre/lib/amd64/libnio.so
7fbcb1d87000-7fbcb1d88000 rw-p 00011000 08:02 7472745                    /usr/lib/jvm/java-8-openjdk/jre/lib/amd64/libnio.so
7fbcb1d88000-7fbcb1d9e000 r-xp 00000000 08:02 7472758                    /usr/lib/jvm/java-8-openjdk/jre/lib/amd64/libnet.so
7fbcb1d9e000-7fbcb1f9d000 ---p 00016000 08:02 7472758                    /usr/lib/jvm/java-8-openjdk/jre/lib/amd64/libnet.so
7fbcb1f9d000-7fbcb1f9e000 r--p 00015000 08:02 7472758                    /usr/lib/jvm/java-8-openjdk/jre/lib/amd64/libnet.so
7fbcb1f9e000-7fbcb1f9f000 rw-p 00016000 08:02 7472758                    /usr/lib/jvm/java-8-openjdk/jre/lib/amd64/libnet.so
7fbcb1f9f000-7fbcb1fa2000 ---p 00000000 00:00 0 
7fbcb1fa2000-7fbcb22a0000 rw-p 00000000 00:00 0 
7fbcb22a0000-7fbcb22a3000 ---p 00000000 00:00 0 
7fbcb22a3000-7fbcb23a1000 rw-p 00000000 00:00 0 
7fbcb23a1000-7fbcb23a4000 ---p 00000000 00:00 0 
7fbcb23a4000-7fbcb24a2000 rw-p 00000000 00:00 0 
7fbcb24a2000-7fbcb24a5000 ---p 00000000 00:00 0 
7fbcb24a5000-7fbcb25a3000 rw-p 00000000 00:00 0 
7fbcb25a3000-7fbcb25ab000 r-xp 00000000 08:02 7472740                    /usr/lib/jvm/java-8-openjdk/jre/lib/amd64/libmanagement.so
7fbcb25ab000-7fbcb27aa000 ---p 00008000 08:02 7472740                    /usr/lib/jvm/java-8-openjdk/jre/lib/amd64/libmanagement.so
7fbcb27aa000-7fbcb27ab000 r--p 00007000 08:02 7472740                    /usr/lib/jvm/java-8-openjdk/jre/lib/amd64/libmanagement.so
7fbcb27ab000-7fbcb27ac000 rw-p 00008000 08:02 7472740                    /usr/lib/jvm/java-8-openjdk/jre/lib/amd64/libmanagement.so
7fbcb27ac000-7fbcb28a1000 r--s 02010000 08:02 3433109                    /home/mj/android-sdks/platforms/android-25/android.jar
7fbcb28a1000-7fbcb28a2000 ---p 00000000 00:00 0 
7fbcb28a2000-7fbcb29a2000 rw-p 00000000 00:00 0 
7fbcb29a2000-7fbcb29a5000 ---p 00000000 00:00 0 
7fbcb29a5000-7fbcb2aa3000 rw-p 00000000 00:00 0 
7fbcb2aa3000-7fbcb2aa6000 ---p 00000000 00:00 0 
7fbcb2aa6000-7fbcb2ba4000 rw-p 00000000 00:00 0 
7fbcb2ba4000-7fbcb2ba7000 ---p 00000000 00:00 0 
7fbcb2ba7000-7fbcb2ca5000 rw-p 00000000 00:00 0 
7fbcb2ca5000-7fbcb2ca8000 ---p 00000000 00:00 0 
7fbcb2ca8000-7fbcb2da6000 rw-p 00000000 00:00 0 
7fbcb2da6000-7fbcb2da9000 ---p 00000000 00:00 0 
7fbcb2da9000-7fbcb2ea7000 rw-p 00000000 00:00 0 
7fbcb2ea7000-7fbcb2eaa000 ---p 00000000 00:00 0 
7fbcb2eaa000-7fbcb2fa8000 rw-p 00000000 00:00 0 
7fbcb2fa8000-7fbcb32f3000 r--p 00000000 08:02 5558209                    /usr/lib/locale/locale-archive
7fbcb32f3000-7fbcb32f6000 ---p 00000000 00:00 0 
7fbcb32f6000-7fbcb33f4000 rw-p 00000000 00:00 0 
7fbcb33f4000-7fbcb33f7000 ---p 00000000 00:00 0 
7fbcb33f7000-7fbcb34f5000 rw-p 00000000 00:00 0 
7fbcb34f5000-7fbcb34f6000 ---p 00000000 00:00 0 
7fbcb34f6000-7fbcb4000000 rw-p 00000000 00:00 0 
7fbcb4000000-7fbcb4021000 rw-p 00000000 00:00 0 
7fbcb4021000-7fbcb8000000 ---p 00000000 00:00 0 
7fbcb8062000-7fbcb806c000 r--s 00116000 08:02 7472702                    /usr/lib/jvm/java-8-openjdk/jre/lib/ext/localedata.jar
7fbcb806c000-7fbcb8088000 r--s 00393000 08:02 7472699                    /usr/lib/jvm/java-8-openjdk/jre/lib/ext/cldrdata.jar
7fbcb8088000-7fbcb809e000 r--s 000a7000 08:02 1323461                    /home/mj/.android/build-cache/1863b0863c306f83740d464d320b703e4cb21c3b/output/jars/classes.jar
7fbcb809e000-7fbcbc000000 rw-p 00000000 00:00 0 
7fbcbc000000-7fbcbc021000 rw-p 00000000 00:00 0 
7fbcbc021000-7fbcc0000000 ---p 00000000 00:00 0 
7fbcc0000000-7fbcc0021000 rw-p 00000000 00:00 0 
7fbcc0021000-7fbcc4000000 ---p 00000000 00:00 0 
7fbcc4000000-7fbcc4021000 rw-p 00000000 00:00 0 
7fbcc4021000-7fbcc8000000 ---p 00000000 00:00 0 
7fbcc8000000-7fbcc8021000 rw-p 00000000 00:00 0 
7fbcc8021000-7fbccc000000 ---p 00000000 00:00 0 
7fbccc000000-7fbccc021000 rw-p 00000000 00:00 0 
7fbccc021000-7fbcd0000000 ---p 00000000 00:00 0 
7fbcd0000000-7fbcd0021000 rw-p 00000000 00:00 0 
7fbcd0021000-7fbcd4000000 ---p 00000000 00:00 0 
7fbcd4000000-7fbcd4021000 rw-p 00000000 00:00 0 
7fbcd4021000-7fbcd8000000 ---p 00000000 00:00 0 
7fbcd8006000-7fbcd800e000 r--s 00047000 08:02 1576401                    /home/mj/.android/build-cache/e010e05b47b40e968afdaf00d8ef3eb00ddc274b/output/jars/classes.jar
7fbcd800e000-7fbcd8011000 r--s 00026000 08:02 1576377                    /home/mj/.android/build-cache/0417b9d79f7e1f6df77e56f122595b254323d12b/output/jars/classes.jar
7fbcd8011000-7fbcd803d000 rw-p 00000000 00:00 0 
7fbcd803d000-7fbcd8042000 r--s 0003c000 08:02 7484416                    /home/mj/.android/build-cache/5b3397d2eb82c293b00d40001d0ad508e386617b/output/jars/classes.jar
7fbcd8042000-7fbcd8049000 r--s 00050000 08:02 1577152                    /home/mj/.android/build-cache/c9fc9e8502a41cc8eb18061c2c0505d351b72b9a/output/jars/classes.jar
7fbcd8049000-7fbcd804c000 r--s 00017000 08:02 1447197                    /home/mj/.android/build-cache/2d771226a757bd279f24bb6ae66df0cd43667b29/output/jars/classes.jar
7fbcd804c000-7fbcd8050000 r--s 00016000 08:02 1704351                    /home/mj/.android/build-cache/aceec83172c2c27c248873feade19e16024e2db6/output/jars/classes.jar
7fbcd8050000-7fbcd806d000 r--s 00125000 08:02 5243428                    /home/mj/.cache/vimfiles/repos/github.com/artur-shaik/vim-javacomplete2/libs/javavi_log4j-core.jar
7fbcd806d000-7fbcd9000000 rw-p 00000000 00:00 0 
7fbcd9000000-7fbcd96c0000 rwxp 00000000 00:00 0 
7fbcd96c0000-7fbce8000000 ---p 00000000 00:00 0 
7fbce8000000-7fbce8463000 rw-p 00000000 00:00 0 
7fbce8463000-7fbcec000000 ---p 00000000 00:00 0 
7fbcec000000-7fbcec002000 r--s 00008000 08:02 7487809                    /home/mj/.gradle/caches/modules-2/files-2.1/org.jacoco/org.jacoco.ant/0.7.5.201505241946/929ea3871a1f11e63b86f092061141cd7c790c9/org.jacoco.ant-0.7.5.201505241946.jar
7fbcec002000-7fbcec008000 r--s 00052000 08:02 1577238                    /home/mj/.android/build-cache/78e09e029eb7590f966efd46dbc2f7618b43f560/output/jars/classes.jar
7fbcec008000-7fbcec00d000 r--s 00032000 08:02 5243427                    /home/mj/.cache/vimfiles/repos/github.com/artur-shaik/vim-javacomplete2/libs/javavi_log4j-api.jar
7fbcec00d000-7fbcec0de000 rw-p 00000000 00:00 0 
7fbcec0de000-7fbcec2ad000 r--s 03c05000 08:02 6173116                    /usr/lib/jvm/java-8-openjdk/jre/lib/rt.jar
7fbcec2ad000-7fbcecef9000 rw-p 00000000 00:00 0 
7fbcecef9000-7fbcecefa000 ---p 00000000 00:00 0 
7fbcecefa000-7fbcecffa000 rw-p 00000000 00:00 0 
7fbcecffa000-7fbcecffb000 ---p 00000000 00:00 0 
7fbcecffb000-7fbced0fb000 rw-p 00000000 00:00 0 
7fbced0fb000-7fbced0fc000 ---p 00000000 00:00 0 
7fbced0fc000-7fbced1fc000 rw-p 00000000 00:00 0 
7fbced1fc000-7fbced1fd000 ---p 00000000 00:00 0 
7fbced1fd000-7fbced2fd000 rw-p 00000000 00:00 0 
7fbced2fd000-7fbced2fe000 ---p 00000000 00:00 0 
7fbced2fe000-7fbced3fe000 rw-p 00000000 00:00 0 
7fbced3fe000-7fbced3ff000 ---p 00000000 00:00 0 
7fbced3ff000-7fbced4ff000 rw-p 00000000 00:00 0 
7fbced4ff000-7fbced500000 ---p 00000000 00:00 0 
7fbced500000-7fbced600000 rw-p 00000000 00:00 0 
7fbced600000-7fbced601000 ---p 00000000 00:00 0 
7fbced601000-7fbced72b000 rw-p 00000000 00:00 0 
7fbced72b000-7fbced990000 ---p 00000000 00:00 0 
7fbced990000-7fbced9ba000 rw-p 00000000 00:00 0 
7fbced9ba000-7fbcedc1e000 ---p 00000000 00:00 0 
7fbcedc1e000-7fbcedcfc000 rw-p 00000000 00:00 0 
7fbcedcfc000-7fbcedd66000 ---p 00000000 00:00 0 
7fbcedd66000-7fbcedd82000 rw-p 00000000 00:00 0 
7fbcedd82000-7fbcee127000 ---p 00000000 00:00 0 
7fbcee127000-7fbcee12f000 r-xp 00000000 08:02 7472760                    /usr/lib/jvm/java-8-openjdk/jre/lib/amd64/libzip.so
7fbcee12f000-7fbcee32e000 ---p 00008000 08:02 7472760                    /usr/lib/jvm/java-8-openjdk/jre/lib/amd64/libzip.so
7fbcee32e000-7fbcee32f000 r--p 00007000 08:02 7472760                    /usr/lib/jvm/java-8-openjdk/jre/lib/amd64/libzip.so
7fbcee32f000-7fbcee330000 rw-p 00008000 08:02 7472760                    /usr/lib/jvm/java-8-openjdk/jre/lib/amd64/libzip.so
7fbcee330000-7fbcee33b000 r-xp 00000000 08:02 5507099                    /usr/lib/libnss_files-2.25.so
7fbcee33b000-7fbcee53a000 ---p 0000b000 08:02 5507099                    /usr/lib/libnss_files-2.25.so
7fbcee53a000-7fbcee53b000 r--p 0000a000 08:02 5507099                    /usr/lib/libnss_files-2.25.so
7fbcee53b000-7fbcee53c000 rw-p 0000b000 08:02 5507099                    /usr/lib/libnss_files-2.25.so
7fbcee53c000-7fbcee542000 rw-p 00000000 00:00 0 
7fbcee542000-7fbcee54d000 r-xp 00000000 08:02 5507097                    /usr/lib/libnss_nis-2.25.so
7fbcee54d000-7fbcee74c000 ---p 0000b000 08:02 5507097                    /usr/lib/libnss_nis-2.25.so
7fbcee74c000-7fbcee74d000 r--p 0000a000 08:02 5507097                    /usr/lib/libnss_nis-2.25.so
7fbcee74d000-7fbcee74e000 rw-p 0000b000 08:02 5507097                    /usr/lib/libnss_nis-2.25.so
7fbcee74e000-7fbcee763000 r-xp 00000000 08:02 5507093                    /usr/lib/libnsl-2.25.so
7fbcee763000-7fbcee962000 ---p 00015000 08:02 5507093                    /usr/lib/libnsl-2.25.so
7fbcee962000-7fbcee963000 r--p 00014000 08:02 5507093                    /usr/lib/libnsl-2.25.so
7fbcee963000-7fbcee964000 rw-p 00015000 08:02 5507093                    /usr/lib/libnsl-2.25.so
7fbcee964000-7fbcee966000 rw-p 00000000 00:00 0 
7fbcee966000-7fbcee96d000 r-xp 00000000 08:02 5507140                    /usr/lib/libnss_compat-2.25.so
7fbcee96d000-7fbceeb6c000 ---p 00007000 08:02 5507140                    /usr/lib/libnss_compat-2.25.so
7fbceeb6c000-7fbceeb6d000 r--p 00006000 08:02 5507140                    /usr/lib/libnss_compat-2.25.so
7fbceeb6d000-7fbceeb6e000 rw-p 00007000 08:02 5507140                    /usr/lib/libnss_compat-2.25.so
7fbceeb6e000-7fbceeb9b000 r-xp 00000000 08:02 7472756                    /usr/lib/jvm/java-8-openjdk/jre/lib/amd64/libjava.so
7fbceeb9b000-7fbceed9a000 ---p 0002d000 08:02 7472756                    /usr/lib/jvm/java-8-openjdk/jre/lib/amd64/libjava.so
7fbceed9a000-7fbceed9b000 r--p 0002c000 08:02 7472756                    /usr/lib/jvm/java-8-openjdk/jre/lib/amd64/libjava.so
7fbceed9b000-7fbceed9d000 rw-p 0002d000 08:02 7472756                    /usr/lib/jvm/java-8-openjdk/jre/lib/amd64/libjava.so
7fbceed9d000-7fbceedaa000 r-xp 00000000 08:02 7472737                    /usr/lib/jvm/java-8-openjdk/jre/lib/amd64/libverify.so
7fbceedaa000-7fbceefa9000 ---p 0000d000 08:02 7472737                    /usr/lib/jvm/java-8-openjdk/jre/lib/amd64/libverify.so
7fbceefa9000-7fbceefab000 r--p 0000c000 08:02 7472737                    /usr/lib/jvm/java-8-openjdk/jre/lib/amd64/libverify.so
7fbceefab000-7fbceefac000 rw-p 0000e000 08:02 7472737                    /usr/lib/jvm/java-8-openjdk/jre/lib/amd64/libverify.so
7fbceefac000-7fbceefb3000 r-xp 00000000 08:02 5507091                    /usr/lib/librt-2.25.so
7fbceefb3000-7fbcef1b2000 ---p 00007000 08:02 5507091                    /usr/lib/librt-2.25.so
7fbcef1b2000-7fbcef1b3000 r--p 00006000 08:02 5507091                    /usr/lib/librt-2.25.so
7fbcef1b3000-7fbcef1b4000 rw-p 00007000 08:02 5507091                    /usr/lib/librt-2.25.so
7fbcef1b4000-7fbcef2c6000 r-xp 00000000 08:02 5507094                    /usr/lib/libm-2.25.so
7fbcef2c6000-7fbcef4c5000 ---p 00112000 08:02 5507094                    /usr/lib/libm-2.25.so
7fbcef4c5000-7fbcef4c6000 r--p 00111000 08:02 5507094                    /usr/lib/libm-2.25.so
7fbcef4c6000-7fbcef4c7000 rw-p 00112000 08:02 5507094                    /usr/lib/libm-2.25.so
7fbcef4c7000-7fbcf00f2000 r-xp 00000000 08:02 7472765                    /usr/lib/jvm/java-8-openjdk/jre/lib/amd64/server/libjvm.so
7fbcf00f2000-7fbcf02f1000 ---p 00c2b000 08:02 7472765                    /usr/lib/jvm/java-8-openjdk/jre/lib/amd64/server/libjvm.so
7fbcf02f1000-7fbcf0385000 r--p 00c2a000 08:02 7472765                    /usr/lib/jvm/java-8-openjdk/jre/lib/amd64/server/libjvm.so
7fbcf0385000-7fbcf03ae000 rw-p 00cbe000 08:02 7472765                    /usr/lib/jvm/java-8-openjdk/jre/lib/amd64/server/libjvm.so
7fbcf03ae000-7fbcf03de000 rw-p 00000000 00:00 0 
7fbcf03de000-7fbcf0579000 r-xp 00000000 08:02 5507218                    /usr/lib/libc-2.25.so
7fbcf0579000-7fbcf0778000 ---p 0019b000 08:02 5507218                    /usr/lib/libc-2.25.so
7fbcf0778000-7fbcf077c000 r--p 0019a000 08:02 5507218                    /usr/lib/libc-2.25.so
7fbcf077c000-7fbcf077e000 rw-p 0019e000 08:02 5507218                    /usr/lib/libc-2.25.so
7fbcf077e000-7fbcf0782000 rw-p 00000000 00:00 0 
7fbcf0782000-7fbcf0785000 r-xp 00000000 08:02 5507095                    /usr/lib/libdl-2.25.so
7fbcf0785000-7fbcf0984000 ---p 00003000 08:02 5507095                    /usr/lib/libdl-2.25.so
7fbcf0984000-7fbcf0985000 r--p 00002000 08:02 5507095                    /usr/lib/libdl-2.25.so
7fbcf0985000-7fbcf0986000 rw-p 00003000 08:02 5507095                    /usr/lib/libdl-2.25.so
7fbcf0986000-7fbcf0993000 r-xp 00000000 08:02 7472768                    /usr/lib/jvm/java-8-openjdk/jre/lib/amd64/jli/libjli.so
7fbcf0993000-7fbcf0b92000 ---p 0000d000 08:02 7472768                    /usr/lib/jvm/java-8-openjdk/jre/lib/amd64/jli/libjli.so
7fbcf0b92000-7fbcf0b93000 r--p 0000c000 08:02 7472768                    /usr/lib/jvm/java-8-openjdk/jre/lib/amd64/jli/libjli.so
7fbcf0b93000-7fbcf0b94000 rw-p 0000d000 08:02 7472768                    /usr/lib/jvm/java-8-openjdk/jre/lib/amd64/jli/libjli.so
7fbcf0b94000-7fbcf0baa000 r-xp 00000000 08:02 5515653                    /usr/lib/libz.so.1.2.11
7fbcf0baa000-7fbcf0da9000 ---p 00016000 08:02 5515653                    /usr/lib/libz.so.1.2.11
7fbcf0da9000-7fbcf0daa000 r--p 00015000 08:02 5515653                    /usr/lib/libz.so.1.2.11
7fbcf0daa000-7fbcf0dab000 rw-p 00016000 08:02 5515653                    /usr/lib/libz.so.1.2.11
7fbcf0dab000-7fbcf0dc4000 r-xp 00000000 08:02 5507237                    /usr/lib/libpthread-2.25.so
7fbcf0dc4000-7fbcf0fc3000 ---p 00019000 08:02 5507237                    /usr/lib/libpthread-2.25.so
7fbcf0fc3000-7fbcf0fc4000 r--p 00018000 08:02 5507237                    /usr/lib/libpthread-2.25.so
7fbcf0fc4000-7fbcf0fc5000 rw-p 00019000 08:02 5507237                    /usr/lib/libpthread-2.25.so
7fbcf0fc5000-7fbcf0fc9000 rw-p 00000000 00:00 0 
7fbcf0fc9000-7fbcf0fec000 r-xp 00000000 08:02 5507219                    /usr/lib/ld-2.25.so
7fbcf0fec000-7fbcf0fed000 r--s 0003e000 08:02 7487799                    /home/mj/.gradle/caches/modules-2/files-2.1/org.jacoco/org.jacoco.agent/0.7.5.201505241946/2f0308aaf7b3f2e133d410de8af49739cb0964aa/org.jacoco.agent-0.7.5.201505241946.jar
7fbcf0fed000-7fbcf0fef000 r--s 00004000 08:02 6438468                    /home/mj/android-sdks/extras/android/m2repository/com/android/support/support-annotations/25.3.1/support-annotations-25.3.1.jar
7fbcf0fef000-7fbcf0ff0000 r--s 00003000 08:02 1576424                    /home/mj/.android/build-cache/b28b5b0daad92cf4f753547e147c180ec5d988dc/output/jars/classes.jar
7fbcf0ff0000-7fbcf0ff1000 r--s 00000000 08:02 1576412                    /home/mj/.android/build-cache/01889cc04e7420fbd1f82a76c2961b8e919fbb1c/output/jars/classes.jar
7fbcf0ff1000-7fbcf0ff5000 r--s 0001f000 08:02 6709136                    /home/mj/.gradle/caches/modules-2/files-2.1/org.jacoco/org.jacoco.report/0.7.5.201505241946/cb1ac5562a45c98cd7b774452f3e8b867b71cd65/org.jacoco.report-0.7.5.201505241946.jar
7fbcf0ff5000-7fbcf0ff7000 r--s 00002000 08:02 7223792                    /home/mj/.android/build-cache/619c5da92d0590bd41063d84398772ced2bcf2c9/output/jars/classes.jar
7fbcf0ff7000-7fbcf0ffc000 r--s 00053000 08:02 5243320                    /home/mj/.cache/vimfiles/repos/github.com/artur-shaik/vim-javacomplete2/libs/javaparser.jar
7fbcf0ffc000-7fbcf1000000 r--s 0001d000 08:02 6709134                    /home/mj/.gradle/caches/modules-2/files-2.1/org.jacoco/org.jacoco.core/0.7.5.201505241946/1ea906dc5201d2a1bc0604f8650534d4bcaf4c95/org.jacoco.core-0.7.5.201505241946.jar
7fbcf1000000-7fbcf1001000 r--s 00002000 08:02 7220726                    /home/mj/.android/build-cache/e9fba9ff66935b5f8340e38e26031f84dd7c25a1/output/jars/classes.jar
7fbcf1001000-7fbcf10a5000 rw-p 00000000 00:00 0 
7fbcf10a5000-7fbcf10a8000 ---p 00000000 00:00 0 
7fbcf10a8000-7fbcf11a8000 rw-p 00000000 00:00 0 
7fbcf11a8000-7fbcf11ad000 r--s 00058000 08:02 1970738                    /home/mj/.gradle/caches/modules-2/files-2.1/org.ow2.asm/asm-debug-all/5.0.1/f69b5f7d96cec0d448acf1c1a266584170c9643b/asm-debug-all-5.0.1.jar
7fbcf11ad000-7fbcf11ae000 r--s 00009000 08:02 2100666                    /home/mj/.android/build-cache/639b980cecdbde820085d93e2511c6d4c899ae2b/output/jars/classes.jar
7fbcf11ae000-7fbcf11b8000 r--s 000a0000 08:02 1576438                    /home/mj/.android/build-cache/e989540b6106ad8b8da9482202d03f8d01153784/output/jars/classes.jar
7fbcf11b8000-7fbcf11df000 rw-p 00000000 00:00 0 
7fbcf11df000-7fbcf11e7000 rw-s 00000000 00:24 978831                     /tmp/hsperfdata_mj/6312
7fbcf11e7000-7fbcf11e8000 rw-p 00000000 00:00 0 
7fbcf11e8000-7fbcf11e9000 ---p 00000000 00:00 0 
7fbcf11e9000-7fbcf11eb000 rw-p 00000000 00:00 0 
7fbcf11eb000-7fbcf11ec000 r--p 00022000 08:02 5507219                    /usr/lib/ld-2.25.so
7fbcf11ec000-7fbcf11ed000 rw-p 00023000 08:02 5507219                    /usr/lib/ld-2.25.so
7fbcf11ed000-7fbcf11ee000 rw-p 00000000 00:00 0 
7ffc26dd1000-7ffc26df3000 rw-p 00000000 00:00 0                          [stack]
7ffc26df7000-7ffc26df9000 r--p 00000000 00:00 0                          [vvar]
7ffc26df9000-7ffc26dfb000 r-xp 00000000 00:00 0                          [vdso]
ffffffffff600000-ffffffffff601000 r-xp 00000000 00:00 0                  [vsyscall]

VM Arguments:
jvm_args: -Ddaemon.port=52751 -Dlog4j.configurationFile=/home/mj/.cache/vimfiles/repos/github.com/artur-shaik/vim-javacomplete2/libs/javavi/target/classes/log4j2.xml 
java_command: kg.ash.javavi.Javavi -sources /home/mj/work/TimeManager/Client/app/src:/home/mj/work/TimeManager/MyApplication/app/src: -t 300 -base /home/mj/.cache/javacomplete2/ -compiler javac -project _home_mj_work_TimeManager_Client_build_gradle -D 52751
java_class_path (initial): /home/mj/.android/build-cache/e989540b6106ad8b8da9482202d03f8d01153784/output/jars/classes.jar:/home/mj/.android/build-cache/639b980cecdbde820085d93e2511c6d4c899ae2b/output/jars/classes.jar:/home/mj/work/TimeManager/Client/app/build/intermediates/classes/debugCLASSPATH:/home/mj/.cache/vimfiles/repos/github.com/artur-shaik/vim-javacomplete2/libs/javavi_log4j-core.jar:/usr/lib/jvm/java-8-openjdk/jre/lib:/home/mj/.gradle/caches/modules-2/files-2.1/org.ow2.asm/asm-debug-all/5.0.1/f69b5f7d96cec0d448acf1c1a266584170c9643b/asm-debug-all-5.0.1.jar:/home/mj/.android/build-cache/e9fba9ff66935b5f8340e38e26031f84dd7c25a1/output/jars/classes.jar:/home/mj/.gradle/caches/modules-2/files-2.1/org.jacoco/org.jacoco.core/0.7.5.201505241946/1ea906dc5201d2a1bc0604f8650534d4bcaf4c95/org.jacoco.core-0.7.5.201505241946.jar:.:/home/mj/.cache/vimfiles/repos/github.com/artur-shaik/vim-javacomplete2/libs/javaparser.jar:/home/mj/.android/build-cache/619c5da92d0590bd41063d84398772ced2bcf2c9/output/jars/classes.jar:/home/mj/work/TimeManager/Client/app/src/release/java:/home/mj/.gradle/caches/modules-2/files-2.1/org.jacoco/org.jacoco.report/0.7.5.201505241946/cb1ac5562a45c98cd7b774452f3e8b867b71cd65/org.jacoco.report-0.7.5.201505241946.jar:/home/mj/.android/build-cache/01889cc04e7420fbd1f82a76c2961b8e919fbb1c/output/jars/classes.jar:/home/mj/.cache/vimfiles/repos/github.com/artur-shaik/vim-javacomplete2/libs/javavi/target/classes:/home/mj/.android/build-cache/b28b5b0daad92cf4f753547e147c180ec5d988dc/output/jars/classes.jar:/home/mj/.cache/vimfiles/repos/github.com/artur-shaik/vim-javacomplete2/libs/javavi_log4j-api.jar:/home/mj/android-sdks/extras/android/m2repository/com/android/support/support-annotations/25.3.1/support-annotations-25.3.1.jar:/home/mj/work/TimeManager/Client/app/src/main/java:/home/mj/.android/build-cache/78e09e029eb7590f966efd46dbc2f7618b43f560/output/jars/classes.jar:/home/mj/.android/build-cache/aceec83172c2c27c248873feade19e16024e2db6/output/jars
Launcher Type: SUN_STANDARD

Environment Variables:
PATH=/usr/lib/git-core:/home/mj/.config/composer/vendor/bin/:/usr/local/sbin:/usr/local/bin:/usr/bin:/usr/lib/jvm/default/bin:/usr/bin/site_perl:/usr/bin/vendor_perl:/usr/bin/core_perl
SHELL=/bin/zsh
DISPLAY=:0

Signal Handlers:
SIGSEGV: [libjvm.so+0xa2d880], sa_mask[0]=11111111011111111101111111111110, sa_flags=SA_RESTART|SA_SIGINFO
SIGBUS: [libjvm.so+0xa2d880], sa_mask[0]=11111111011111111101111111111110, sa_flags=SA_RESTART|SA_SIGINFO
SIGFPE: [libjvm.so+0x881d40], sa_mask[0]=11111111011111111101111111111110, sa_flags=SA_RESTART|SA_SIGINFO
SIGPIPE: [libjvm.so+0x881d40], sa_mask[0]=11111111011111111101111111111110, sa_flags=SA_RESTART|SA_SIGINFO
SIGXFSZ: [libjvm.so+0x881d40], sa_mask[0]=11111111011111111101111111111110, sa_flags=SA_RESTART|SA_SIGINFO
SIGILL: [libjvm.so+0x881d40], sa_mask[0]=11111111011111111101111111111110, sa_flags=SA_RESTART|SA_SIGINFO
SIGUSR1: SIG_DFL, sa_mask[0]=00000000000000000000000000000000, sa_flags=none
SIGUSR2: [libjvm.so+0x881c10], sa_mask[0]=00000000000000000000000000000000, sa_flags=SA_RESTART|SA_SIGINFO
SIGHUP: [libjvm.so+0x882080], sa_mask[0]=11111111011111111101111111111110, sa_flags=SA_RESTART|SA_SIGINFO
SIGINT: [libjvm.so+0x882080], sa_mask[0]=11111111011111111101111111111110, sa_flags=SA_RESTART|SA_SIGINFO
SIGTERM: [libjvm.so+0x882080], sa_mask[0]=11111111011111111101111111111110, sa_flags=SA_RESTART|SA_SIGINFO
SIGQUIT: [libjvm.so+0x882080], sa_mask[0]=11111111011111111101111111111110, sa_flags=SA_RESTART|SA_SIGINFO


---------------  S Y S T E M  ---------------

OS:LSB_VERSION=1.4
DISTRIB_ID=Arch
DISTRIB_RELEASE=rolling
DISTRIB_DESCRIPTION="Arch Linux"

uname:Linux 4.10.11-1-ARCH #1 SMP PREEMPT Tue Apr 18 08:39:42 CEST 2017 x86_64
libc:glibc 2.25 NPTL 2.25 
rlimit: STACK 8192k, CORE infinity, NPROC 31107, NOFILE 4096, AS infinity
load average:0.85 1.03 0.96

/proc/meminfo:
MemTotal:        8037312 kB
MemFree:          134648 kB
MemAvailable:      30584 kB
Buffers:             872 kB
Cached:           745800 kB
SwapCached:            0 kB
Active:          6156620 kB
Inactive:         735512 kB
Active(anon):    6149116 kB
Inactive(anon):   723840 kB
Active(file):       7504 kB
Inactive(file):    11672 kB
Unevictable:          40 kB
Mlocked:              40 kB
SwapTotal:             0 kB
SwapFree:              0 kB
Dirty:               192 kB
Writeback:             0 kB
AnonPages:       6146632 kB
Mapped:           987044 kB
Shmem:            726436 kB
Slab:             121440 kB
SReclaimable:      55148 kB
SUnreclaim:        66292 kB
KernelStack:       15616 kB
PageTables:        84600 kB
NFS_Unstable:          0 kB
Bounce:                0 kB
WritebackTmp:          0 kB
CommitLimit:     4018656 kB
Committed_AS:   13440820 kB
VmallocTotal:   34359738367 kB
VmallocUsed:           0 kB
VmallocChunk:          0 kB
HardwareCorrupted:     0 kB
AnonHugePages:   2039808 kB
ShmemHugePages:        0 kB
ShmemPmdMapped:        0 kB
HugePages_Total:       0
HugePages_Free:        0
HugePages_Rsvd:        0
HugePages_Surp:        0
Hugepagesize:       2048 kB
DirectMap4k:      240944 kB
DirectMap2M:     8005632 kB
DirectMap1G:     1048576 kB


CPU:total 8 (4 cores per cpu, 2 threads per core) family 6 model 94 stepping 3, cmov, cx8, fxsr, mmx, sse, sse2, sse3, ssse3, sse4.1, sse4.2, popcnt, avx, avx2, aes, clmul, erms, rtm, 3dnowpref, lzcnt, ht, tsc, tscinvbit, bmi1, bmi2, adx

/proc/cpuinfo:
processor	: 0
vendor_id	: GenuineIntel
cpu family	: 6
model		: 94
model name	: Intel(R) Core(TM) i7-6700HQ CPU @ 2.60GHz
stepping	: 3
microcode	: 0x9e
cpu MHz		: 3185.253
cache size	: 6144 KB
physical id	: 0
siblings	: 8
core id		: 0
cpu cores	: 4
apicid		: 0
initial apicid	: 0
fpu		: yes
fpu_exception	: yes
cpuid level	: 22
wp		: yes
flags		: fpu vme de pse tsc msr pae mce cx8 apic sep mtrr pge mca cmov pat pse36 clflush dts acpi mmx fxsr sse sse2 ss ht tm pbe syscall nx pdpe1gb rdtscp lm constant_tsc art arch_perfmon pebs bts rep_good nopl xtopology nonstop_tsc aperfmperf tsc_known_freq pni pclmulqdq dtes64 monitor ds_cpl vmx est tm2 ssse3 sdbg fma cx16 xtpr pdcm pcid sse4_1 sse4_2 x2apic movbe popcnt tsc_deadline_timer aes xsave avx f16c rdrand lahf_lm abm 3dnowprefetch epb intel_pt tpr_shadow vnmi flexpriority ept vpid fsgsbase tsc_adjust bmi1 hle avx2 smep bmi2 erms invpcid rtm mpx rdseed adx smap clflushopt xsaveopt xsavec xgetbv1 xsaves dtherm ida arat pln pts hwp hwp_notify hwp_act_window hwp_epp
bugs		:
bogomips	: 5186.00
clflush size	: 64
cache_alignment	: 64
address sizes	: 39 bits physical, 48 bits virtual
power management:

processor	: 1
vendor_id	: GenuineIntel
cpu family	: 6
model		: 94
model name	: Intel(R) Core(TM) i7-6700HQ CPU @ 2.60GHz
stepping	: 3
microcode	: 0x9e
cpu MHz		: 3139.392
cache size	: 6144 KB
physical id	: 0
siblings	: 8
core id		: 1
cpu cores	: 4
apicid		: 2
initial apicid	: 2
fpu		: yes
fpu_exception	: yes
cpuid level	: 22
wp		: yes
flags		: fpu vme de pse tsc msr pae mce cx8 apic sep mtrr pge mca cmov pat pse36 clflush dts acpi mmx fxsr sse sse2 ss ht tm pbe syscall nx pdpe1gb rdtscp lm constant_tsc art arch_perfmon pebs bts rep_good nopl xtopology nonstop_tsc aperfmperf tsc_known_freq pni pclmulqdq dtes64 monitor ds_cpl vmx est tm2 ssse3 sdbg fma cx16 xtpr pdcm pcid sse4_1 sse4_2 x2apic movbe popcnt tsc_deadline_timer aes xsave avx f16c rdrand lahf_lm abm 3dnowprefetch epb intel_pt tpr_shadow vnmi flexpriority ept vpid fsgsbase tsc_adjust bmi1 hle avx2 smep bmi2 erms invpcid rtm mpx rdseed adx smap clflushopt xsaveopt xsavec xgetbv1 xsaves dtherm ida arat pln pts hwp hwp_notify hwp_act_window hwp_epp
bugs		:
bogomips	: 5187.23
clflush size	: 64
cache_alignment	: 64
address sizes	: 39 bits physical, 48 bits virtual
power management:

processor	: 2
vendor_id	: GenuineIntel
cpu family	: 6
model		: 94
model name	: Intel(R) Core(TM) i7-6700HQ CPU @ 2.60GHz
stepping	: 3
microcode	: 0x9e
cpu MHz		: 3326.171
cache size	: 6144 KB
physical id	: 0
siblings	: 8
core id		: 2
cpu cores	: 4
apicid		: 4
initial apicid	: 4
fpu		: yes
fpu_exception	: yes
cpuid level	: 22
wp		: yes
flags		: fpu vme de pse tsc msr pae mce cx8 apic sep mtrr pge mca cmov pat pse36 clflush dts acpi mmx fxsr sse sse2 ss ht tm pbe syscall nx pdpe1gb rdtscp lm constant_tsc art arch_perfmon pebs bts rep_good nopl xtopology nonstop_tsc aperfmperf tsc_known_freq pni pclmulqdq dtes64 monitor ds_cpl vmx est tm2 ssse3 sdbg fma cx16 xtpr pdcm pcid sse4_1 sse4_2 x2apic movbe popcnt tsc_deadline_timer aes xsave avx f16c rdrand lahf_lm abm 3dnowprefetch epb intel_pt tpr_shadow vnmi flexpriority ept vpid fsgsbase tsc_adjust bmi1 hle avx2 smep bmi2 erms invpcid rtm mpx rdseed adx smap clflushopt xsaveopt xsavec xgetbv1 xsaves dtherm ida arat pln pts hwp hwp_notify hwp_act_window hwp_epp
bugs		:
bogomips	: 5187.27
clflush size	: 64
cache_alignment	: 64
address sizes	: 39 bits physical, 48 bits virtual
power management:

processor	: 3
vendor_id	: GenuineIntel
cpu family	: 6
model		: 94
model name	: Intel(R) Core(TM) i7-6700HQ CPU @ 2.60GHz
stepping	: 3
microcode	: 0x9e
cpu MHz		: 3261.901
cache size	: 6144 KB
physical id	: 0
siblings	: 8
core id		: 3
cpu cores	: 4
apicid		: 6
initial apicid	: 6
fpu		: yes
fpu_exception	: yes
cpuid level	: 22
wp		: yes
flags		: fpu vme de pse tsc msr pae mce cx8 apic sep mtrr pge mca cmov pat pse36 clflush dts acpi mmx fxsr sse sse2 ss ht tm pbe syscall nx pdpe1gb rdtscp lm constant_tsc art arch_perfmon pebs bts rep_good nopl xtopology nonstop_tsc aperfmperf tsc_known_freq pni pclmulqdq dtes64 monitor ds_cpl vmx est tm2 ssse3 sdbg fma cx16 xtpr pdcm pcid sse4_1 sse4_2 x2apic movbe popcnt tsc_deadline_timer aes xsave avx f16c rdrand lahf_lm abm 3dnowprefetch epb intel_pt tpr_shadow vnmi flexpriority ept vpid fsgsbase tsc_adjust bmi1 hle avx2 smep bmi2 erms invpcid rtm mpx rdseed adx smap clflushopt xsaveopt xsavec xgetbv1 xsaves dtherm ida arat pln pts hwp hwp_notify hwp_act_window hwp_epp
bugs		:
bogomips	: 5187.26
clflush size	: 64
cache_alignment	: 64
address sizes	: 39 bits physical, 48 bits virtual
power management:

processor	: 4
vendor_id	: GenuineIntel
cpu family	: 6
model		: 94
model name	: Intel(R) Core(TM) i7-6700HQ CPU @ 2.60GHz
stepping	: 3
microcode	: 0x9e
cpu MHz		: 3226.989
cache size	: 6144 KB
physical id	: 0
siblings	: 8
core id		: 0
cpu cores	: 4
apicid		: 1
initial apicid	: 1
fpu		: yes
fpu_exception	: yes
cpuid level	: 22
wp		: yes
flags		: fpu vme de pse tsc msr pae mce cx8 apic sep mtrr pge mca cmov pat pse36 clflush dts acpi mmx fxsr sse sse2 ss ht tm pbe syscall nx pdpe1gb rdtscp lm constant_tsc art arch_perfmon pebs bts rep_good nopl xtopology nonstop_tsc aperfmperf tsc_known_freq pni pclmulqdq dtes64 monitor ds_cpl vmx est tm2 ssse3 sdbg fma cx16 xtpr pdcm pcid sse4_1 sse4_2 x2apic movbe popcnt tsc_deadline_timer aes xsave avx f16c rdrand lahf_lm abm 3dnowprefetch epb intel_pt tpr_shadow vnmi flexpriority ept vpid fsgsbase tsc_adjust bmi1 hle avx2 smep bmi2 erms invpcid rtm mpx rdseed adx smap clflushopt xsaveopt xsavec xgetbv1 xsaves dtherm ida arat pln pts hwp hwp_notify hwp_act_window hwp_epp
bugs		:
bogomips	: 5187.78
clflush size	: 64
cache_alignment	: 64
address sizes	: 39 bits physical, 48 bits virtual
power management:

processor	: 5
vendor_id	: GenuineIntel
cpu family	: 6
model		: 94
model name	: Intel(R) Core(TM) i7-6700HQ CPU @ 2.60GHz
stepping	: 3
microcode	: 0x9e
cpu MHz		: 3111.145
cache size	: 6144 KB
physical id	: 0
siblings	: 8
core id		: 1
cpu cores	: 4
apicid		: 3
initial apicid	: 3
fpu		: yes
fpu_exception	: yes
cpuid level	: 22
wp		: yes
flags		: fpu vme de pse tsc msr pae mce cx8 apic sep mtrr pge mca cmov pat pse36 clflush dts acpi mmx fxsr sse sse2 ss ht tm pbe syscall nx pdpe1gb rdtscp lm constant_tsc art arch_perfmon pebs bts rep_good nopl xtopology nonstop_tsc aperfmperf tsc_known_freq pni pclmulqdq dtes64 monitor ds_cpl vmx est tm2 ssse3 sdbg fma cx16 xtpr pdcm pcid sse4_1 sse4_2 x2apic movbe popcnt tsc_deadline_timer aes xsave avx f16c rdrand lahf_lm abm 3dnowprefetch epb intel_pt tpr_shadow vnmi flexpriority ept vpid fsgsbase tsc_adjust bmi1 hle avx2 smep bmi2 erms invpcid rtm mpx rdseed adx smap clflushopt xsaveopt xsavec xgetbv1 xsaves dtherm ida arat pln pts hwp hwp_notify hwp_act_window hwp_epp
bugs		:
bogomips	: 5187.28
clflush size	: 64
cache_alignment	: 64
address sizes	: 39 bits physical, 48 bits virtual
power management:

processor	: 6
vendor_id	: GenuineIntel
cpu family	: 6
model		: 94
model name	: Intel(R) Core(TM) i7-6700HQ CPU @ 2.60GHz
stepping	: 3
microcode	: 0x9e
cpu MHz		: 3298.083
cache size	: 6144 KB
physical id	: 0
siblings	: 8
core id		: 2
cpu cores	: 4
apicid		: 5
initial apicid	: 5
fpu		: yes
fpu_exception	: yes
cpuid level	: 22
wp		: yes
flags		: fpu vme de pse tsc msr pae mce cx8 apic sep mtrr pge mca cmov pat pse36 clflush dts acpi mmx fxsr sse sse2 ss ht tm pbe syscall nx pdpe1gb rdtscp lm constant_tsc art arch_perfmon pebs bts rep_good nopl xtopology nonstop_tsc aperfmperf tsc_known_freq pni pclmulqdq dtes64 monitor ds_cpl vmx est tm2 ssse3 sdbg fma cx16 xtpr pdcm pcid sse4_1 sse4_2 x2apic movbe popcnt tsc_deadline_timer aes xsave avx f16c rdrand lahf_lm abm 3dnowprefetch epb intel_pt tpr_shadow vnmi flexpriority ept vpid fsgsbase tsc_adjust bmi1 hle avx2 smep bmi2 erms invpcid rtm mpx rdseed adx smap clflushopt xsaveopt xsavec xgetbv1 xsaves dtherm ida arat pln pts hwp hwp_notify hwp_act_window hwp_epp
bugs		:
bogomips	: 5187.30
clflush size	: 64
cache_alignment	: 64
address sizes	: 39 bits physical, 48 bits virtual
power management:

processor	: 7
vendor_id	: GenuineIntel
cpu family	: 6
model		: 94
model name	: Intel(R) Core(TM) i7-6700HQ CPU @ 2.60GHz
stepping	: 3
microcode	: 0x9e
cpu MHz		: 3277.294
cache size	: 6144 KB
physical id	: 0
siblings	: 8
core id		: 3
cpu cores	: 4
apicid		: 7
initial apicid	: 7
fpu		: yes
fpu_exception	: yes
cpuid level	: 22
wp		: yes
flags		: fpu vme de pse tsc msr pae mce cx8 apic sep mtrr pge mca cmov pat pse36 clflush dts acpi mmx fxsr sse sse2 ss ht tm pbe syscall nx pdpe1gb rdtscp lm constant_tsc art arch_perfmon pebs bts rep_good nopl xtopology nonstop_tsc aperfmperf tsc_known_freq pni pclmulqdq dtes64 monitor ds_cpl vmx est tm2 ssse3 sdbg fma cx16 xtpr pdcm pcid sse4_1 sse4_2 x2apic movbe popcnt tsc_deadline_timer aes xsave avx f16c rdrand lahf_lm abm 3dnowprefetch epb intel_pt tpr_shadow vnmi flexpriority ept vpid fsgsbase tsc_adjust bmi1 hle avx2 smep bmi2 erms invpcid rtm mpx rdseed adx smap clflushopt xsaveopt xsavec xgetbv1 xsaves dtherm ida arat pln pts hwp hwp_notify hwp_act_window hwp_epp
bugs		:
bogomips	: 5187.30
clflush size	: 64
cache_alignment	: 64
address sizes	: 39 bits physical, 48 bits virtual
power management:



Memory: 4k page, physical 8037312k(134648k free), swap 0k(0k free)

vm_info: OpenJDK 64-Bit Server VM (25.121-b13) for linux-amd64 JRE (1.8.0_121-b13), built on Jan 22 2017 09:22:31 by "builduser" with gcc 6.3.1 20170109

time: Tue May  2 20:23:55 2017
elapsed time: 1 seconds (0d 0h 0m 1s)

