#
# There is insufficient memory for the Java Runtime Environment to continue.
# Native memory allocation (mmap) failed to map 136839168 bytes for committing reserved memory.
# Possible reasons:
#   The system is out of physical RAM or swap space
#   In 32 bit mode, the process size limit was hit
# Possible solutions:
#   Reduce memory load on the system
#   Increase physical memory or swap space
#   Check if swap backing store is full
#   Use 64 bit Java on a 64 bit OS
#   Decrease Java heap size (-Xmx/-Xms)
#   Decrease number of Java threads
#   Decrease Java thread stack sizes (-Xss)
#   Set larger code cache with -XX:ReservedCodeCacheSize=
# This output file may be truncated or incomplete.
#
#  Out of Memory Error (os_linux.cpp:2627), pid=5579, tid=0x00007f54b5fa5700
#
# JRE version: OpenJDK Runtime Environment (8.0_121-b13) (build 1.8.0_121-b13)
# Java VM: OpenJDK 64-Bit Server VM (25.121-b13 mixed mode linux-amd64 compressed oops)
# Core dump written. Default location: /home/mj/work/TimeManager/core or core.5579
#

---------------  T H R E A D  ---------------

Current thread (0x00007f54d4081000):  VMThread [stack: 0x00007f54b5ea5000,0x00007f54b5fa6000] [id=5589]

Stack: [0x00007f54b5ea5000,0x00007f54b5fa6000],  sp=0x00007f54b5fa4550,  free space=1021k
Native frames: (J=compiled Java code, j=interpreted, Vv=VM code, C=native code)
V  [libjvm.so+0xa2ce3b]
V  [libjvm.so+0x4b2387]
V  [libjvm.so+0x885fd0]
V  [libjvm.so+0x880d0f]
V  [libjvm.so+0x8f879e]
V  [libjvm.so+0x8f9a4b]
V  [libjvm.so+0x8f620b]
V  [libjvm.so+0x8f64dc]
V  [libjvm.so+0x8a9383]
V  [libjvm.so+0xa2e8a3]
V  [libjvm.so+0xa337a7]
V  [libjvm.so+0xa31117]
V  [libjvm.so+0xa3241e]
V  [libjvm.so+0xa32912]
V  [libjvm.so+0x8838a2]

VM_Operation (0x00007f54b49bc5d0): ParallelGCFailedAllocation, mode: safepoint, requested by thread 0x00007f546c02a000


---------------  P R O C E S S  ---------------

Java Threads: ( => current thread )
  0x00007f5454004800 JavaThread "ForkJoinPool.commonPool-worker-7" daemon [_thread_blocked, id=5609, stack(0x00007f54afa45000,0x00007f54afb46000)]
  0x00007f5454002800 JavaThread "ForkJoinPool.commonPool-worker-6" daemon [_thread_blocked, id=5608, stack(0x00007f54afb46000,0x00007f54afc47000)]
  0x00007f5454001000 JavaThread "ForkJoinPool.commonPool-worker-5" daemon [_thread_blocked, id=5607, stack(0x00007f54afc47000,0x00007f54afd48000)]
  0x00007f5450001000 JavaThread "ForkJoinPool.commonPool-worker-4" daemon [_thread_blocked, id=5606, stack(0x00007f54afdfe000,0x00007f54afeff000)]
  0x00007f545802d000 JavaThread "ForkJoinPool.commonPool-worker-3" daemon [_thread_blocked, id=5605, stack(0x00007f54afeff000,0x00007f54b0000000)]
  0x00007f5458022800 JavaThread "ForkJoinPool.commonPool-worker-2" daemon [_thread_blocked, id=5604, stack(0x00007f54b4047000,0x00007f54b4148000)]
  0x00007f5464019000 JavaThread "ForkJoinPool.commonPool-worker-1" daemon [_thread_blocked, id=5603, stack(0x00007f54b4393000,0x00007f54b4494000)]
  0x00007f546c02a000 JavaThread "Thread-3" [_thread_blocked, id=5602, stack(0x00007f54b48bd000,0x00007f54b49be000)]
  0x00007f546c002800 JavaThread "Timer-1" [_thread_blocked, id=5601, stack(0x00007f54b4bbe000,0x00007f54b4cbf000)]
  0x00007f54d400b800 JavaThread "DestroyJavaVM" [_thread_blocked, id=5580, stack(0x00007f54db95c000,0x00007f54dba5d000)]
  0x00007f54d443f800 JavaThread "Thread-0" [_thread_in_native, id=5600, stack(0x00007f54b4cbf000,0x00007f54b4dc0000)]
  0x00007f54d443e000 JavaThread "Timer-0" [_thread_blocked, id=5599, stack(0x00007f54b4dc0000,0x00007f54b4ec1000)]
  0x00007f54d40d4800 JavaThread "Service Thread" daemon [_thread_blocked, id=5597, stack(0x00007f54b5352000,0x00007f54b5453000)]
  0x00007f54d40c9000 JavaThread "C1 CompilerThread3" daemon [_thread_blocked, id=5596, stack(0x00007f54b5453000,0x00007f54b5554000)]
  0x00007f54d40c7000 JavaThread "C2 CompilerThread2" daemon [_thread_blocked, id=5595, stack(0x00007f54b5554000,0x00007f54b5655000)]
  0x00007f54d40c5000 JavaThread "C2 CompilerThread1" daemon [_thread_blocked, id=5594, stack(0x00007f54b5655000,0x00007f54b5756000)]
  0x00007f54d40c2800 JavaThread "C2 CompilerThread0" daemon [_thread_blocked, id=5593, stack(0x00007f54b5756000,0x00007f54b5857000)]
  0x00007f54d40be800 JavaThread "Signal Dispatcher" daemon [_thread_blocked, id=5592, stack(0x00007f54b5857000,0x00007f54b5958000)]
  0x00007f54d408d000 JavaThread "Finalizer" daemon [_thread_blocked, id=5591, stack(0x00007f54b5ca3000,0x00007f54b5da4000)]
  0x00007f54d4088800 JavaThread "Reference Handler" daemon [_thread_blocked, id=5590, stack(0x00007f54b5da4000,0x00007f54b5ea5000)]

Other Threads:
=>0x00007f54d4081000 VMThread [stack: 0x00007f54b5ea5000,0x00007f54b5fa6000] [id=5589]
  0x00007f54d40d7000 WatcherThread [stack: 0x00007f54b5251000,0x00007f54b5352000] [id=5598]

VM state:at safepoint (normal execution)

VM Mutex/Monitor currently owned by a thread:  ([mutex/lock_event])
[0x00007f54d4007a30] Threads_lock - owner thread: 0x00007f54d4081000
[0x00007f54d4007f30] Heap_lock - owner thread: 0x00007f546c02a000

Heap:
 PSYoungGen      total 429568K, used 224K [0x00000000d7180000, 0x00000000f2d80000, 0x0000000100000000)
  eden space 405504K, 0% used [0x00000000d7180000,0x00000000d7180000,0x00000000efd80000)
  from space 24064K, 0% used [0x00000000efd80000,0x00000000efdb8000,0x00000000f1500000)
  to   space 23040K, 0% used [0x00000000f1500000,0x00000000f1500000,0x00000000f2b80000)
 ParOldGen       total 123904K, used 60349K [0x0000000085400000, 0x000000008cd00000, 0x00000000d7180000)
  object space 123904K, 48% used [0x0000000085400000,0x0000000088eef740,0x000000008cd00000)
 Metaspace       used 12374K, capacity 12632K, committed 12800K, reserved 1060864K
  class space    used 1466K, capacity 1530K, committed 1536K, reserved 1048576K

Card table byte_map: [0x00007f54d8247000,0x00007f54d861e000] byte_map_base: 0x00007f54d7e1d000

Marking Bits: (ParMarkBitMap*) 0x00007f54dac78260
 Begin Bits: [0x00007f54bc2a0000, 0x00007f54be150000)
 End Bits:   [0x00007f54be150000, 0x00007f54c0000000)

Polling page: 0x00007f54dba9f000

CodeCache: size=245760Kb used=6932Kb max_used=6949Kb free=238827Kb
 bounds [0x00007f54c5000000, 0x00007f54c56e0000, 0x00007f54d4000000]
 total_blobs=2110 nmethods=1757 adapters=267
 compilation: enabled

Compilation events (10 events):
Event: 1.676 Thread 0x00007f54d40c2800 1788       4       kg.ash.javavi.searchers.PackagesLoader$$Lambda$20/419777469::accept (12 bytes)
Event: 1.680 Thread 0x00007f54d40c7000 1789       4       kg.ash.javavi.searchers.PackagesLoader::appendEntry (50 bytes)
Event: 1.686 Thread 0x00007f54d40c2800 nmethod 1788 0x00007f54c569e890 code [0x00007f54c569ea20, 0x00007f54c569f1a8]
Event: 1.690 Thread 0x00007f54d40c7000 nmethod 1789 0x00007f54c569ffd0 code [0x00007f54c56a0160, 0x00007f54c56a08a8]
Event: 1.908 Thread 0x00007f54d40c5000 1790 %     4       java.util.ArrayList::forEach @ 27 (75 bytes)
Event: 1.922 Thread 0x00007f54d40c5000 nmethod 1790% 0x00007f54c56a1390 code [0x00007f54c56a1560, 0x00007f54c56a2288]
Event: 2.047 Thread 0x00007f54d40c9000 1791       3       kg.ash.javavi.searchers.PackagesLoader::processClass (184 bytes)
Event: 2.049 Thread 0x00007f54d40c9000 nmethod 1791 0x00007f54c56af1d0 code [0x00007f54c56af540, 0x00007f54c56b1388]
Event: 2.085 Thread 0x00007f54d40c2800 1792       4       kg.ash.javavi.searchers.PackagesLoader::processClass (184 bytes)
Event: 2.112 Thread 0x00007f54d40c2800 nmethod 1792 0x00007f54c56c3710 code [0x00007f54c56c39e0, 0x00007f54c56c51a0]

GC Heap History (10 events):
Event: 1.259 GC heap after
Heap after GC invocations=7 (full 0):
 PSYoungGen      total 151552K, used 9518K [0x00000000d7180000, 0x00000000e9880000, 0x0000000100000000)
  eden space 126976K, 0% used [0x00000000d7180000,0x00000000d7180000,0x00000000ded80000)
  from space 24576K, 38% used [0x00000000ded80000,0x00000000df6cbad8,0x00000000e0580000)
  to   space 24064K, 0% used [0x00000000e8100000,0x00000000e8100000,0x00000000e9880000)
 ParOldGen       total 84992K, used 47574K [0x0000000085400000, 0x000000008a700000, 0x00000000d7180000)
  object space 84992K, 55% used [0x0000000085400000,0x0000000088275bc8,0x000000008a700000)
 Metaspace       used 12374K, capacity 12632K, committed 12800K, reserved 1060864K
  class space    used 1466K, capacity 1530K, committed 1536K, reserved 1048576K
}
Event: 1.348 GC heap before
{Heap before GC invocations=8 (full 0):
 PSYoungGen      total 151552K, used 136494K [0x00000000d7180000, 0x00000000e9880000, 0x0000000100000000)
  eden space 126976K, 100% used [0x00000000d7180000,0x00000000ded80000,0x00000000ded80000)
  from space 24576K, 38% used [0x00000000ded80000,0x00000000df6cbad8,0x00000000e0580000)
  to   space 24064K, 0% used [0x00000000e8100000,0x00000000e8100000,0x00000000e9880000)
 ParOldGen       total 84992K, used 47574K [0x0000000085400000, 0x000000008a700000, 0x00000000d7180000)
  object space 84992K, 55% used [0x0000000085400000,0x0000000088275bc8,0x000000008a700000)
 Metaspace       used 12374K, capacity 12632K, committed 12800K, reserved 1060864K
  class space    used 1466K, capacity 1530K, committed 1536K, reserved 1048576K
Event: 1.363 GC heap after
Heap after GC invocations=8 (full 0):
 PSYoungGen      total 278016K, used 15726K [0x00000000d7180000, 0x00000000e9880000, 0x0000000100000000)
  eden space 253952K, 0% used [0x00000000d7180000,0x00000000d7180000,0x00000000e6980000)
  from space 24064K, 65% used [0x00000000e8100000,0x00000000e905ba78,0x00000000e9880000)
  to   space 24064K, 0% used [0x00000000e6980000,0x00000000e6980000,0x00000000e8100000)
 ParOldGen       total 84992K, used 49239K [0x0000000085400000, 0x000000008a700000, 0x00000000d7180000)
  object space 84992K, 57% used [0x0000000085400000,0x0000000088415c28,0x000000008a700000)
 Metaspace       used 12374K, capacity 12632K, committed 12800K, reserved 1060864K
  class space    used 1466K, capacity 1530K, committed 1536K, reserved 1048576K
}
Event: 1.558 GC heap before
{Heap before GC invocations=9 (full 0):
 PSYoungGen      total 278016K, used 269678K [0x00000000d7180000, 0x00000000e9880000, 0x0000000100000000)
  eden space 253952K, 100% used [0x00000000d7180000,0x00000000e6980000,0x00000000e6980000)
  from space 24064K, 65% used [0x00000000e8100000,0x00000000e905ba78,0x00000000e9880000)
  to   space 24064K, 0% used [0x00000000e6980000,0x00000000e6980000,0x00000000e8100000)
 ParOldGen       total 84992K, used 49239K [0x0000000085400000, 0x000000008a700000, 0x00000000d7180000)
  object space 84992K, 57% used [0x0000000085400000,0x0000000088415c28,0x000000008a700000)
 Metaspace       used 12374K, capacity 12632K, committed 12800K, reserved 1060864K
  class space    used 1466K, capacity 1530K, committed 1536K, reserved 1048576K
Event: 1.572 GC heap after
Heap after GC invocations=9 (full 0):
 PSYoungGen      total 278016K, used 11984K [0x00000000d7180000, 0x00000000f2b80000, 0x0000000100000000)
  eden space 253952K, 0% used [0x00000000d7180000,0x00000000d7180000,0x00000000e6980000)
  from space 24064K, 49% used [0x00000000e6980000,0x00000000e7534020,0x00000000e8100000)
  to   space 23040K, 0% used [0x00000000f1500000,0x00000000f1500000,0x00000000f2b80000)
 ParOldGen       total 84992K, used 54444K [0x0000000085400000, 0x000000008a700000, 0x00000000d7180000)
  object space 84992K, 64% used [0x0000000085400000,0x000000008892b0f8,0x000000008a700000)
 Metaspace       used 12374K, capacity 12632K, committed 12800K, reserved 1060864K
  class space    used 1466K, capacity 1530K, committed 1536K, reserved 1048576K
}
Event: 1.705 GC heap before
{Heap before GC invocations=10 (full 0):
 PSYoungGen      total 278016K, used 265936K [0x00000000d7180000, 0x00000000f2b80000, 0x0000000100000000)
  eden space 253952K, 100% used [0x00000000d7180000,0x00000000e6980000,0x00000000e6980000)
  from space 24064K, 49% used [0x00000000e6980000,0x00000000e7534020,0x00000000e8100000)
  to   space 23040K, 0% used [0x00000000f1500000,0x00000000f1500000,0x00000000f2b80000)
 ParOldGen       total 84992K, used 54444K [0x0000000085400000, 0x000000008a700000, 0x00000000d7180000)
  object space 84992K, 64% used [0x0000000085400000,0x000000008892b0f8,0x000000008a700000)
 Metaspace       used 12374K, capacity 12632K, committed 12800K, reserved 1060864K
  class space    used 1466K, capacity 1530K, committed 1536K, reserved 1048576K
Event: 1.725 GC heap after
Heap after GC invocations=10 (full 0):
 PSYoungGen      total 428544K, used 416K [0x00000000d7180000, 0x00000000f2d80000, 0x0000000100000000)
  eden space 405504K, 0% used [0x00000000d7180000,0x00000000d7180000,0x00000000efd80000)
  from space 23040K, 1% used [0x00000000f1500000,0x00000000f1568000,0x00000000f2b80000)
  to   space 24064K, 0% used [0x00000000efd80000,0x00000000efd80000,0x00000000f1500000)
 ParOldGen       total 84992K, used 66380K [0x0000000085400000, 0x000000008a700000, 0x00000000d7180000)
  object space 84992K, 78% used [0x0000000085400000,0x00000000894d3148,0x000000008a700000)
 Metaspace       used 12374K, capacity 12632K, committed 12800K, reserved 1060864K
  class space    used 1466K, capacity 1530K, committed 1536K, reserved 1048576K
}
Event: 1.725 GC heap before
{Heap before GC invocations=11 (full 1):
 PSYoungGen      total 428544K, used 416K [0x00000000d7180000, 0x00000000f2d80000, 0x0000000100000000)
  eden space 405504K, 0% used [0x00000000d7180000,0x00000000d7180000,0x00000000efd80000)
  from space 23040K, 1% used [0x00000000f1500000,0x00000000f1568000,0x00000000f2b80000)
  to   space 24064K, 0% used [0x00000000efd80000,0x00000000efd80000,0x00000000f1500000)
 ParOldGen       total 84992K, used 66380K [0x0000000085400000, 0x000000008a700000, 0x00000000d7180000)
  object space 84992K, 78% used [0x0000000085400000,0x00000000894d3148,0x000000008a700000)
 Metaspace       used 12374K, capacity 12632K, committed 12800K, reserved 1060864K
  class space    used 1466K, capacity 1530K, committed 1536K, reserved 1048576K
Event: 1.862 GC heap after
Heap after GC invocations=11 (full 1):
 PSYoungGen      total 428544K, used 0K [0x00000000d7180000, 0x00000000f2d80000, 0x0000000100000000)
  eden space 405504K, 0% used [0x00000000d7180000,0x00000000d7180000,0x00000000efd80000)
  from space 23040K, 0% used [0x00000000f1500000,0x00000000f1500000,0x00000000f2b80000)
  to   space 24064K, 0% used [0x00000000efd80000,0x00000000efd80000,0x00000000f1500000)
 ParOldGen       total 123904K, used 60349K [0x0000000085400000, 0x000000008cd00000, 0x00000000d7180000)
  object space 123904K, 48% used [0x0000000085400000,0x0000000088eef740,0x000000008cd00000)
 Metaspace       used 12374K, capacity 12632K, committed 12800K, reserved 1060864K
  class space    used 1466K, capacity 1530K, committed 1536K, reserved 1048576K
}
Event: 2.115 GC heap before
{Heap before GC invocations=12 (full 1):
 PSYoungGen      total 428544K, used 405504K [0x00000000d7180000, 0x00000000f2d80000, 0x0000000100000000)
  eden space 405504K, 100% used [0x00000000d7180000,0x00000000efd80000,0x00000000efd80000)
  from space 23040K, 0% used [0x00000000f1500000,0x00000000f1500000,0x00000000f2b80000)
  to   space 24064K, 0% used [0x00000000efd80000,0x00000000efd80000,0x00000000f1500000)
 ParOldGen       total 123904K, used 60349K [0x0000000085400000, 0x000000008cd00000, 0x00000000d7180000)
  object space 123904K, 48% used [0x0000000085400000,0x0000000088eef740,0x000000008cd00000)
 Metaspace       used 12374K, capacity 12632K, committed 12800K, reserved 1060864K
  class space    used 1466K, capacity 1530K, committed 1536K, reserved 1048576K

Deoptimization events (10 events):
Event: 0.942 Thread 0x00007f546c02a000 Uncommon trap: reason=unstable_if action=reinterpret pc=0x00007f54c531d370 method=java.util.regex.Pattern$BitClass.isSatisfiedBy(I)Z @ 13
Event: 0.942 Thread 0x00007f546c02a000 Uncommon trap: reason=bimorphic action=maybe_recompile pc=0x00007f54c557a4f0 method=java.util.regex.Pattern$Start.match(Ljava/util/regex/Matcher;ILjava/lang/CharSequence;)Z @ 44
Event: 0.942 Thread 0x00007f546c02a000 Uncommon trap: reason=bimorphic action=maybe_recompile pc=0x00007f54c557a4f0 method=java.util.regex.Pattern$Start.match(Ljava/util/regex/Matcher;ILjava/lang/CharSequence;)Z @ 44
Event: 0.942 Thread 0x00007f546c02a000 Uncommon trap: reason=bimorphic action=maybe_recompile pc=0x00007f54c557a4f0 method=java.util.regex.Pattern$Start.match(Ljava/util/regex/Matcher;ILjava/lang/CharSequence;)Z @ 44
Event: 1.279 Thread 0x00007f546c02a000 Uncommon trap: reason=class_check action=maybe_recompile pc=0x00007f54c56356a8 method=java.util.HashMap.putVal(ILjava/lang/Object;Ljava/lang/Object;ZZ)Ljava/lang/Object; @ 203
Event: 1.515 Thread 0x00007f546c02a000 Uncommon trap: reason=unstable_if action=reinterpret pc=0x00007f54c56b67fc method=kg.ash.javavi.searchers.PackagesLoader.appendEntry(Lkg/ash/javavi/searchers/PackageEntry;)V @ 10
Event: 1.653 Thread 0x00007f546c02a000 Uncommon trap: reason=unstable_if action=reinterpret pc=0x00007f54c568269c method=java.lang.String.startsWith(Ljava/lang/String;I)Z @ 25
Event: 1.654 Thread 0x00007f546c02a000 Uncommon trap: reason=unstable_if action=reinterpret pc=0x00007f54c5686d08 method=java.lang.String.startsWith(Ljava/lang/String;I)Z @ 25
Event: 1.654 Thread 0x00007f546c02a000 Uncommon trap: reason=unstable_if action=reinterpret pc=0x00007f54c5166050 method=java.lang.String.startsWith(Ljava/lang/String;I)Z @ 25
Event: 2.047 Thread 0x00007f546c02a000 Uncommon trap: reason=unstable_if action=reinterpret pc=0x00007f54c56a6ce8 method=kg.ash.javavi.searchers.PackagesLoader.processClass(Lkg/ash/javavi/searchers/PackageEntry;I)V @ 142

Internal exceptions (10 events):
Event: 0.322 Thread 0x00007f54d400b800 Exception <a 'java/lang/NoClassDefFoundError': javax/persistence/AttributeConverter> (0x00000000d89cc7a0) thrown at [/build/java8-openjdk/src/jdk8u-jdk8u121-b13/hotspot/src/share/vm/classfile/systemDictionary.cpp, line 199]
Event: 0.322 Thread 0x00007f54d400b800 Exception <a 'java/lang/NoClassDefFoundError'> (0x00000000d89cc7a0) thrown at [/build/java8-openjdk/src/jdk8u-jdk8u121-b13/hotspot/src/share/vm/prims/jvm.cpp, line 1394]
Event: 0.323 Thread 0x00007f54d400b800 Exception <a 'java/lang/NoClassDefFoundError': javax/persistence/AttributeConverter> (0x00000000d89dbd00) thrown at [/build/java8-openjdk/src/jdk8u-jdk8u121-b13/hotspot/src/share/vm/classfile/systemDictionary.cpp, line 199]
Event: 0.323 Thread 0x00007f54d400b800 Exception <a 'java/lang/NoClassDefFoundError'> (0x00000000d89dbd00) thrown at [/build/java8-openjdk/src/jdk8u-jdk8u121-b13/hotspot/src/share/vm/prims/jvm.cpp, line 1394]
Event: 0.359 Thread 0x00007f54d400b800 Exception <a 'java/io/FileNotFoundException'> (0x00000000d8d48420) thrown at [/build/java8-openjdk/src/jdk8u-jdk8u121-b13/hotspot/src/share/vm/prims/jni.cpp, line 709]
Event: 0.359 Thread 0x00007f54d400b800 Implicit null exception at 0x00007f54c5200675 to 0x00007f54c5200a25
Event: 0.359 Thread 0x00007f54d400b800 Implicit null exception at 0x00007f54c51f5376 to 0x00007f54c51f5731
Event: 0.393 Thread 0x00007f54d443f800 Exception <a 'java/lang/NoSuchFieldError': method resolution failed> (0x00000000d8f20d38) thrown at [/build/java8-openjdk/src/jdk8u-jdk8u121-b13/hotspot/src/share/vm/prims/methodHandles.cpp, line 1146]
Event: 0.395 Thread 0x00007f54d443f800 Exception <a 'java/lang/NoSuchFieldError': method resolution failed> (0x00000000d8f2e028) thrown at [/build/java8-openjdk/src/jdk8u-jdk8u121-b13/hotspot/src/share/vm/prims/methodHandles.cpp, line 1146]
Event: 0.411 Thread 0x00007f546c02a000 Exception <a 'java/io/FileNotFoundException'> (0x00000000d9020340) thrown at [/build/java8-openjdk/src/jdk8u-jdk8u121-b13/hotspot/src/share/vm/prims/jni.cpp, line 709]

Events (10 events):
Event: 1.654 Thread 0x00007f546c02a000 DEOPT PACKING pc=0x00007f54c5166050 sp=0x00007f54b49bc6c0
Event: 1.654 Thread 0x00007f546c02a000 DEOPT UNPACKING pc=0x00007f54c5004f69 sp=0x00007f54b49bc658 mode 2
Event: 1.705 Executing VM operation: ParallelGCFailedAllocation
Event: 1.862 Executing VM operation: ParallelGCFailedAllocation done
Event: 1.931 Thread 0x00007f546c02a000 DEOPT PACKING pc=0x00007f54c5685441 sp=0x00007f54b49bc840
Event: 1.931 Thread 0x00007f546c02a000 DEOPT UNPACKING pc=0x00007f54c5047373 sp=0x00007f54b49bc5f0 mode 0
Event: 2.047 Thread 0x00007f546c02a000 Uncommon trap: trap_request=0xffffff65 fr.pc=0x00007f54c56a6ce8
Event: 2.047 Thread 0x00007f546c02a000 DEOPT PACKING pc=0x00007f54c56a6ce8 sp=0x00007f54b49bc7e0
Event: 2.047 Thread 0x00007f546c02a000 DEOPT UNPACKING pc=0x00007f54c5004f69 sp=0x00007f54b49bc7c8 mode 2
Event: 2.115 Executing VM operation: ParallelGCFailedAllocation


Dynamic libraries:
00400000-00401000 r-xp 00000000 08:02 7472683                            /usr/lib/jvm/java-8-openjdk/jre/bin/java
00600000-00601000 r--p 00000000 08:02 7472683                            /usr/lib/jvm/java-8-openjdk/jre/bin/java
00601000-00602000 rw-p 00001000 08:02 7472683                            /usr/lib/jvm/java-8-openjdk/jre/bin/java
0256e000-0258f000 rw-p 00000000 00:00 0                                  [heap]
85400000-8cd00000 rw-p 00000000 00:00 0 
8cd00000-d7180000 ---p 00000000 00:00 0 
d7180000-f2d80000 rw-p 00000000 00:00 0 
fb000000-100000000 ---p 00000000 00:00 0 
100000000-100180000 rw-p 00000000 00:00 0 
100180000-140000000 ---p 00000000 00:00 0 
7f5440000000-7f5440021000 rw-p 00000000 00:00 0 
7f5440021000-7f5444000000 ---p 00000000 00:00 0 
7f5448000000-7f5448021000 rw-p 00000000 00:00 0 
7f5448021000-7f544c000000 ---p 00000000 00:00 0 
7f544c000000-7f544c021000 rw-p 00000000 00:00 0 
7f544c021000-7f5450000000 ---p 00000000 00:00 0 
7f5450000000-7f5450021000 rw-p 00000000 00:00 0 
7f5450021000-7f5454000000 ---p 00000000 00:00 0 
7f5454000000-7f5454021000 rw-p 00000000 00:00 0 
7f5454021000-7f5458000000 ---p 00000000 00:00 0 
7f5458000000-7f545816a000 rw-p 00000000 00:00 0 
7f545816a000-7f545c000000 ---p 00000000 00:00 0 
7f545c000000-7f545c021000 rw-p 00000000 00:00 0 
7f545c021000-7f5460000000 ---p 00000000 00:00 0 
7f5460000000-7f5460021000 rw-p 00000000 00:00 0 
7f5460021000-7f5464000000 ---p 00000000 00:00 0 
7f5464000000-7f54640e3000 rw-p 00000000 00:00 0 
7f54640e3000-7f5468000000 ---p 00000000 00:00 0 
7f5468000000-7f5468021000 rw-p 00000000 00:00 0 
7f5468021000-7f546c000000 ---p 00000000 00:00 0 
7f546c000000-7f546c062000 rw-p 00000000 00:00 0 
7f546c062000-7f5470000000 ---p 00000000 00:00 0 
7f5470000000-7f5470021000 rw-p 00000000 00:00 0 
7f5470021000-7f5474000000 ---p 00000000 00:00 0 
7f5474000000-7f5474021000 rw-p 00000000 00:00 0 
7f5474021000-7f5478000000 ---p 00000000 00:00 0 
7f5478000000-7f547882c000 rw-p 00000000 00:00 0 
7f547882c000-7f547c000000 ---p 00000000 00:00 0 
7f547c000000-7f547cb05000 rw-p 00000000 00:00 0 
7f547cb05000-7f5480000000 ---p 00000000 00:00 0 
7f5480000000-7f5480b82000 rw-p 00000000 00:00 0 
7f5480b82000-7f5484000000 ---p 00000000 00:00 0 
7f5484000000-7f5484a67000 rw-p 00000000 00:00 0 
7f5484a67000-7f5488000000 ---p 00000000 00:00 0 
7f5488000000-7f5488021000 rw-p 00000000 00:00 0 
7f5488021000-7f548c000000 ---p 00000000 00:00 0 
7f548c000000-7f548c021000 rw-p 00000000 00:00 0 
7f548c021000-7f5490000000 ---p 00000000 00:00 0 
7f5490000000-7f5490021000 rw-p 00000000 00:00 0 
7f5490021000-7f5494000000 ---p 00000000 00:00 0 
7f5494000000-7f5494021000 rw-p 00000000 00:00 0 
7f5494021000-7f5498000000 ---p 00000000 00:00 0 
7f5498000000-7f5498021000 rw-p 00000000 00:00 0 
7f5498021000-7f549c000000 ---p 00000000 00:00 0 
7f549c000000-7f549c021000 rw-p 00000000 00:00 0 
7f549c021000-7f54a0000000 ---p 00000000 00:00 0 
7f54a0000000-7f54a0021000 rw-p 00000000 00:00 0 
7f54a0021000-7f54a4000000 ---p 00000000 00:00 0 
7f54a4000000-7f54a4021000 rw-p 00000000 00:00 0 
7f54a4021000-7f54a8000000 ---p 00000000 00:00 0 
7f54a8000000-7f54a8021000 rw-p 00000000 00:00 0 
7f54a8021000-7f54ac000000 ---p 00000000 00:00 0 
7f54afa45000-7f54afa48000 ---p 00000000 00:00 0 
7f54afa48000-7f54afb46000 rw-p 00000000 00:00 0 
7f54afb46000-7f54afb49000 ---p 00000000 00:00 0 
7f54afb49000-7f54afc47000 rw-p 00000000 00:00 0 
7f54afc47000-7f54afc4a000 ---p 00000000 00:00 0 
7f54afc4a000-7f54afd48000 rw-p 00000000 00:00 0 
7f54afdfe000-7f54afe01000 ---p 00000000 00:00 0 
7f54afe01000-7f54afeff000 rw-p 00000000 00:00 0 
7f54afeff000-7f54aff02000 ---p 00000000 00:00 0 
7f54aff02000-7f54b0000000 rw-p 00000000 00:00 0 
7f54b0000000-7f54b0021000 rw-p 00000000 00:00 0 
7f54b0021000-7f54b4000000 ---p 00000000 00:00 0 
7f54b4047000-7f54b404a000 ---p 00000000 00:00 0 
7f54b404a000-7f54b4248000 rw-p 00000000 00:00 0 
7f54b4248000-7f54b4348000 ---p 00000000 00:00 0 
7f54b4393000-7f54b4396000 ---p 00000000 00:00 0 
7f54b4396000-7f54b4494000 rw-p 00000000 00:00 0 
7f54b4494000-7f54b44a5000 r-xp 00000000 08:02 7472745                    /usr/lib/jvm/java-8-openjdk/jre/lib/amd64/libnio.so
7f54b44a5000-7f54b46a4000 ---p 00011000 08:02 7472745                    /usr/lib/jvm/java-8-openjdk/jre/lib/amd64/libnio.so
7f54b46a4000-7f54b46a5000 r--p 00010000 08:02 7472745                    /usr/lib/jvm/java-8-openjdk/jre/lib/amd64/libnio.so
7f54b46a5000-7f54b46a6000 rw-p 00011000 08:02 7472745                    /usr/lib/jvm/java-8-openjdk/jre/lib/amd64/libnio.so
7f54b46a6000-7f54b46bc000 r-xp 00000000 08:02 7472758                    /usr/lib/jvm/java-8-openjdk/jre/lib/amd64/libnet.so
7f54b46bc000-7f54b48bb000 ---p 00016000 08:02 7472758                    /usr/lib/jvm/java-8-openjdk/jre/lib/amd64/libnet.so
7f54b48bb000-7f54b48bc000 r--p 00015000 08:02 7472758                    /usr/lib/jvm/java-8-openjdk/jre/lib/amd64/libnet.so
7f54b48bc000-7f54b48bd000 rw-p 00016000 08:02 7472758                    /usr/lib/jvm/java-8-openjdk/jre/lib/amd64/libnet.so
7f54b48bd000-7f54b48c0000 ---p 00000000 00:00 0 
7f54b48c0000-7f54b4bbe000 rw-p 00000000 00:00 0 
7f54b4bbe000-7f54b4bc1000 ---p 00000000 00:00 0 
7f54b4bc1000-7f54b4cbf000 rw-p 00000000 00:00 0 
7f54b4cbf000-7f54b4cc2000 ---p 00000000 00:00 0 
7f54b4cc2000-7f54b4dc0000 rw-p 00000000 00:00 0 
7f54b4dc0000-7f54b4dc3000 ---p 00000000 00:00 0 
7f54b4dc3000-7f54b4ec1000 rw-p 00000000 00:00 0 
7f54b4ec1000-7f54b4ecb000 r--s 00116000 08:02 7472702                    /usr/lib/jvm/java-8-openjdk/jre/lib/ext/localedata.jar
7f54b4ecb000-7f54b4ee7000 r--s 00393000 08:02 7472699                    /usr/lib/jvm/java-8-openjdk/jre/lib/ext/cldrdata.jar
7f54b4ee7000-7f54b4eef000 r-xp 00000000 08:02 7472740                    /usr/lib/jvm/java-8-openjdk/jre/lib/amd64/libmanagement.so
7f54b4eef000-7f54b50ee000 ---p 00008000 08:02 7472740                    /usr/lib/jvm/java-8-openjdk/jre/lib/amd64/libmanagement.so
7f54b50ee000-7f54b50ef000 r--p 00007000 08:02 7472740                    /usr/lib/jvm/java-8-openjdk/jre/lib/amd64/libmanagement.so
7f54b50ef000-7f54b50f0000 rw-p 00008000 08:02 7472740                    /usr/lib/jvm/java-8-openjdk/jre/lib/amd64/libmanagement.so
7f54b50f0000-7f54b50f8000 r--s 00047000 08:02 1576401                    /home/mj/.android/build-cache/e010e05b47b40e968afdaf00d8ef3eb00ddc274b/output/jars/classes.jar
7f54b50f8000-7f54b510e000 r--s 000a7000 08:02 1323461                    /home/mj/.android/build-cache/1863b0863c306f83740d464d320b703e4cb21c3b/output/jars/classes.jar
7f54b510e000-7f54b513a000 rw-p 00000000 00:00 0 
7f54b513a000-7f54b522f000 r--s 02010000 08:02 3433109                    /home/mj/android-sdks/platforms/android-25/android.jar
7f54b522f000-7f54b5234000 r--s 0003c000 08:02 7484416                    /home/mj/.android/build-cache/5b3397d2eb82c293b00d40001d0ad508e386617b/output/jars/classes.jar
7f54b5234000-7f54b5251000 r--s 00125000 08:02 5243428                    /home/mj/.cache/vimfiles/repos/github.com/artur-shaik/vim-javacomplete2/libs/javavi_log4j-core.jar
7f54b5251000-7f54b5252000 ---p 00000000 00:00 0 
7f54b5252000-7f54b5352000 rw-p 00000000 00:00 0 
7f54b5352000-7f54b5355000 ---p 00000000 00:00 0 
7f54b5355000-7f54b5453000 rw-p 00000000 00:00 0 
7f54b5453000-7f54b5456000 ---p 00000000 00:00 0 
7f54b5456000-7f54b5554000 rw-p 00000000 00:00 0 
7f54b5554000-7f54b5557000 ---p 00000000 00:00 0 
7f54b5557000-7f54b5655000 rw-p 00000000 00:00 0 
7f54b5655000-7f54b5658000 ---p 00000000 00:00 0 
7f54b5658000-7f54b5756000 rw-p 00000000 00:00 0 
7f54b5756000-7f54b5759000 ---p 00000000 00:00 0 
7f54b5759000-7f54b5857000 rw-p 00000000 00:00 0 
7f54b5857000-7f54b585a000 ---p 00000000 00:00 0 
7f54b585a000-7f54b5958000 rw-p 00000000 00:00 0 
7f54b5958000-7f54b5ca3000 r--p 00000000 08:02 5558209                    /usr/lib/locale/locale-archive
7f54b5ca3000-7f54b5ca6000 ---p 00000000 00:00 0 
7f54b5ca6000-7f54b5da4000 rw-p 00000000 00:00 0 
7f54b5da4000-7f54b5da7000 ---p 00000000 00:00 0 
7f54b5da7000-7f54b5ea5000 rw-p 00000000 00:00 0 
7f54b5ea5000-7f54b5ea6000 ---p 00000000 00:00 0 
7f54b5ea6000-7f54b8000000 rw-p 00000000 00:00 0 
7f54b8000000-7f54b8021000 rw-p 00000000 00:00 0 
7f54b8021000-7f54bc000000 ---p 00000000 00:00 0 
7f54bc001000-7f54bc004000 r--s 00026000 08:02 1576377                    /home/mj/.android/build-cache/0417b9d79f7e1f6df77e56f122595b254323d12b/output/jars/classes.jar
7f54bc004000-7f54bc00b000 r--s 00050000 08:02 1577152                    /home/mj/.android/build-cache/c9fc9e8502a41cc8eb18061c2c0505d351b72b9a/output/jars/classes.jar
7f54bc00b000-7f54bc00f000 r--s 00016000 08:02 1704351                    /home/mj/.android/build-cache/aceec83172c2c27c248873feade19e16024e2db6/output/jars/classes.jar
7f54bc00f000-7f54bc015000 r--s 00052000 08:02 1577238                    /home/mj/.android/build-cache/78e09e029eb7590f966efd46dbc2f7618b43f560/output/jars/classes.jar
7f54bc015000-7f54bc01a000 r--s 00032000 08:02 5243427                    /home/mj/.cache/vimfiles/repos/github.com/artur-shaik/vim-javacomplete2/libs/javavi_log4j-api.jar
7f54bc01a000-7f54c0000000 rw-p 00000000 00:00 0 
7f54c0000000-7f54c0021000 rw-p 00000000 00:00 0 
7f54c0021000-7f54c4000000 ---p 00000000 00:00 0 
7f54c4000000-7f54c4002000 r--s 00008000 08:02 7487809                    /home/mj/.gradle/caches/modules-2/files-2.1/org.jacoco/org.jacoco.ant/0.7.5.201505241946/929ea3871a1f11e63b86f092061141cd7c790c9/org.jacoco.ant-0.7.5.201505241946.jar
7f54c4002000-7f54c4150000 rw-p 00000000 00:00 0 
7f54c4150000-7f54c431f000 r--s 03c05000 08:02 6173116                    /usr/lib/jvm/java-8-openjdk/jre/lib/rt.jar
7f54c431f000-7f54c476b000 rw-p 00000000 00:00 0 
7f54c476b000-7f54c476c000 ---p 00000000 00:00 0 
7f54c476c000-7f54c486c000 rw-p 00000000 00:00 0 
7f54c486c000-7f54c486d000 ---p 00000000 00:00 0 
7f54c486d000-7f54c496d000 rw-p 00000000 00:00 0 
7f54c496d000-7f54c496e000 ---p 00000000 00:00 0 
7f54c496e000-7f54c4a6e000 rw-p 00000000 00:00 0 
7f54c4a6e000-7f54c4a6f000 ---p 00000000 00:00 0 
7f54c4a6f000-7f54c4b6f000 rw-p 00000000 00:00 0 
7f54c4b6f000-7f54c4b70000 ---p 00000000 00:00 0 
7f54c4b70000-7f54c4c70000 rw-p 00000000 00:00 0 
7f54c4c70000-7f54c4c71000 ---p 00000000 00:00 0 
7f54c4c71000-7f54c4dae000 rw-p 00000000 00:00 0 
7f54c4dae000-7f54c5000000 ---p 00000000 00:00 0 
7f54c5000000-7f54c56e0000 rwxp 00000000 00:00 0 
7f54c56e0000-7f54d4000000 ---p 00000000 00:00 0 
7f54d4000000-7f54d4441000 rw-p 00000000 00:00 0 
7f54d4441000-7f54d8000000 ---p 00000000 00:00 0 
7f54d8000000-7f54d8003000 r--s 00017000 08:02 1447197                    /home/mj/.android/build-cache/2d771226a757bd279f24bb6ae66df0cd43667b29/output/jars/classes.jar
7f54d8003000-7f54d8045000 rw-p 00000000 00:00 0 
7f54d8045000-7f54d8046000 ---p 00000000 00:00 0 
7f54d8046000-7f54d8146000 rw-p 00000000 00:00 0 
7f54d8146000-7f54d8147000 ---p 00000000 00:00 0 
7f54d8147000-7f54d8284000 rw-p 00000000 00:00 0 
7f54d8284000-7f54d84d5000 ---p 00000000 00:00 0 
7f54d84d5000-7f54d85b4000 rw-p 00000000 00:00 0 
7f54d85b4000-7f54d861d000 ---p 00000000 00:00 0 
7f54d861d000-7f54d863a000 rw-p 00000000 00:00 0 
7f54d863a000-7f54d89de000 ---p 00000000 00:00 0 
7f54d89de000-7f54d89e6000 r-xp 00000000 08:02 7472760                    /usr/lib/jvm/java-8-openjdk/jre/lib/amd64/libzip.so
7f54d89e6000-7f54d8be5000 ---p 00008000 08:02 7472760                    /usr/lib/jvm/java-8-openjdk/jre/lib/amd64/libzip.so
7f54d8be5000-7f54d8be6000 r--p 00007000 08:02 7472760                    /usr/lib/jvm/java-8-openjdk/jre/lib/amd64/libzip.so
7f54d8be6000-7f54d8be7000 rw-p 00008000 08:02 7472760                    /usr/lib/jvm/java-8-openjdk/jre/lib/amd64/libzip.so
7f54d8be7000-7f54d8bf2000 r-xp 00000000 08:02 5507099                    /usr/lib/libnss_files-2.25.so
7f54d8bf2000-7f54d8df1000 ---p 0000b000 08:02 5507099                    /usr/lib/libnss_files-2.25.so
7f54d8df1000-7f54d8df2000 r--p 0000a000 08:02 5507099                    /usr/lib/libnss_files-2.25.so
7f54d8df2000-7f54d8df3000 rw-p 0000b000 08:02 5507099                    /usr/lib/libnss_files-2.25.so
7f54d8df3000-7f54d8df9000 rw-p 00000000 00:00 0 
7f54d8df9000-7f54d8e04000 r-xp 00000000 08:02 5507097                    /usr/lib/libnss_nis-2.25.so
7f54d8e04000-7f54d9003000 ---p 0000b000 08:02 5507097                    /usr/lib/libnss_nis-2.25.so
7f54d9003000-7f54d9004000 r--p 0000a000 08:02 5507097                    /usr/lib/libnss_nis-2.25.so
7f54d9004000-7f54d9005000 rw-p 0000b000 08:02 5507097                    /usr/lib/libnss_nis-2.25.so
7f54d9005000-7f54d901a000 r-xp 00000000 08:02 5507093                    /usr/lib/libnsl-2.25.so
7f54d901a000-7f54d9219000 ---p 00015000 08:02 5507093                    /usr/lib/libnsl-2.25.so
7f54d9219000-7f54d921a000 r--p 00014000 08:02 5507093                    /usr/lib/libnsl-2.25.so
7f54d921a000-7f54d921b000 rw-p 00015000 08:02 5507093                    /usr/lib/libnsl-2.25.so
7f54d921b000-7f54d921d000 rw-p 00000000 00:00 0 
7f54d921d000-7f54d9224000 r-xp 00000000 08:02 5507140                    /usr/lib/libnss_compat-2.25.so
7f54d9224000-7f54d9423000 ---p 00007000 08:02 5507140                    /usr/lib/libnss_compat-2.25.so
7f54d9423000-7f54d9424000 r--p 00006000 08:02 5507140                    /usr/lib/libnss_compat-2.25.so
7f54d9424000-7f54d9425000 rw-p 00007000 08:02 5507140                    /usr/lib/libnss_compat-2.25.so
7f54d9425000-7f54d9452000 r-xp 00000000 08:02 7472756                    /usr/lib/jvm/java-8-openjdk/jre/lib/amd64/libjava.so
7f54d9452000-7f54d9651000 ---p 0002d000 08:02 7472756                    /usr/lib/jvm/java-8-openjdk/jre/lib/amd64/libjava.so
7f54d9651000-7f54d9652000 r--p 0002c000 08:02 7472756                    /usr/lib/jvm/java-8-openjdk/jre/lib/amd64/libjava.so
7f54d9652000-7f54d9654000 rw-p 0002d000 08:02 7472756                    /usr/lib/jvm/java-8-openjdk/jre/lib/amd64/libjava.so
7f54d9654000-7f54d9661000 r-xp 00000000 08:02 7472737                    /usr/lib/jvm/java-8-openjdk/jre/lib/amd64/libverify.so
7f54d9661000-7f54d9860000 ---p 0000d000 08:02 7472737                    /usr/lib/jvm/java-8-openjdk/jre/lib/amd64/libverify.so
7f54d9860000-7f54d9862000 r--p 0000c000 08:02 7472737                    /usr/lib/jvm/java-8-openjdk/jre/lib/amd64/libverify.so
7f54d9862000-7f54d9863000 rw-p 0000e000 08:02 7472737                    /usr/lib/jvm/java-8-openjdk/jre/lib/amd64/libverify.so
7f54d9863000-7f54d986a000 r-xp 00000000 08:02 5507091                    /usr/lib/librt-2.25.so
7f54d986a000-7f54d9a69000 ---p 00007000 08:02 5507091                    /usr/lib/librt-2.25.so
7f54d9a69000-7f54d9a6a000 r--p 00006000 08:02 5507091                    /usr/lib/librt-2.25.so
7f54d9a6a000-7f54d9a6b000 rw-p 00007000 08:02 5507091                    /usr/lib/librt-2.25.so
7f54d9a6b000-7f54d9b7d000 r-xp 00000000 08:02 5507094                    /usr/lib/libm-2.25.so
7f54d9b7d000-7f54d9d7c000 ---p 00112000 08:02 5507094                    /usr/lib/libm-2.25.so
7f54d9d7c000-7f54d9d7d000 r--p 00111000 08:02 5507094                    /usr/lib/libm-2.25.so
7f54d9d7d000-7f54d9d7e000 rw-p 00112000 08:02 5507094                    /usr/lib/libm-2.25.so
7f54d9d7e000-7f54da9a9000 r-xp 00000000 08:02 7472765                    /usr/lib/jvm/java-8-openjdk/jre/lib/amd64/server/libjvm.so
7f54da9a9000-7f54daba8000 ---p 00c2b000 08:02 7472765                    /usr/lib/jvm/java-8-openjdk/jre/lib/amd64/server/libjvm.so
7f54daba8000-7f54dac3c000 r--p 00c2a000 08:02 7472765                    /usr/lib/jvm/java-8-openjdk/jre/lib/amd64/server/libjvm.so
7f54dac3c000-7f54dac65000 rw-p 00cbe000 08:02 7472765                    /usr/lib/jvm/java-8-openjdk/jre/lib/amd64/server/libjvm.so
7f54dac65000-7f54dac95000 rw-p 00000000 00:00 0 
7f54dac95000-7f54dae30000 r-xp 00000000 08:02 5507218                    /usr/lib/libc-2.25.so
7f54dae30000-7f54db02f000 ---p 0019b000 08:02 5507218                    /usr/lib/libc-2.25.so
7f54db02f000-7f54db033000 r--p 0019a000 08:02 5507218                    /usr/lib/libc-2.25.so
7f54db033000-7f54db035000 rw-p 0019e000 08:02 5507218                    /usr/lib/libc-2.25.so
7f54db035000-7f54db039000 rw-p 00000000 00:00 0 
7f54db039000-7f54db03c000 r-xp 00000000 08:02 5507095                    /usr/lib/libdl-2.25.so
7f54db03c000-7f54db23b000 ---p 00003000 08:02 5507095                    /usr/lib/libdl-2.25.so
7f54db23b000-7f54db23c000 r--p 00002000 08:02 5507095                    /usr/lib/libdl-2.25.so
7f54db23c000-7f54db23d000 rw-p 00003000 08:02 5507095                    /usr/lib/libdl-2.25.so
7f54db23d000-7f54db24a000 r-xp 00000000 08:02 7472768                    /usr/lib/jvm/java-8-openjdk/jre/lib/amd64/jli/libjli.so
7f54db24a000-7f54db449000 ---p 0000d000 08:02 7472768                    /usr/lib/jvm/java-8-openjdk/jre/lib/amd64/jli/libjli.so
7f54db449000-7f54db44a000 r--p 0000c000 08:02 7472768                    /usr/lib/jvm/java-8-openjdk/jre/lib/amd64/jli/libjli.so
7f54db44a000-7f54db44b000 rw-p 0000d000 08:02 7472768                    /usr/lib/jvm/java-8-openjdk/jre/lib/amd64/jli/libjli.so
7f54db44b000-7f54db461000 r-xp 00000000 08:02 5515653                    /usr/lib/libz.so.1.2.11
7f54db461000-7f54db660000 ---p 00016000 08:02 5515653                    /usr/lib/libz.so.1.2.11
7f54db660000-7f54db661000 r--p 00015000 08:02 5515653                    /usr/lib/libz.so.1.2.11
7f54db661000-7f54db662000 rw-p 00016000 08:02 5515653                    /usr/lib/libz.so.1.2.11
7f54db662000-7f54db67b000 r-xp 00000000 08:02 5507237                    /usr/lib/libpthread-2.25.so
7f54db67b000-7f54db87a000 ---p 00019000 08:02 5507237                    /usr/lib/libpthread-2.25.so
7f54db87a000-7f54db87b000 r--p 00018000 08:02 5507237                    /usr/lib/libpthread-2.25.so
7f54db87b000-7f54db87c000 rw-p 00019000 08:02 5507237                    /usr/lib/libpthread-2.25.so
7f54db87c000-7f54db880000 rw-p 00000000 00:00 0 
7f54db880000-7f54db8a3000 r-xp 00000000 08:02 5507219                    /usr/lib/ld-2.25.so
7f54db8a3000-7f54db8a4000 r--s 0003e000 08:02 7487799                    /home/mj/.gradle/caches/modules-2/files-2.1/org.jacoco/org.jacoco.agent/0.7.5.201505241946/2f0308aaf7b3f2e133d410de8af49739cb0964aa/org.jacoco.agent-0.7.5.201505241946.jar
7f54db8a4000-7f54db8a6000 r--s 00004000 08:02 6438468                    /home/mj/android-sdks/extras/android/m2repository/com/android/support/support-annotations/25.3.1/support-annotations-25.3.1.jar
7f54db8a6000-7f54db8a7000 r--s 00003000 08:02 1576424                    /home/mj/.android/build-cache/b28b5b0daad92cf4f753547e147c180ec5d988dc/output/jars/classes.jar
7f54db8a7000-7f54db8a8000 r--s 00000000 08:02 1576412                    /home/mj/.android/build-cache/01889cc04e7420fbd1f82a76c2961b8e919fbb1c/output/jars/classes.jar
7f54db8a8000-7f54db8ac000 r--s 0001f000 08:02 6709136                    /home/mj/.gradle/caches/modules-2/files-2.1/org.jacoco/org.jacoco.report/0.7.5.201505241946/cb1ac5562a45c98cd7b774452f3e8b867b71cd65/org.jacoco.report-0.7.5.201505241946.jar
7f54db8ac000-7f54db8ae000 r--s 00002000 08:02 7223792                    /home/mj/.android/build-cache/619c5da92d0590bd41063d84398772ced2bcf2c9/output/jars/classes.jar
7f54db8ae000-7f54db8b3000 r--s 00053000 08:02 5243320                    /home/mj/.cache/vimfiles/repos/github.com/artur-shaik/vim-javacomplete2/libs/javaparser.jar
7f54db8b3000-7f54db8b7000 r--s 0001d000 08:02 6709134                    /home/mj/.gradle/caches/modules-2/files-2.1/org.jacoco/org.jacoco.core/0.7.5.201505241946/1ea906dc5201d2a1bc0604f8650534d4bcaf4c95/org.jacoco.core-0.7.5.201505241946.jar
7f54db8b7000-7f54db8b8000 r--s 00002000 08:02 7220726                    /home/mj/.android/build-cache/e9fba9ff66935b5f8340e38e26031f84dd7c25a1/output/jars/classes.jar
7f54db8b8000-7f54db95c000 rw-p 00000000 00:00 0 
7f54db95c000-7f54db95f000 ---p 00000000 00:00 0 
7f54db95f000-7f54dba5f000 rw-p 00000000 00:00 0 
7f54dba5f000-7f54dba64000 r--s 00058000 08:02 1970738                    /home/mj/.gradle/caches/modules-2/files-2.1/org.ow2.asm/asm-debug-all/5.0.1/f69b5f7d96cec0d448acf1c1a266584170c9643b/asm-debug-all-5.0.1.jar
7f54dba64000-7f54dba65000 r--s 00009000 08:02 2100666                    /home/mj/.android/build-cache/639b980cecdbde820085d93e2511c6d4c899ae2b/output/jars/classes.jar
7f54dba65000-7f54dba6f000 r--s 000a0000 08:02 1576438                    /home/mj/.android/build-cache/e989540b6106ad8b8da9482202d03f8d01153784/output/jars/classes.jar
7f54dba6f000-7f54dba96000 rw-p 00000000 00:00 0 
7f54dba96000-7f54dba9e000 rw-s 00000000 00:24 976106                     /tmp/hsperfdata_mj/5579
7f54dba9e000-7f54dba9f000 rw-p 00000000 00:00 0 
7f54dba9f000-7f54dbaa0000 ---p 00000000 00:00 0 
7f54dbaa0000-7f54dbaa2000 rw-p 00000000 00:00 0 
7f54dbaa2000-7f54dbaa3000 r--p 00022000 08:02 5507219                    /usr/lib/ld-2.25.so
7f54dbaa3000-7f54dbaa4000 rw-p 00023000 08:02 5507219                    /usr/lib/ld-2.25.so
7f54dbaa4000-7f54dbaa5000 rw-p 00000000 00:00 0 
7fff0c1f9000-7fff0c21b000 rw-p 00000000 00:00 0                          [stack]
7fff0c230000-7fff0c232000 r--p 00000000 00:00 0                          [vvar]
7fff0c232000-7fff0c234000 r-xp 00000000 00:00 0                          [vdso]
ffffffffff600000-ffffffffff601000 r-xp 00000000 00:00 0                  [vsyscall]

VM Arguments:
jvm_args: -Ddaemon.port=39123 -Dlog4j.configurationFile=/home/mj/.cache/vimfiles/repos/github.com/artur-shaik/vim-javacomplete2/libs/javavi/target/classes/log4j2.xml 
java_command: kg.ash.javavi.Javavi -sources /home/mj/work/TimeManager/Client/app/src:/home/mj/work/TimeManager/MyApplication/app/src: -t 300 -base /home/mj/.cache/javacomplete2/ -compiler javac -project _home_mj_work_TimeManager_Client_build_gradle -D 39123
java_class_path (initial): /home/mj/.android/build-cache/e989540b6106ad8b8da9482202d03f8d01153784/output/jars/classes.jar:/home/mj/.android/build-cache/639b980cecdbde820085d93e2511c6d4c899ae2b/output/jars/classes.jar:/home/mj/work/TimeManager/Client/app/build/intermediates/classes/debugCLASSPATH:/home/mj/.cache/vimfiles/repos/github.com/artur-shaik/vim-javacomplete2/libs/javavi_log4j-core.jar:/usr/lib/jvm/java-8-openjdk/jre/lib:/home/mj/.gradle/caches/modules-2/files-2.1/org.ow2.asm/asm-debug-all/5.0.1/f69b5f7d96cec0d448acf1c1a266584170c9643b/asm-debug-all-5.0.1.jar:/home/mj/.android/build-cache/e9fba9ff66935b5f8340e38e26031f84dd7c25a1/output/jars/classes.jar:/home/mj/.gradle/caches/modules-2/files-2.1/org.jacoco/org.jacoco.core/0.7.5.201505241946/1ea906dc5201d2a1bc0604f8650534d4bcaf4c95/org.jacoco.core-0.7.5.201505241946.jar:.:/home/mj/.cache/vimfiles/repos/github.com/artur-shaik/vim-javacomplete2/libs/javaparser.jar:/home/mj/.android/build-cache/619c5da92d0590bd41063d84398772ced2bcf2c9/output/jars/classes.jar:/home/mj/work/TimeManager/Client/app/src/release/java:/home/mj/.gradle/caches/modules-2/files-2.1/org.jacoco/org.jacoco.report/0.7.5.201505241946/cb1ac5562a45c98cd7b774452f3e8b867b71cd65/org.jacoco.report-0.7.5.201505241946.jar:/home/mj/.android/build-cache/01889cc04e7420fbd1f82a76c2961b8e919fbb1c/output/jars/classes.jar:/home/mj/.cache/vimfiles/repos/github.com/artur-shaik/vim-javacomplete2/libs/javavi/target/classes:/home/mj/.android/build-cache/b28b5b0daad92cf4f753547e147c180ec5d988dc/output/jars/classes.jar:/home/mj/.cache/vimfiles/repos/github.com/artur-shaik/vim-javacomplete2/libs/javavi_log4j-api.jar:/home/mj/android-sdks/extras/android/m2repository/com/android/support/support-annotations/25.3.1/support-annotations-25.3.1.jar:/home/mj/work/TimeManager/Client/app/src/main/java:/home/mj/.android/build-cache/78e09e029eb7590f966efd46dbc2f7618b43f560/output/jars/classes.jar:/home/mj/.android/build-cache/aceec83172c2c27c248873feade19e16024e2db6/output/jars
Launcher Type: SUN_STANDARD

Environment Variables:
PATH=/usr/lib/git-core:/home/mj/.config/composer/vendor/bin/:/usr/local/sbin:/usr/local/bin:/usr/bin:/usr/lib/jvm/default/bin:/usr/bin/site_perl:/usr/bin/vendor_perl:/usr/bin/core_perl
SHELL=/bin/zsh
DISPLAY=:0

Signal Handlers:
SIGSEGV: [libjvm.so+0xa2d880], sa_mask[0]=11111111011111111101111111111110, sa_flags=SA_RESTART|SA_SIGINFO
SIGBUS: [libjvm.so+0xa2d880], sa_mask[0]=11111111011111111101111111111110, sa_flags=SA_RESTART|SA_SIGINFO
SIGFPE: [libjvm.so+0x881d40], sa_mask[0]=11111111011111111101111111111110, sa_flags=SA_RESTART|SA_SIGINFO
SIGPIPE: [libjvm.so+0x881d40], sa_mask[0]=11111111011111111101111111111110, sa_flags=SA_RESTART|SA_SIGINFO
SIGXFSZ: [libjvm.so+0x881d40], sa_mask[0]=11111111011111111101111111111110, sa_flags=SA_RESTART|SA_SIGINFO
SIGILL: [libjvm.so+0x881d40], sa_mask[0]=11111111011111111101111111111110, sa_flags=SA_RESTART|SA_SIGINFO
SIGUSR1: SIG_DFL, sa_mask[0]=00000000000000000000000000000000, sa_flags=none
SIGUSR2: [libjvm.so+0x881c10], sa_mask[0]=00000000000000000000000000000000, sa_flags=SA_RESTART|SA_SIGINFO
SIGHUP: [libjvm.so+0x882080], sa_mask[0]=11111111011111111101111111111110, sa_flags=SA_RESTART|SA_SIGINFO
SIGINT: [libjvm.so+0x882080], sa_mask[0]=11111111011111111101111111111110, sa_flags=SA_RESTART|SA_SIGINFO
SIGTERM: [libjvm.so+0x882080], sa_mask[0]=11111111011111111101111111111110, sa_flags=SA_RESTART|SA_SIGINFO
SIGQUIT: [libjvm.so+0x882080], sa_mask[0]=11111111011111111101111111111110, sa_flags=SA_RESTART|SA_SIGINFO


---------------  S Y S T E M  ---------------

OS:LSB_VERSION=1.4
DISTRIB_ID=Arch
DISTRIB_RELEASE=rolling
DISTRIB_DESCRIPTION="Arch Linux"

uname:Linux 4.10.11-1-ARCH #1 SMP PREEMPT Tue Apr 18 08:39:42 CEST 2017 x86_64
libc:glibc 2.25 NPTL 2.25 
rlimit: STACK 8192k, CORE infinity, NPROC 31107, NOFILE 4096, AS infinity
load average:1.44 1.20 1.00

/proc/meminfo:
MemTotal:        8037312 kB
MemFree:          131868 kB
MemAvailable:      31984 kB
Buffers:            1144 kB
Cached:           750212 kB
SwapCached:            0 kB
Active:          6157368 kB
Inactive:         735828 kB
Active(anon):    6144916 kB
Inactive(anon):   723348 kB
Active(file):      12452 kB
Inactive(file):    12480 kB
Unevictable:          36 kB
Mlocked:              36 kB
SwapTotal:             0 kB
SwapFree:              0 kB
Dirty:               924 kB
Writeback:             0 kB
AnonPages:       6142508 kB
Mapped:           993160 kB
Shmem:            725940 kB
Slab:             124256 kB
SReclaimable:      57748 kB
SUnreclaim:        66508 kB
KernelStack:       15648 kB
PageTables:        84616 kB
NFS_Unstable:          0 kB
Bounce:                0 kB
WritebackTmp:          0 kB
CommitLimit:     4018656 kB
Committed_AS:   13460096 kB
VmallocTotal:   34359738367 kB
VmallocUsed:           0 kB
VmallocChunk:          0 kB
HardwareCorrupted:     0 kB
AnonHugePages:   1925120 kB
ShmemHugePages:        0 kB
ShmemPmdMapped:        0 kB
HugePages_Total:       0
HugePages_Free:        0
HugePages_Rsvd:        0
HugePages_Surp:        0
Hugepagesize:       2048 kB
DirectMap4k:      240944 kB
DirectMap2M:     8005632 kB
DirectMap1G:     1048576 kB


CPU:total 8 (4 cores per cpu, 2 threads per core) family 6 model 94 stepping 3, cmov, cx8, fxsr, mmx, sse, sse2, sse3, ssse3, sse4.1, sse4.2, popcnt, avx, avx2, aes, clmul, erms, rtm, 3dnowpref, lzcnt, ht, tsc, tscinvbit, bmi1, bmi2, adx

/proc/cpuinfo:
processor	: 0
vendor_id	: GenuineIntel
cpu family	: 6
model		: 94
model name	: Intel(R) Core(TM) i7-6700HQ CPU @ 2.60GHz
stepping	: 3
microcode	: 0x9e
cpu MHz		: 3297.924
cache size	: 6144 KB
physical id	: 0
siblings	: 8
core id		: 0
cpu cores	: 4
apicid		: 0
initial apicid	: 0
fpu		: yes
fpu_exception	: yes
cpuid level	: 22
wp		: yes
flags		: fpu vme de pse tsc msr pae mce cx8 apic sep mtrr pge mca cmov pat pse36 clflush dts acpi mmx fxsr sse sse2 ss ht tm pbe syscall nx pdpe1gb rdtscp lm constant_tsc art arch_perfmon pebs bts rep_good nopl xtopology nonstop_tsc aperfmperf tsc_known_freq pni pclmulqdq dtes64 monitor ds_cpl vmx est tm2 ssse3 sdbg fma cx16 xtpr pdcm pcid sse4_1 sse4_2 x2apic movbe popcnt tsc_deadline_timer aes xsave avx f16c rdrand lahf_lm abm 3dnowprefetch epb intel_pt tpr_shadow vnmi flexpriority ept vpid fsgsbase tsc_adjust bmi1 hle avx2 smep bmi2 erms invpcid rtm mpx rdseed adx smap clflushopt xsaveopt xsavec xgetbv1 xsaves dtherm ida arat pln pts hwp hwp_notify hwp_act_window hwp_epp
bugs		:
bogomips	: 5186.00
clflush size	: 64
cache_alignment	: 64
address sizes	: 39 bits physical, 48 bits virtual
power management:

processor	: 1
vendor_id	: GenuineIntel
cpu family	: 6
model		: 94
model name	: Intel(R) Core(TM) i7-6700HQ CPU @ 2.60GHz
stepping	: 3
microcode	: 0x9e
cpu MHz		: 3268.725
cache size	: 6144 KB
physical id	: 0
siblings	: 8
core id		: 1
cpu cores	: 4
apicid		: 2
initial apicid	: 2
fpu		: yes
fpu_exception	: yes
cpuid level	: 22
wp		: yes
flags		: fpu vme de pse tsc msr pae mce cx8 apic sep mtrr pge mca cmov pat pse36 clflush dts acpi mmx fxsr sse sse2 ss ht tm pbe syscall nx pdpe1gb rdtscp lm constant_tsc art arch_perfmon pebs bts rep_good nopl xtopology nonstop_tsc aperfmperf tsc_known_freq pni pclmulqdq dtes64 monitor ds_cpl vmx est tm2 ssse3 sdbg fma cx16 xtpr pdcm pcid sse4_1 sse4_2 x2apic movbe popcnt tsc_deadline_timer aes xsave avx f16c rdrand lahf_lm abm 3dnowprefetch epb intel_pt tpr_shadow vnmi flexpriority ept vpid fsgsbase tsc_adjust bmi1 hle avx2 smep bmi2 erms invpcid rtm mpx rdseed adx smap clflushopt xsaveopt xsavec xgetbv1 xsaves dtherm ida arat pln pts hwp hwp_notify hwp_act_window hwp_epp
bugs		:
bogomips	: 5187.23
clflush size	: 64
cache_alignment	: 64
address sizes	: 39 bits physical, 48 bits virtual
power management:

processor	: 2
vendor_id	: GenuineIntel
cpu family	: 6
model		: 94
model name	: Intel(R) Core(TM) i7-6700HQ CPU @ 2.60GHz
stepping	: 3
microcode	: 0x9e
cpu MHz		: 3124.316
cache size	: 6144 KB
physical id	: 0
siblings	: 8
core id		: 2
cpu cores	: 4
apicid		: 4
initial apicid	: 4
fpu		: yes
fpu_exception	: yes
cpuid level	: 22
wp		: yes
flags		: fpu vme de pse tsc msr pae mce cx8 apic sep mtrr pge mca cmov pat pse36 clflush dts acpi mmx fxsr sse sse2 ss ht tm pbe syscall nx pdpe1gb rdtscp lm constant_tsc art arch_perfmon pebs bts rep_good nopl xtopology nonstop_tsc aperfmperf tsc_known_freq pni pclmulqdq dtes64 monitor ds_cpl vmx est tm2 ssse3 sdbg fma cx16 xtpr pdcm pcid sse4_1 sse4_2 x2apic movbe popcnt tsc_deadline_timer aes xsave avx f16c rdrand lahf_lm abm 3dnowprefetch epb intel_pt tpr_shadow vnmi flexpriority ept vpid fsgsbase tsc_adjust bmi1 hle avx2 smep bmi2 erms invpcid rtm mpx rdseed adx smap clflushopt xsaveopt xsavec xgetbv1 xsaves dtherm ida arat pln pts hwp hwp_notify hwp_act_window hwp_epp
bugs		:
bogomips	: 5187.27
clflush size	: 64
cache_alignment	: 64
address sizes	: 39 bits physical, 48 bits virtual
power management:

processor	: 3
vendor_id	: GenuineIntel
cpu family	: 6
model		: 94
model name	: Intel(R) Core(TM) i7-6700HQ CPU @ 2.60GHz
stepping	: 3
microcode	: 0x9e
cpu MHz		: 3189.062
cache size	: 6144 KB
physical id	: 0
siblings	: 8
core id		: 3
cpu cores	: 4
apicid		: 6
initial apicid	: 6
fpu		: yes
fpu_exception	: yes
cpuid level	: 22
wp		: yes
flags		: fpu vme de pse tsc msr pae mce cx8 apic sep mtrr pge mca cmov pat pse36 clflush dts acpi mmx fxsr sse sse2 ss ht tm pbe syscall nx pdpe1gb rdtscp lm constant_tsc art arch_perfmon pebs bts rep_good nopl xtopology nonstop_tsc aperfmperf tsc_known_freq pni pclmulqdq dtes64 monitor ds_cpl vmx est tm2 ssse3 sdbg fma cx16 xtpr pdcm pcid sse4_1 sse4_2 x2apic movbe popcnt tsc_deadline_timer aes xsave avx f16c rdrand lahf_lm abm 3dnowprefetch epb intel_pt tpr_shadow vnmi flexpriority ept vpid fsgsbase tsc_adjust bmi1 hle avx2 smep bmi2 erms invpcid rtm mpx rdseed adx smap clflushopt xsaveopt xsavec xgetbv1 xsaves dtherm ida arat pln pts hwp hwp_notify hwp_act_window hwp_epp
bugs		:
bogomips	: 5187.26
clflush size	: 64
cache_alignment	: 64
address sizes	: 39 bits physical, 48 bits virtual
power management:

processor	: 4
vendor_id	: GenuineIntel
cpu family	: 6
model		: 94
model name	: Intel(R) Core(TM) i7-6700HQ CPU @ 2.60GHz
stepping	: 3
microcode	: 0x9e
cpu MHz		: 3119.873
cache size	: 6144 KB
physical id	: 0
siblings	: 8
core id		: 0
cpu cores	: 4
apicid		: 1
initial apicid	: 1
fpu		: yes
fpu_exception	: yes
cpuid level	: 22
wp		: yes
flags		: fpu vme de pse tsc msr pae mce cx8 apic sep mtrr pge mca cmov pat pse36 clflush dts acpi mmx fxsr sse sse2 ss ht tm pbe syscall nx pdpe1gb rdtscp lm constant_tsc art arch_perfmon pebs bts rep_good nopl xtopology nonstop_tsc aperfmperf tsc_known_freq pni pclmulqdq dtes64 monitor ds_cpl vmx est tm2 ssse3 sdbg fma cx16 xtpr pdcm pcid sse4_1 sse4_2 x2apic movbe popcnt tsc_deadline_timer aes xsave avx f16c rdrand lahf_lm abm 3dnowprefetch epb intel_pt tpr_shadow vnmi flexpriority ept vpid fsgsbase tsc_adjust bmi1 hle avx2 smep bmi2 erms invpcid rtm mpx rdseed adx smap clflushopt xsaveopt xsavec xgetbv1 xsaves dtherm ida arat pln pts hwp hwp_notify hwp_act_window hwp_epp
bugs		:
bogomips	: 5187.78
clflush size	: 64
cache_alignment	: 64
address sizes	: 39 bits physical, 48 bits virtual
power management:

processor	: 5
vendor_id	: GenuineIntel
cpu family	: 6
model		: 94
model name	: Intel(R) Core(TM) i7-6700HQ CPU @ 2.60GHz
stepping	: 3
microcode	: 0x9e
cpu MHz		: 3225.085
cache size	: 6144 KB
physical id	: 0
siblings	: 8
core id		: 1
cpu cores	: 4
apicid		: 3
initial apicid	: 3
fpu		: yes
fpu_exception	: yes
cpuid level	: 22
wp		: yes
flags		: fpu vme de pse tsc msr pae mce cx8 apic sep mtrr pge mca cmov pat pse36 clflush dts acpi mmx fxsr sse sse2 ss ht tm pbe syscall nx pdpe1gb rdtscp lm constant_tsc art arch_perfmon pebs bts rep_good nopl xtopology nonstop_tsc aperfmperf tsc_known_freq pni pclmulqdq dtes64 monitor ds_cpl vmx est tm2 ssse3 sdbg fma cx16 xtpr pdcm pcid sse4_1 sse4_2 x2apic movbe popcnt tsc_deadline_timer aes xsave avx f16c rdrand lahf_lm abm 3dnowprefetch epb intel_pt tpr_shadow vnmi flexpriority ept vpid fsgsbase tsc_adjust bmi1 hle avx2 smep bmi2 erms invpcid rtm mpx rdseed adx smap clflushopt xsaveopt xsavec xgetbv1 xsaves dtherm ida arat pln pts hwp hwp_notify hwp_act_window hwp_epp
bugs		:
bogomips	: 5187.28
clflush size	: 64
cache_alignment	: 64
address sizes	: 39 bits physical, 48 bits virtual
power management:

processor	: 6
vendor_id	: GenuineIntel
cpu family	: 6
model		: 94
model name	: Intel(R) Core(TM) i7-6700HQ CPU @ 2.60GHz
stepping	: 3
microcode	: 0x9e
cpu MHz		: 3161.132
cache size	: 6144 KB
physical id	: 0
siblings	: 8
core id		: 2
cpu cores	: 4
apicid		: 5
initial apicid	: 5
fpu		: yes
fpu_exception	: yes
cpuid level	: 22
wp		: yes
flags		: fpu vme de pse tsc msr pae mce cx8 apic sep mtrr pge mca cmov pat pse36 clflush dts acpi mmx fxsr sse sse2 ss ht tm pbe syscall nx pdpe1gb rdtscp lm constant_tsc art arch_perfmon pebs bts rep_good nopl xtopology nonstop_tsc aperfmperf tsc_known_freq pni pclmulqdq dtes64 monitor ds_cpl vmx est tm2 ssse3 sdbg fma cx16 xtpr pdcm pcid sse4_1 sse4_2 x2apic movbe popcnt tsc_deadline_timer aes xsave avx f16c rdrand lahf_lm abm 3dnowprefetch epb intel_pt tpr_shadow vnmi flexpriority ept vpid fsgsbase tsc_adjust bmi1 hle avx2 smep bmi2 erms invpcid rtm mpx rdseed adx smap clflushopt xsaveopt xsavec xgetbv1 xsaves dtherm ida arat pln pts hwp hwp_notify hwp_act_window hwp_epp
bugs		:
bogomips	: 5187.30
clflush size	: 64
cache_alignment	: 64
address sizes	: 39 bits physical, 48 bits virtual
power management:

processor	: 7
vendor_id	: GenuineIntel
cpu family	: 6
model		: 94
model name	: Intel(R) Core(TM) i7-6700HQ CPU @ 2.60GHz
stepping	: 3
microcode	: 0x9e
cpu MHz		: 3198.901
cache size	: 6144 KB
physical id	: 0
siblings	: 8
core id		: 3
cpu cores	: 4
apicid		: 7
initial apicid	: 7
fpu		: yes
fpu_exception	: yes
cpuid level	: 22
wp		: yes
flags		: fpu vme de pse tsc msr pae mce cx8 apic sep mtrr pge mca cmov pat pse36 clflush dts acpi mmx fxsr sse sse2 ss ht tm pbe syscall nx pdpe1gb rdtscp lm constant_tsc art arch_perfmon pebs bts rep_good nopl xtopology nonstop_tsc aperfmperf tsc_known_freq pni pclmulqdq dtes64 monitor ds_cpl vmx est tm2 ssse3 sdbg fma cx16 xtpr pdcm pcid sse4_1 sse4_2 x2apic movbe popcnt tsc_deadline_timer aes xsave avx f16c rdrand lahf_lm abm 3dnowprefetch epb intel_pt tpr_shadow vnmi flexpriority ept vpid fsgsbase tsc_adjust bmi1 hle avx2 smep bmi2 erms invpcid rtm mpx rdseed adx smap clflushopt xsaveopt xsavec xgetbv1 xsaves dtherm ida arat pln pts hwp hwp_notify hwp_act_window hwp_epp
bugs		:
bogomips	: 5187.30
clflush size	: 64
cache_alignment	: 64
address sizes	: 39 bits physical, 48 bits virtual
power management:



Memory: 4k page, physical 8037312k(132324k free), swap 0k(0k free)

vm_info: OpenJDK 64-Bit Server VM (25.121-b13) for linux-amd64 JRE (1.8.0_121-b13), built on Jan 22 2017 09:22:31 by "builduser" with gcc 6.3.1 20170109

time: Tue May  2 20:21:07 2017
elapsed time: 2 seconds (0d 0h 0m 2s)

