#
# There is insufficient memory for the Java Runtime Environment to continue.
# Native memory allocation (mmap) failed to map 220725248 bytes for committing reserved memory.
# Possible reasons:
#   The system is out of physical RAM or swap space
#   In 32 bit mode, the process size limit was hit
# Possible solutions:
#   Reduce memory load on the system
#   Increase physical memory or swap space
#   Check if swap backing store is full
#   Use 64 bit Java on a 64 bit OS
#   Decrease Java heap size (-Xmx/-Xms)
#   Decrease number of Java threads
#   Decrease Java thread stack sizes (-Xss)
#   Set larger code cache with -XX:ReservedCodeCacheSize=
# This output file may be truncated or incomplete.
#
#  Out of Memory Error (os_linux.cpp:2627), pid=6400, tid=0x00007efcd7c99700
#
# JRE version: OpenJDK Runtime Environment (8.0_121-b13) (build 1.8.0_121-b13)
# Java VM: OpenJDK 64-Bit Server VM (25.121-b13 mixed mode linux-amd64 compressed oops)
# Core dump written. Default location: /home/mj/work/TimeManager/core or core.6400
#

---------------  T H R E A D  ---------------

Current thread (0x00007efd0c081000):  VMThread [stack: 0x00007efcd7b99000,0x00007efcd7c9a000] [id=6410]

Stack: [0x00007efcd7b99000,0x00007efcd7c9a000],  sp=0x00007efcd7c98550,  free space=1021k
Native frames: (J=compiled Java code, j=interpreted, Vv=VM code, C=native code)
V  [libjvm.so+0xa2ce3b]
V  [libjvm.so+0x4b2387]
V  [libjvm.so+0x885fd0]
V  [libjvm.so+0x880d0f]
V  [libjvm.so+0x8f879e]
V  [libjvm.so+0x8f9a4b]
V  [libjvm.so+0x8f620b]
V  [libjvm.so+0x8f64dc]
V  [libjvm.so+0x8a9383]
V  [libjvm.so+0xa2e8a3]
V  [libjvm.so+0xa337a7]
V  [libjvm.so+0xa31117]
V  [libjvm.so+0xa3241e]
V  [libjvm.so+0xa32912]
V  [libjvm.so+0x8838a2]

VM_Operation (0x00007efcd66c4510): ParallelGCFailedAllocation, mode: safepoint, requested by thread 0x00007efca002a000


---------------  P R O C E S S  ---------------

Java Threads: ( => current thread )
  0x00007efc90001000 JavaThread "ForkJoinPool.commonPool-worker-7" daemon [_thread_blocked, id=6432, stack(0x00007efcd5794000,0x00007efcd5895000)]
  0x00007efc94003000 JavaThread "ForkJoinPool.commonPool-worker-6" daemon [_thread_blocked, id=6431, stack(0x00007efcd5895000,0x00007efcd5996000)]
  0x00007efc88001000 JavaThread "ForkJoinPool.commonPool-worker-5" daemon [_thread_blocked, id=6430, stack(0x00007efcd5a4c000,0x00007efcd5b4d000)]
  0x00007efc94001000 JavaThread "ForkJoinPool.commonPool-worker-4" daemon [_thread_blocked, id=6429, stack(0x00007efcd5b4d000,0x00007efcd5c4e000)]
  0x00007efc9c015800 JavaThread "ForkJoinPool.commonPool-worker-3" daemon [_thread_blocked, id=6428, stack(0x00007efcd5c4e000,0x00007efcd5d4f000)]
  0x00007efc9c014000 JavaThread "ForkJoinPool.commonPool-worker-2" daemon [_thread_blocked, id=6427, stack(0x00007efcd5d4f000,0x00007efcd5e50000)]
  0x00007efc9801b800 JavaThread "ForkJoinPool.commonPool-worker-1" daemon [_thread_blocked, id=6426, stack(0x00007efcd609b000,0x00007efcd619c000)]
  0x00007efca002a000 JavaThread "Thread-3" [_thread_blocked, id=6425, stack(0x00007efcd65c5000,0x00007efcd66c6000)]
  0x00007efca0002800 JavaThread "Timer-1" [_thread_blocked, id=6424, stack(0x00007efcd68c6000,0x00007efcd69c7000)]
  0x00007efd0c00b800 JavaThread "DestroyJavaVM" [_thread_blocked, id=6401, stack(0x00007efd15664000,0x00007efd15765000)]
  0x00007efd0c489800 JavaThread "Thread-0" [_thread_in_native, id=6423, stack(0x00007efcd69c7000,0x00007efcd6ac8000)]
  0x00007efd0c488000 JavaThread "Timer-0" [_thread_blocked, id=6422, stack(0x00007efcd6ac8000,0x00007efcd6bc9000)]
  0x00007efd0c0d4800 JavaThread "Service Thread" daemon [_thread_blocked, id=6419, stack(0x00007efcd7046000,0x00007efcd7147000)]
  0x00007efd0c0c9000 JavaThread "C1 CompilerThread3" daemon [_thread_blocked, id=6417, stack(0x00007efcd7147000,0x00007efcd7248000)]
  0x00007efd0c0c7000 JavaThread "C2 CompilerThread2" daemon [_thread_blocked, id=6416, stack(0x00007efcd7248000,0x00007efcd7349000)]
  0x00007efd0c0c5000 JavaThread "C2 CompilerThread1" daemon [_thread_blocked, id=6415, stack(0x00007efcd7349000,0x00007efcd744a000)]
  0x00007efd0c0c2800 JavaThread "C2 CompilerThread0" daemon [_thread_blocked, id=6414, stack(0x00007efcd744a000,0x00007efcd754b000)]
  0x00007efd0c0be800 JavaThread "Signal Dispatcher" daemon [_thread_blocked, id=6413, stack(0x00007efcd754b000,0x00007efcd764c000)]
  0x00007efd0c08d000 JavaThread "Finalizer" daemon [_thread_blocked, id=6412, stack(0x00007efcd7997000,0x00007efcd7a98000)]
  0x00007efd0c088800 JavaThread "Reference Handler" daemon [_thread_blocked, id=6411, stack(0x00007efcd7a98000,0x00007efcd7b99000)]

Other Threads:
=>0x00007efd0c081000 VMThread [stack: 0x00007efcd7b99000,0x00007efcd7c9a000] [id=6410]
  0x00007efd0c0d7000 WatcherThread [stack: 0x00007efcd6f45000,0x00007efcd7046000] [id=6420]

VM state:at safepoint (normal execution)

VM Mutex/Monitor currently owned by a thread:  ([mutex/lock_event])
[0x00007efd0c007a30] Threads_lock - owner thread: 0x00007efd0c081000
[0x00007efd0c007f30] Heap_lock - owner thread: 0x00007efca002a000

Heap:
 PSYoungGen      total 428544K, used 256K [0x00000000d7180000, 0x00000000f2d80000, 0x0000000100000000)
  eden space 403968K, 0% used [0x00000000d7180000,0x00000000d7180000,0x00000000efc00000)
  from space 24576K, 1% used [0x00000000efc00000,0x00000000efc40000,0x00000000f1400000)
  to   space 23040K, 0% used [0x00000000f1400000,0x00000000f1400000,0x00000000f2a80000)
 ParOldGen       total 84992K, used 66754K [0x0000000085400000, 0x000000008a700000, 0x00000000d7180000)
  object space 84992K, 78% used [0x0000000085400000,0x0000000089530b78,0x000000008a700000)
 Metaspace       used 12413K, capacity 12696K, committed 12800K, reserved 1060864K
  class space    used 1468K, capacity 1530K, committed 1536K, reserved 1048576K

Card table byte_map: [0x00007efd11f4f000,0x00007efd12326000] byte_map_base: 0x00007efd11b25000

Marking Bits: (ParMarkBitMap*) 0x00007efd14980260
 Begin Bits: [0x00007efcd82a0000, 0x00007efcda150000)
 End Bits:   [0x00007efcda150000, 0x00007efcdc000000)

Polling page: 0x00007efd157a7000

CodeCache: size=245760Kb used=7195Kb max_used=7203Kb free=238564Kb
 bounds [0x00007efcfd000000, 0x00007efcfd720000, 0x00007efd0c000000]
 total_blobs=2167 nmethods=1813 adapters=267
 compilation: enabled

Compilation events (10 events):
Event: 1.785 Thread 0x00007efd0c0c5000 nmethod 1830 0x00007efcfd6bb710 code [0x00007efcfd6bb8a0, 0x00007efcfd6bbfe8]
Event: 1.857 Thread 0x00007efd0c0c7000 1831 %     4       java.util.ArrayList::forEach @ 27 (75 bytes)
Event: 1.870 Thread 0x00007efd0c0c7000 nmethod 1831% 0x00007efcfd6b9f50 code [0x00007efcfd6ba120, 0x00007efcfd6bae68]
Event: 1.998 Thread 0x00007efd0c0c9000 1832       3       kg.ash.javavi.searchers.PackagesLoader::processClass (184 bytes)
Event: 1.998 Thread 0x00007efd0c0c2800 1833       4       kg.ash.javavi.searchers.PackagesLoader::makeDots (16 bytes)
Event: 2.000 Thread 0x00007efd0c0c5000 1834       4       java.lang.String::isEmpty (14 bytes)
Event: 2.000 Thread 0x00007efd0c0c9000 nmethod 1832 0x00007efcfd6b6c50 code [0x00007efcfd6b6fc0, 0x00007efcfd6b8e08]
Event: 2.000 Thread 0x00007efd0c0c5000 nmethod 1834 0x00007efcfd5aeb90 code [0x00007efcfd5aece0, 0x00007efcfd5aed78]
Event: 2.007 Thread 0x00007efd0c0c2800 nmethod 1833 0x00007efcfd707710 code [0x00007efcfd707900, 0x00007efcfd7082b0]
Event: 2.040 Thread 0x00007efd0c0c7000 1835       4       kg.ash.javavi.searchers.PackagesLoader::processClass (184 bytes)

GC Heap History (10 events):
Event: 1.157 GC heap after
Heap after GC invocations=6 (full 0):
 PSYoungGen      total 151040K, used 7614K [0x00000000d7180000, 0x00000000e1c80000, 0x0000000100000000)
  eden space 126976K, 0% used [0x00000000d7180000,0x00000000d7180000,0x00000000ded80000)
  from space 24064K, 31% used [0x00000000e0500000,0x00000000e0c6fb18,0x00000000e1c80000)
  to   space 24064K, 0% used [0x00000000ded80000,0x00000000ded80000,0x00000000e0500000)
 ParOldGen       total 84992K, used 45542K [0x0000000085400000, 0x000000008a700000, 0x00000000d7180000)
  object space 84992K, 53% used [0x0000000085400000,0x0000000088079a50,0x000000008a700000)
 Metaspace       used 12411K, capacity 12696K, committed 12800K, reserved 1060864K
  class space    used 1468K, capacity 1530K, committed 1536K, reserved 1048576K
}
Event: 1.332 GC heap before
{Heap before GC invocations=7 (full 0):
 PSYoungGen      total 151040K, used 134590K [0x00000000d7180000, 0x00000000e1c80000, 0x0000000100000000)
  eden space 126976K, 100% used [0x00000000d7180000,0x00000000ded80000,0x00000000ded80000)
  from space 24064K, 31% used [0x00000000e0500000,0x00000000e0c6fb18,0x00000000e1c80000)
  to   space 24064K, 0% used [0x00000000ded80000,0x00000000ded80000,0x00000000e0500000)
 ParOldGen       total 84992K, used 45542K [0x0000000085400000, 0x000000008a700000, 0x00000000d7180000)
  object space 84992K, 53% used [0x0000000085400000,0x0000000088079a50,0x000000008a700000)
 Metaspace       used 12412K, capacity 12696K, committed 12800K, reserved 1060864K
  class space    used 1468K, capacity 1530K, committed 1536K, reserved 1048576K
Event: 1.344 GC heap after
Heap after GC invocations=7 (full 0):
 PSYoungGen      total 151040K, used 9774K [0x00000000d7180000, 0x00000000e9780000, 0x0000000100000000)
  eden space 126976K, 0% used [0x00000000d7180000,0x00000000d7180000,0x00000000ded80000)
  from space 24064K, 40% used [0x00000000ded80000,0x00000000df70bad8,0x00000000e0500000)
  to   space 23552K, 0% used [0x00000000e8080000,0x00000000e8080000,0x00000000e9780000)
 ParOldGen       total 84992K, used 47021K [0x0000000085400000, 0x000000008a700000, 0x00000000d7180000)
  object space 84992K, 55% used [0x0000000085400000,0x00000000881eb5f8,0x000000008a700000)
 Metaspace       used 12412K, capacity 12696K, committed 12800K, reserved 1060864K
  class space    used 1468K, capacity 1530K, committed 1536K, reserved 1048576K
}
Event: 1.436 GC heap before
{Heap before GC invocations=8 (full 0):
 PSYoungGen      total 151040K, used 136750K [0x00000000d7180000, 0x00000000e9780000, 0x0000000100000000)
  eden space 126976K, 100% used [0x00000000d7180000,0x00000000ded80000,0x00000000ded80000)
  from space 24064K, 40% used [0x00000000ded80000,0x00000000df70bad8,0x00000000e0500000)
  to   space 23552K, 0% used [0x00000000e8080000,0x00000000e8080000,0x00000000e9780000)
 ParOldGen       total 84992K, used 47021K [0x0000000085400000, 0x000000008a700000, 0x00000000d7180000)
  object space 84992K, 55% used [0x0000000085400000,0x00000000881eb5f8,0x000000008a700000)
 Metaspace       used 12412K, capacity 12696K, committed 12800K, reserved 1060864K
  class space    used 1468K, capacity 1530K, committed 1536K, reserved 1048576K
Event: 1.452 GC heap after
Heap after GC invocations=8 (full 0):
 PSYoungGen      total 276992K, used 17469K [0x00000000d7180000, 0x00000000e9880000, 0x0000000100000000)
  eden space 253440K, 0% used [0x00000000d7180000,0x00000000d7180000,0x00000000e6900000)
  from space 23552K, 74% used [0x00000000e8080000,0x00000000e918f500,0x00000000e9780000)
  to   space 24064K, 0% used [0x00000000e6900000,0x00000000e6900000,0x00000000e8080000)
 ParOldGen       total 84992K, used 48949K [0x0000000085400000, 0x000000008a700000, 0x00000000d7180000)
  object space 84992K, 57% used [0x0000000085400000,0x00000000883cd658,0x000000008a700000)
 Metaspace       used 12412K, capacity 12696K, committed 12800K, reserved 1060864K
  class space    used 1468K, capacity 1530K, committed 1536K, reserved 1048576K
}
Event: 1.650 GC heap before
{Heap before GC invocations=9 (full 0):
 PSYoungGen      total 276992K, used 270909K [0x00000000d7180000, 0x00000000e9880000, 0x0000000100000000)
  eden space 253440K, 100% used [0x00000000d7180000,0x00000000e6900000,0x00000000e6900000)
  from space 23552K, 74% used [0x00000000e8080000,0x00000000e918f500,0x00000000e9780000)
  to   space 24064K, 0% used [0x00000000e6900000,0x00000000e6900000,0x00000000e8080000)
 ParOldGen       total 84992K, used 48949K [0x0000000085400000, 0x000000008a700000, 0x00000000d7180000)
  object space 84992K, 57% used [0x0000000085400000,0x00000000883cd658,0x000000008a700000)
 Metaspace       used 12413K, capacity 12696K, committed 12800K, reserved 1060864K
  class space    used 1468K, capacity 1530K, committed 1536K, reserved 1048576K
Event: 1.660 GC heap after
Heap after GC invocations=9 (full 0):
 PSYoungGen      total 277504K, used 11936K [0x00000000d7180000, 0x00000000f2a80000, 0x0000000100000000)
  eden space 253440K, 0% used [0x00000000d7180000,0x00000000d7180000,0x00000000e6900000)
  from space 24064K, 49% used [0x00000000e6900000,0x00000000e74a8010,0x00000000e8080000)
  to   space 23040K, 0% used [0x00000000f1400000,0x00000000f1400000,0x00000000f2a80000)
 ParOldGen       total 84992K, used 54506K [0x0000000085400000, 0x000000008a700000, 0x00000000d7180000)
  object space 84992K, 64% used [0x0000000085400000,0x000000008893ab28,0x000000008a700000)
 Metaspace       used 12413K, capacity 12696K, committed 12800K, reserved 1060864K
  class space    used 1468K, capacity 1530K, committed 1536K, reserved 1048576K
}
Event: 1.798 GC heap before
{Heap before GC invocations=10 (full 0):
 PSYoungGen      total 277504K, used 265376K [0x00000000d7180000, 0x00000000f2a80000, 0x0000000100000000)
  eden space 253440K, 100% used [0x00000000d7180000,0x00000000e6900000,0x00000000e6900000)
  from space 24064K, 49% used [0x00000000e6900000,0x00000000e74a8010,0x00000000e8080000)
  to   space 23040K, 0% used [0x00000000f1400000,0x00000000f1400000,0x00000000f2a80000)
 ParOldGen       total 84992K, used 54506K [0x0000000085400000, 0x000000008a700000, 0x00000000d7180000)
  object space 84992K, 64% used [0x0000000085400000,0x000000008893ab28,0x000000008a700000)
 Metaspace       used 12413K, capacity 12696K, committed 12800K, reserved 1060864K
  class space    used 1468K, capacity 1530K, committed 1536K, reserved 1048576K
Event: 1.806 GC heap after
Heap after GC invocations=10 (full 0):
 PSYoungGen      total 427008K, used 416K [0x00000000d7180000, 0x00000000f2d80000, 0x0000000100000000)
  eden space 403968K, 0% used [0x00000000d7180000,0x00000000d7180000,0x00000000efc00000)
  from space 23040K, 1% used [0x00000000f1400000,0x00000000f1468000,0x00000000f2a80000)
  to   space 24576K, 0% used [0x00000000efc00000,0x00000000efc00000,0x00000000f1400000)
 ParOldGen       total 84992K, used 66450K [0x0000000085400000, 0x000000008a700000, 0x00000000d7180000)
  object space 84992K, 78% used [0x0000000085400000,0x00000000894e4b78,0x000000008a700000)
 Metaspace       used 12413K, capacity 12696K, committed 12800K, reserved 1060864K
  class space    used 1468K, capacity 1530K, committed 1536K, reserved 1048576K
}
Event: 2.059 GC heap before
{Heap before GC invocations=11 (full 0):
 PSYoungGen      total 427008K, used 404384K [0x00000000d7180000, 0x00000000f2d80000, 0x0000000100000000)
  eden space 403968K, 100% used [0x00000000d7180000,0x00000000efc00000,0x00000000efc00000)
  from space 23040K, 1% used [0x00000000f1400000,0x00000000f1468000,0x00000000f2a80000)
  to   space 24576K, 0% used [0x00000000efc00000,0x00000000efc00000,0x00000000f1400000)
 ParOldGen       total 84992K, used 66450K [0x0000000085400000, 0x000000008a700000, 0x00000000d7180000)
  object space 84992K, 78% used [0x0000000085400000,0x00000000894e4b78,0x000000008a700000)
 Metaspace       used 12413K, capacity 12696K, committed 12800K, reserved 1060864K
  class space    used 1468K, capacity 1530K, committed 1536K, reserved 1048576K

Deoptimization events (10 events):
Event: 1.056 Thread 0x00007efca002a000 Uncommon trap: reason=unstable_if action=reinterpret pc=0x00007efcfd323930 method=java.util.regex.Pattern$BitClass.isSatisfiedBy(I)Z @ 13
Event: 1.056 Thread 0x00007efca002a000 Uncommon trap: reason=bimorphic action=maybe_recompile pc=0x00007efcfd4ef32c method=java.util.regex.Pattern$Start.match(Ljava/util/regex/Matcher;ILjava/lang/CharSequence;)Z @ 44
Event: 1.056 Thread 0x00007efca002a000 Uncommon trap: reason=bimorphic action=maybe_recompile pc=0x00007efcfd4ef32c method=java.util.regex.Pattern$Start.match(Ljava/util/regex/Matcher;ILjava/lang/CharSequence;)Z @ 44
Event: 1.056 Thread 0x00007efca002a000 Uncommon trap: reason=bimorphic action=maybe_recompile pc=0x00007efcfd4ef32c method=java.util.regex.Pattern$Start.match(Ljava/util/regex/Matcher;ILjava/lang/CharSequence;)Z @ 44
Event: 1.377 Thread 0x00007efca002a000 Uncommon trap: reason=class_check action=maybe_recompile pc=0x00007efcfd630960 method=java.util.HashMap.putVal(ILjava/lang/Object;Ljava/lang/Object;ZZ)Ljava/lang/Object; @ 203
Event: 1.746 Thread 0x00007efca002a000 Uncommon trap: reason=unstable_if action=reinterpret pc=0x00007efcfd6fa784 method=java.lang.String.startsWith(Ljava/lang/String;I)Z @ 25
Event: 1.749 Thread 0x00007efca002a000 Uncommon trap: reason=unstable_if action=reinterpret pc=0x00007efcfd70cebc method=java.lang.String.startsWith(Ljava/lang/String;I)Z @ 25
Event: 1.749 Thread 0x00007efca002a000 Uncommon trap: reason=unstable_if action=reinterpret pc=0x00007efcfd218a08 method=java.lang.String.startsWith(Ljava/lang/String;I)Z @ 25
Event: 1.751 Thread 0x00007efca002a000 Uncommon trap: reason=unstable_if action=reinterpret pc=0x00007efcfd15d790 method=java.lang.String.startsWith(Ljava/lang/String;I)Z @ 25
Event: 1.997 Thread 0x00007efca002a000 Uncommon trap: reason=unstable_if action=reinterpret pc=0x00007efcfd6f0fcc method=kg.ash.javavi.searchers.PackagesLoader.processClass(Lkg/ash/javavi/searchers/PackageEntry;I)V @ 142

Internal exceptions (10 events):
Event: 0.427 Thread 0x00007efd0c00b800 Exception <a 'java/lang/NoClassDefFoundError': javax/persistence/AttributeConverter> (0x00000000d89cc830) thrown at [/build/java8-openjdk/src/jdk8u-jdk8u121-b13/hotspot/src/share/vm/classfile/systemDictionary.cpp, line 199]
Event: 0.427 Thread 0x00007efd0c00b800 Exception <a 'java/lang/NoClassDefFoundError'> (0x00000000d89cc830) thrown at [/build/java8-openjdk/src/jdk8u-jdk8u121-b13/hotspot/src/share/vm/prims/jvm.cpp, line 1394]
Event: 0.427 Thread 0x00007efd0c00b800 Exception <a 'java/lang/NoClassDefFoundError': javax/persistence/AttributeConverter> (0x00000000d89dbd90) thrown at [/build/java8-openjdk/src/jdk8u-jdk8u121-b13/hotspot/src/share/vm/classfile/systemDictionary.cpp, line 199]
Event: 0.427 Thread 0x00007efd0c00b800 Exception <a 'java/lang/NoClassDefFoundError'> (0x00000000d89dbd90) thrown at [/build/java8-openjdk/src/jdk8u-jdk8u121-b13/hotspot/src/share/vm/prims/jvm.cpp, line 1394]
Event: 0.462 Thread 0x00007efd0c00b800 Exception <a 'java/io/FileNotFoundException'> (0x00000000d8d484b0) thrown at [/build/java8-openjdk/src/jdk8u-jdk8u121-b13/hotspot/src/share/vm/prims/jni.cpp, line 709]
Event: 0.462 Thread 0x00007efd0c00b800 Implicit null exception at 0x00007efcfd1fa3f5 to 0x00007efcfd1fa7a5
Event: 0.462 Thread 0x00007efd0c00b800 Implicit null exception at 0x00007efcfd1f0ef6 to 0x00007efcfd1f12b1
Event: 0.501 Thread 0x00007efd0c489800 Exception <a 'java/lang/NoSuchFieldError': method resolution failed> (0x00000000d8f20e08) thrown at [/build/java8-openjdk/src/jdk8u-jdk8u121-b13/hotspot/src/share/vm/prims/methodHandles.cpp, line 1146]
Event: 0.502 Thread 0x00007efd0c489800 Exception <a 'java/lang/NoSuchFieldError': method resolution failed> (0x00000000d8f2e128) thrown at [/build/java8-openjdk/src/jdk8u-jdk8u121-b13/hotspot/src/share/vm/prims/methodHandles.cpp, line 1146]
Event: 0.515 Thread 0x00007efca002a000 Exception <a 'java/io/FileNotFoundException'> (0x00000000d90203d0) thrown at [/build/java8-openjdk/src/jdk8u-jdk8u121-b13/hotspot/src/share/vm/prims/jni.cpp, line 709]

Events (10 events):
Event: 1.751 Thread 0x00007efca002a000 DEOPT PACKING pc=0x00007efcfd15d790 sp=0x00007efcd66c4680
Event: 1.751 Thread 0x00007efca002a000 DEOPT UNPACKING pc=0x00007efcfd004f69 sp=0x00007efcd66c4618 mode 2
Event: 1.798 Executing VM operation: ParallelGCFailedAllocation
Event: 1.806 Executing VM operation: ParallelGCFailedAllocation done
Event: 1.880 Thread 0x00007efca002a000 DEOPT PACKING pc=0x00007efcfd6a5ec1 sp=0x00007efcd66c4840
Event: 1.880 Thread 0x00007efca002a000 DEOPT UNPACKING pc=0x00007efcfd047373 sp=0x00007efcd66c45f0 mode 0
Event: 1.997 Thread 0x00007efca002a000 Uncommon trap: trap_request=0xffffff65 fr.pc=0x00007efcfd6f0fcc
Event: 1.997 Thread 0x00007efca002a000 DEOPT PACKING pc=0x00007efcfd6f0fcc sp=0x00007efcd66c47e0
Event: 1.997 Thread 0x00007efca002a000 DEOPT UNPACKING pc=0x00007efcfd004f69 sp=0x00007efcd66c47c8 mode 2
Event: 2.059 Executing VM operation: ParallelGCFailedAllocation


Dynamic libraries:
00400000-00401000 r-xp 00000000 08:02 7472683                            /usr/lib/jvm/java-8-openjdk/jre/bin/java
00600000-00601000 r--p 00000000 08:02 7472683                            /usr/lib/jvm/java-8-openjdk/jre/bin/java
00601000-00602000 rw-p 00001000 08:02 7472683                            /usr/lib/jvm/java-8-openjdk/jre/bin/java
01930000-01951000 rw-p 00000000 00:00 0                                  [heap]
85400000-8a700000 rw-p 00000000 00:00 0 
8a700000-d7180000 ---p 00000000 00:00 0 
d7180000-f2d80000 rw-p 00000000 00:00 0 
100000000-100180000 rw-p 00000000 00:00 0 
100180000-140000000 ---p 00000000 00:00 0 
7efc80000000-7efc80021000 rw-p 00000000 00:00 0 
7efc80021000-7efc84000000 ---p 00000000 00:00 0 
7efc84000000-7efc84021000 rw-p 00000000 00:00 0 
7efc84021000-7efc88000000 ---p 00000000 00:00 0 
7efc88000000-7efc88021000 rw-p 00000000 00:00 0 
7efc88021000-7efc8c000000 ---p 00000000 00:00 0 
7efc8c000000-7efc8c021000 rw-p 00000000 00:00 0 
7efc8c021000-7efc90000000 ---p 00000000 00:00 0 
7efc90000000-7efc90021000 rw-p 00000000 00:00 0 
7efc90021000-7efc94000000 ---p 00000000 00:00 0 
7efc94000000-7efc94021000 rw-p 00000000 00:00 0 
7efc94021000-7efc98000000 ---p 00000000 00:00 0 
7efc98000000-7efc980af000 rw-p 00000000 00:00 0 
7efc980af000-7efc9c000000 ---p 00000000 00:00 0 
7efc9c000000-7efc9c0aa000 rw-p 00000000 00:00 0 
7efc9c0aa000-7efca0000000 ---p 00000000 00:00 0 
7efca0000000-7efca0060000 rw-p 00000000 00:00 0 
7efca0060000-7efca4000000 ---p 00000000 00:00 0 
7efca4000000-7efca4021000 rw-p 00000000 00:00 0 
7efca4021000-7efca8000000 ---p 00000000 00:00 0 
7efca8000000-7efca8021000 rw-p 00000000 00:00 0 
7efca8021000-7efcac000000 ---p 00000000 00:00 0 
7efcac000000-7efcac021000 rw-p 00000000 00:00 0 
7efcac021000-7efcb0000000 ---p 00000000 00:00 0 
7efcb0000000-7efcb09d5000 rw-p 00000000 00:00 0 
7efcb09d5000-7efcb4000000 ---p 00000000 00:00 0 
7efcb4000000-7efcb4021000 rw-p 00000000 00:00 0 
7efcb4021000-7efcb8000000 ---p 00000000 00:00 0 
7efcb8000000-7efcb8974000 rw-p 00000000 00:00 0 
7efcb8974000-7efcbc000000 ---p 00000000 00:00 0 
7efcbc000000-7efcbc83a000 rw-p 00000000 00:00 0 
7efcbc83a000-7efcc0000000 ---p 00000000 00:00 0 
7efcc0000000-7efcc0021000 rw-p 00000000 00:00 0 
7efcc0021000-7efcc4000000 ---p 00000000 00:00 0 
7efcc4000000-7efcc4859000 rw-p 00000000 00:00 0 
7efcc4859000-7efcc8000000 ---p 00000000 00:00 0 
7efcc8000000-7efcc8021000 rw-p 00000000 00:00 0 
7efcc8021000-7efccc000000 ---p 00000000 00:00 0 
7efccc000000-7efccc021000 rw-p 00000000 00:00 0 
7efccc021000-7efcd0000000 ---p 00000000 00:00 0 
7efcd0000000-7efcd0021000 rw-p 00000000 00:00 0 
7efcd0021000-7efcd4000000 ---p 00000000 00:00 0 
7efcd5794000-7efcd5797000 ---p 00000000 00:00 0 
7efcd5797000-7efcd5895000 rw-p 00000000 00:00 0 
7efcd5895000-7efcd5898000 ---p 00000000 00:00 0 
7efcd5898000-7efcd5996000 rw-p 00000000 00:00 0 
7efcd5a4c000-7efcd5a4f000 ---p 00000000 00:00 0 
7efcd5a4f000-7efcd5b4d000 rw-p 00000000 00:00 0 
7efcd5b4d000-7efcd5b50000 ---p 00000000 00:00 0 
7efcd5b50000-7efcd5c4e000 rw-p 00000000 00:00 0 
7efcd5c4e000-7efcd5c51000 ---p 00000000 00:00 0 
7efcd5c51000-7efcd5d4f000 rw-p 00000000 00:00 0 
7efcd5d4f000-7efcd5d52000 ---p 00000000 00:00 0 
7efcd5d52000-7efcd5f50000 rw-p 00000000 00:00 0 
7efcd5f50000-7efcd6050000 ---p 00000000 00:00 0 
7efcd609b000-7efcd609e000 ---p 00000000 00:00 0 
7efcd609e000-7efcd619c000 rw-p 00000000 00:00 0 
7efcd619c000-7efcd61ad000 r-xp 00000000 08:02 7472745                    /usr/lib/jvm/java-8-openjdk/jre/lib/amd64/libnio.so
7efcd61ad000-7efcd63ac000 ---p 00011000 08:02 7472745                    /usr/lib/jvm/java-8-openjdk/jre/lib/amd64/libnio.so
7efcd63ac000-7efcd63ad000 r--p 00010000 08:02 7472745                    /usr/lib/jvm/java-8-openjdk/jre/lib/amd64/libnio.so
7efcd63ad000-7efcd63ae000 rw-p 00011000 08:02 7472745                    /usr/lib/jvm/java-8-openjdk/jre/lib/amd64/libnio.so
7efcd63ae000-7efcd63c4000 r-xp 00000000 08:02 7472758                    /usr/lib/jvm/java-8-openjdk/jre/lib/amd64/libnet.so
7efcd63c4000-7efcd65c3000 ---p 00016000 08:02 7472758                    /usr/lib/jvm/java-8-openjdk/jre/lib/amd64/libnet.so
7efcd65c3000-7efcd65c4000 r--p 00015000 08:02 7472758                    /usr/lib/jvm/java-8-openjdk/jre/lib/amd64/libnet.so
7efcd65c4000-7efcd65c5000 rw-p 00016000 08:02 7472758                    /usr/lib/jvm/java-8-openjdk/jre/lib/amd64/libnet.so
7efcd65c5000-7efcd65c8000 ---p 00000000 00:00 0 
7efcd65c8000-7efcd68c6000 rw-p 00000000 00:00 0 
7efcd68c6000-7efcd68c9000 ---p 00000000 00:00 0 
7efcd68c9000-7efcd69c7000 rw-p 00000000 00:00 0 
7efcd69c7000-7efcd69ca000 ---p 00000000 00:00 0 
7efcd69ca000-7efcd6ac8000 rw-p 00000000 00:00 0 
7efcd6ac8000-7efcd6acb000 ---p 00000000 00:00 0 
7efcd6acb000-7efcd6bc9000 rw-p 00000000 00:00 0 
7efcd6bc9000-7efcd6bd3000 r--s 00116000 08:02 7472702                    /usr/lib/jvm/java-8-openjdk/jre/lib/ext/localedata.jar
7efcd6bd3000-7efcd6bef000 r--s 00393000 08:02 7472699                    /usr/lib/jvm/java-8-openjdk/jre/lib/ext/cldrdata.jar
7efcd6bef000-7efcd6bf7000 r-xp 00000000 08:02 7472740                    /usr/lib/jvm/java-8-openjdk/jre/lib/amd64/libmanagement.so
7efcd6bf7000-7efcd6df6000 ---p 00008000 08:02 7472740                    /usr/lib/jvm/java-8-openjdk/jre/lib/amd64/libmanagement.so
7efcd6df6000-7efcd6df7000 r--p 00007000 08:02 7472740                    /usr/lib/jvm/java-8-openjdk/jre/lib/amd64/libmanagement.so
7efcd6df7000-7efcd6df8000 rw-p 00008000 08:02 7472740                    /usr/lib/jvm/java-8-openjdk/jre/lib/amd64/libmanagement.so
7efcd6df8000-7efcd6dfa000 r--s 00008000 08:02 7487809                    /home/mj/.gradle/caches/modules-2/files-2.1/org.jacoco/org.jacoco.ant/0.7.5.201505241946/929ea3871a1f11e63b86f092061141cd7c790c9/org.jacoco.ant-0.7.5.201505241946.jar
7efcd6dfa000-7efcd6e02000 r--s 00047000 08:02 1576401                    /home/mj/.android/build-cache/e010e05b47b40e968afdaf00d8ef3eb00ddc274b/output/jars/classes.jar
7efcd6e02000-7efcd6e18000 r--s 000a7000 08:02 1323461                    /home/mj/.android/build-cache/1863b0863c306f83740d464d320b703e4cb21c3b/output/jars/classes.jar
7efcd6e18000-7efcd6e44000 rw-p 00000000 00:00 0 
7efcd6e44000-7efcd6f39000 r--s 02010000 08:02 3433109                    /home/mj/android-sdks/platforms/android-25/android.jar
7efcd6f39000-7efcd6f3e000 r--s 0003c000 08:02 7484416                    /home/mj/.android/build-cache/5b3397d2eb82c293b00d40001d0ad508e386617b/output/jars/classes.jar
7efcd6f3e000-7efcd6f45000 r--s 00050000 08:02 1577152                    /home/mj/.android/build-cache/c9fc9e8502a41cc8eb18061c2c0505d351b72b9a/output/jars/classes.jar
7efcd6f45000-7efcd6f46000 ---p 00000000 00:00 0 
7efcd6f46000-7efcd7046000 rw-p 00000000 00:00 0 
7efcd7046000-7efcd7049000 ---p 00000000 00:00 0 
7efcd7049000-7efcd7147000 rw-p 00000000 00:00 0 
7efcd7147000-7efcd714a000 ---p 00000000 00:00 0 
7efcd714a000-7efcd7248000 rw-p 00000000 00:00 0 
7efcd7248000-7efcd724b000 ---p 00000000 00:00 0 
7efcd724b000-7efcd7349000 rw-p 00000000 00:00 0 
7efcd7349000-7efcd734c000 ---p 00000000 00:00 0 
7efcd734c000-7efcd744a000 rw-p 00000000 00:00 0 
7efcd744a000-7efcd744d000 ---p 00000000 00:00 0 
7efcd744d000-7efcd754b000 rw-p 00000000 00:00 0 
7efcd754b000-7efcd754e000 ---p 00000000 00:00 0 
7efcd754e000-7efcd764c000 rw-p 00000000 00:00 0 
7efcd764c000-7efcd7997000 r--p 00000000 08:02 5558209                    /usr/lib/locale/locale-archive
7efcd7997000-7efcd799a000 ---p 00000000 00:00 0 
7efcd799a000-7efcd7a98000 rw-p 00000000 00:00 0 
7efcd7a98000-7efcd7a9b000 ---p 00000000 00:00 0 
7efcd7a9b000-7efcd7b99000 rw-p 00000000 00:00 0 
7efcd7b99000-7efcd7b9a000 ---p 00000000 00:00 0 
7efcd7b9a000-7efcdc000000 rw-p 00000000 00:00 0 
7efcdc000000-7efcdc021000 rw-p 00000000 00:00 0 
7efcdc021000-7efce0000000 ---p 00000000 00:00 0 
7efce0000000-7efce0021000 rw-p 00000000 00:00 0 
7efce0021000-7efce4000000 ---p 00000000 00:00 0 
7efce4000000-7efce4021000 rw-p 00000000 00:00 0 
7efce4021000-7efce8000000 ---p 00000000 00:00 0 
7efce8000000-7efce8021000 rw-p 00000000 00:00 0 
7efce8021000-7efcec000000 ---p 00000000 00:00 0 
7efcec000000-7efcec021000 rw-p 00000000 00:00 0 
7efcec021000-7efcf0000000 ---p 00000000 00:00 0 
7efcf0000000-7efcf0021000 rw-p 00000000 00:00 0 
7efcf0021000-7efcf4000000 ---p 00000000 00:00 0 
7efcf4000000-7efcf4021000 rw-p 00000000 00:00 0 
7efcf4021000-7efcf8000000 ---p 00000000 00:00 0 
7efcf8000000-7efcf8021000 rw-p 00000000 00:00 0 
7efcf8021000-7efcfc000000 ---p 00000000 00:00 0 
7efcfc001000-7efcfc004000 r--s 00026000 08:02 1576377                    /home/mj/.android/build-cache/0417b9d79f7e1f6df77e56f122595b254323d12b/output/jars/classes.jar
7efcfc004000-7efcfc008000 r--s 00016000 08:02 1704351                    /home/mj/.android/build-cache/aceec83172c2c27c248873feade19e16024e2db6/output/jars/classes.jar
7efcfc008000-7efcfc00e000 r--s 00052000 08:02 1577238                    /home/mj/.android/build-cache/78e09e029eb7590f966efd46dbc2f7618b43f560/output/jars/classes.jar
7efcfc00e000-7efcfc02b000 r--s 00125000 08:02 5243428                    /home/mj/.cache/vimfiles/repos/github.com/artur-shaik/vim-javacomplete2/libs/javavi_log4j-core.jar
7efcfc02b000-7efcfd000000 rw-p 00000000 00:00 0 
7efcfd000000-7efcfd720000 rwxp 00000000 00:00 0 
7efcfd720000-7efd0c000000 ---p 00000000 00:00 0 
7efd0c000000-7efd0c48b000 rw-p 00000000 00:00 0 
7efd0c48b000-7efd10000000 ---p 00000000 00:00 0 
7efd10000000-7efd10003000 r--s 00017000 08:02 1447197                    /home/mj/.android/build-cache/2d771226a757bd279f24bb6ae66df0cd43667b29/output/jars/classes.jar
7efd10003000-7efd10008000 r--s 00032000 08:02 5243427                    /home/mj/.cache/vimfiles/repos/github.com/artur-shaik/vim-javacomplete2/libs/javavi_log4j-api.jar
7efd10008000-7efd1069d000 rw-p 00000000 00:00 0 
7efd1069d000-7efd1086c000 r--s 03c05000 08:02 6173116                    /usr/lib/jvm/java-8-openjdk/jre/lib/rt.jar
7efd1086c000-7efd114b8000 rw-p 00000000 00:00 0 
7efd114b8000-7efd114b9000 ---p 00000000 00:00 0 
7efd114b9000-7efd115b9000 rw-p 00000000 00:00 0 
7efd115b9000-7efd115ba000 ---p 00000000 00:00 0 
7efd115ba000-7efd116ba000 rw-p 00000000 00:00 0 
7efd116ba000-7efd116bb000 ---p 00000000 00:00 0 
7efd116bb000-7efd117bb000 rw-p 00000000 00:00 0 
7efd117bb000-7efd117bc000 ---p 00000000 00:00 0 
7efd117bc000-7efd118bc000 rw-p 00000000 00:00 0 
7efd118bc000-7efd118bd000 ---p 00000000 00:00 0 
7efd118bd000-7efd119bd000 rw-p 00000000 00:00 0 
7efd119bd000-7efd119be000 ---p 00000000 00:00 0 
7efd119be000-7efd11abe000 rw-p 00000000 00:00 0 
7efd11abe000-7efd11abf000 ---p 00000000 00:00 0 
7efd11abf000-7efd11bbf000 rw-p 00000000 00:00 0 
7efd11bbf000-7efd11bc0000 ---p 00000000 00:00 0 
7efd11bc0000-7efd11cea000 rw-p 00000000 00:00 0 
7efd11cea000-7efd11f4f000 ---p 00000000 00:00 0 
7efd11f4f000-7efd11f79000 rw-p 00000000 00:00 0 
7efd11f79000-7efd121dd000 ---p 00000000 00:00 0 
7efd121dd000-7efd122bc000 rw-p 00000000 00:00 0 
7efd122bc000-7efd12325000 ---p 00000000 00:00 0 
7efd12325000-7efd12343000 rw-p 00000000 00:00 0 
7efd12343000-7efd126e6000 ---p 00000000 00:00 0 
7efd126e6000-7efd126ee000 r-xp 00000000 08:02 7472760                    /usr/lib/jvm/java-8-openjdk/jre/lib/amd64/libzip.so
7efd126ee000-7efd128ed000 ---p 00008000 08:02 7472760                    /usr/lib/jvm/java-8-openjdk/jre/lib/amd64/libzip.so
7efd128ed000-7efd128ee000 r--p 00007000 08:02 7472760                    /usr/lib/jvm/java-8-openjdk/jre/lib/amd64/libzip.so
7efd128ee000-7efd128ef000 rw-p 00008000 08:02 7472760                    /usr/lib/jvm/java-8-openjdk/jre/lib/amd64/libzip.so
7efd128ef000-7efd128fa000 r-xp 00000000 08:02 5507099                    /usr/lib/libnss_files-2.25.so
7efd128fa000-7efd12af9000 ---p 0000b000 08:02 5507099                    /usr/lib/libnss_files-2.25.so
7efd12af9000-7efd12afa000 r--p 0000a000 08:02 5507099                    /usr/lib/libnss_files-2.25.so
7efd12afa000-7efd12afb000 rw-p 0000b000 08:02 5507099                    /usr/lib/libnss_files-2.25.so
7efd12afb000-7efd12b01000 rw-p 00000000 00:00 0 
7efd12b01000-7efd12b0c000 r-xp 00000000 08:02 5507097                    /usr/lib/libnss_nis-2.25.so
7efd12b0c000-7efd12d0b000 ---p 0000b000 08:02 5507097                    /usr/lib/libnss_nis-2.25.so
7efd12d0b000-7efd12d0c000 r--p 0000a000 08:02 5507097                    /usr/lib/libnss_nis-2.25.so
7efd12d0c000-7efd12d0d000 rw-p 0000b000 08:02 5507097                    /usr/lib/libnss_nis-2.25.so
7efd12d0d000-7efd12d22000 r-xp 00000000 08:02 5507093                    /usr/lib/libnsl-2.25.so
7efd12d22000-7efd12f21000 ---p 00015000 08:02 5507093                    /usr/lib/libnsl-2.25.so
7efd12f21000-7efd12f22000 r--p 00014000 08:02 5507093                    /usr/lib/libnsl-2.25.so
7efd12f22000-7efd12f23000 rw-p 00015000 08:02 5507093                    /usr/lib/libnsl-2.25.so
7efd12f23000-7efd12f25000 rw-p 00000000 00:00 0 
7efd12f25000-7efd12f2c000 r-xp 00000000 08:02 5507140                    /usr/lib/libnss_compat-2.25.so
7efd12f2c000-7efd1312b000 ---p 00007000 08:02 5507140                    /usr/lib/libnss_compat-2.25.so
7efd1312b000-7efd1312c000 r--p 00006000 08:02 5507140                    /usr/lib/libnss_compat-2.25.so
7efd1312c000-7efd1312d000 rw-p 00007000 08:02 5507140                    /usr/lib/libnss_compat-2.25.so
7efd1312d000-7efd1315a000 r-xp 00000000 08:02 7472756                    /usr/lib/jvm/java-8-openjdk/jre/lib/amd64/libjava.so
7efd1315a000-7efd13359000 ---p 0002d000 08:02 7472756                    /usr/lib/jvm/java-8-openjdk/jre/lib/amd64/libjava.so
7efd13359000-7efd1335a000 r--p 0002c000 08:02 7472756                    /usr/lib/jvm/java-8-openjdk/jre/lib/amd64/libjava.so
7efd1335a000-7efd1335c000 rw-p 0002d000 08:02 7472756                    /usr/lib/jvm/java-8-openjdk/jre/lib/amd64/libjava.so
7efd1335c000-7efd13369000 r-xp 00000000 08:02 7472737                    /usr/lib/jvm/java-8-openjdk/jre/lib/amd64/libverify.so
7efd13369000-7efd13568000 ---p 0000d000 08:02 7472737                    /usr/lib/jvm/java-8-openjdk/jre/lib/amd64/libverify.so
7efd13568000-7efd1356a000 r--p 0000c000 08:02 7472737                    /usr/lib/jvm/java-8-openjdk/jre/lib/amd64/libverify.so
7efd1356a000-7efd1356b000 rw-p 0000e000 08:02 7472737                    /usr/lib/jvm/java-8-openjdk/jre/lib/amd64/libverify.so
7efd1356b000-7efd13572000 r-xp 00000000 08:02 5507091                    /usr/lib/librt-2.25.so
7efd13572000-7efd13771000 ---p 00007000 08:02 5507091                    /usr/lib/librt-2.25.so
7efd13771000-7efd13772000 r--p 00006000 08:02 5507091                    /usr/lib/librt-2.25.so
7efd13772000-7efd13773000 rw-p 00007000 08:02 5507091                    /usr/lib/librt-2.25.so
7efd13773000-7efd13885000 r-xp 00000000 08:02 5507094                    /usr/lib/libm-2.25.so
7efd13885000-7efd13a84000 ---p 00112000 08:02 5507094                    /usr/lib/libm-2.25.so
7efd13a84000-7efd13a85000 r--p 00111000 08:02 5507094                    /usr/lib/libm-2.25.so
7efd13a85000-7efd13a86000 rw-p 00112000 08:02 5507094                    /usr/lib/libm-2.25.so
7efd13a86000-7efd146b1000 r-xp 00000000 08:02 7472765                    /usr/lib/jvm/java-8-openjdk/jre/lib/amd64/server/libjvm.so
7efd146b1000-7efd148b0000 ---p 00c2b000 08:02 7472765                    /usr/lib/jvm/java-8-openjdk/jre/lib/amd64/server/libjvm.so
7efd148b0000-7efd14944000 r--p 00c2a000 08:02 7472765                    /usr/lib/jvm/java-8-openjdk/jre/lib/amd64/server/libjvm.so
7efd14944000-7efd1496d000 rw-p 00cbe000 08:02 7472765                    /usr/lib/jvm/java-8-openjdk/jre/lib/amd64/server/libjvm.so
7efd1496d000-7efd1499d000 rw-p 00000000 00:00 0 
7efd1499d000-7efd14b38000 r-xp 00000000 08:02 5507218                    /usr/lib/libc-2.25.so
7efd14b38000-7efd14d37000 ---p 0019b000 08:02 5507218                    /usr/lib/libc-2.25.so
7efd14d37000-7efd14d3b000 r--p 0019a000 08:02 5507218                    /usr/lib/libc-2.25.so
7efd14d3b000-7efd14d3d000 rw-p 0019e000 08:02 5507218                    /usr/lib/libc-2.25.so
7efd14d3d000-7efd14d41000 rw-p 00000000 00:00 0 
7efd14d41000-7efd14d44000 r-xp 00000000 08:02 5507095                    /usr/lib/libdl-2.25.so
7efd14d44000-7efd14f43000 ---p 00003000 08:02 5507095                    /usr/lib/libdl-2.25.so
7efd14f43000-7efd14f44000 r--p 00002000 08:02 5507095                    /usr/lib/libdl-2.25.so
7efd14f44000-7efd14f45000 rw-p 00003000 08:02 5507095                    /usr/lib/libdl-2.25.so
7efd14f45000-7efd14f52000 r-xp 00000000 08:02 7472768                    /usr/lib/jvm/java-8-openjdk/jre/lib/amd64/jli/libjli.so
7efd14f52000-7efd15151000 ---p 0000d000 08:02 7472768                    /usr/lib/jvm/java-8-openjdk/jre/lib/amd64/jli/libjli.so
7efd15151000-7efd15152000 r--p 0000c000 08:02 7472768                    /usr/lib/jvm/java-8-openjdk/jre/lib/amd64/jli/libjli.so
7efd15152000-7efd15153000 rw-p 0000d000 08:02 7472768                    /usr/lib/jvm/java-8-openjdk/jre/lib/amd64/jli/libjli.so
7efd15153000-7efd15169000 r-xp 00000000 08:02 5515653                    /usr/lib/libz.so.1.2.11
7efd15169000-7efd15368000 ---p 00016000 08:02 5515653                    /usr/lib/libz.so.1.2.11
7efd15368000-7efd15369000 r--p 00015000 08:02 5515653                    /usr/lib/libz.so.1.2.11
7efd15369000-7efd1536a000 rw-p 00016000 08:02 5515653                    /usr/lib/libz.so.1.2.11
7efd1536a000-7efd15383000 r-xp 00000000 08:02 5507237                    /usr/lib/libpthread-2.25.so
7efd15383000-7efd15582000 ---p 00019000 08:02 5507237                    /usr/lib/libpthread-2.25.so
7efd15582000-7efd15583000 r--p 00018000 08:02 5507237                    /usr/lib/libpthread-2.25.so
7efd15583000-7efd15584000 rw-p 00019000 08:02 5507237                    /usr/lib/libpthread-2.25.so
7efd15584000-7efd15588000 rw-p 00000000 00:00 0 
7efd15588000-7efd155ab000 r-xp 00000000 08:02 5507219                    /usr/lib/ld-2.25.so
7efd155ab000-7efd155ac000 r--s 0003e000 08:02 7487799                    /home/mj/.gradle/caches/modules-2/files-2.1/org.jacoco/org.jacoco.agent/0.7.5.201505241946/2f0308aaf7b3f2e133d410de8af49739cb0964aa/org.jacoco.agent-0.7.5.201505241946.jar
7efd155ac000-7efd155ae000 r--s 00004000 08:02 6438468                    /home/mj/android-sdks/extras/android/m2repository/com/android/support/support-annotations/25.3.1/support-annotations-25.3.1.jar
7efd155ae000-7efd155af000 r--s 00003000 08:02 1576424                    /home/mj/.android/build-cache/b28b5b0daad92cf4f753547e147c180ec5d988dc/output/jars/classes.jar
7efd155af000-7efd155b0000 r--s 00000000 08:02 1576412                    /home/mj/.android/build-cache/01889cc04e7420fbd1f82a76c2961b8e919fbb1c/output/jars/classes.jar
7efd155b0000-7efd155b4000 r--s 0001f000 08:02 6709136                    /home/mj/.gradle/caches/modules-2/files-2.1/org.jacoco/org.jacoco.report/0.7.5.201505241946/cb1ac5562a45c98cd7b774452f3e8b867b71cd65/org.jacoco.report-0.7.5.201505241946.jar
7efd155b4000-7efd155b6000 r--s 00002000 08:02 7223792                    /home/mj/.android/build-cache/619c5da92d0590bd41063d84398772ced2bcf2c9/output/jars/classes.jar
7efd155b6000-7efd155bb000 r--s 00053000 08:02 5243320                    /home/mj/.cache/vimfiles/repos/github.com/artur-shaik/vim-javacomplete2/libs/javaparser.jar
7efd155bb000-7efd155bf000 r--s 0001d000 08:02 6709134                    /home/mj/.gradle/caches/modules-2/files-2.1/org.jacoco/org.jacoco.core/0.7.5.201505241946/1ea906dc5201d2a1bc0604f8650534d4bcaf4c95/org.jacoco.core-0.7.5.201505241946.jar
7efd155bf000-7efd155c0000 r--s 00002000 08:02 7220726                    /home/mj/.android/build-cache/e9fba9ff66935b5f8340e38e26031f84dd7c25a1/output/jars/classes.jar
7efd155c0000-7efd15664000 rw-p 00000000 00:00 0 
7efd15664000-7efd15667000 ---p 00000000 00:00 0 
7efd15667000-7efd15767000 rw-p 00000000 00:00 0 
7efd15767000-7efd1576c000 r--s 00058000 08:02 1970738                    /home/mj/.gradle/caches/modules-2/files-2.1/org.ow2.asm/asm-debug-all/5.0.1/f69b5f7d96cec0d448acf1c1a266584170c9643b/asm-debug-all-5.0.1.jar
7efd1576c000-7efd1576d000 r--s 00009000 08:02 2100666                    /home/mj/.android/build-cache/639b980cecdbde820085d93e2511c6d4c899ae2b/output/jars/classes.jar
7efd1576d000-7efd15777000 r--s 000a0000 08:02 1576438                    /home/mj/.android/build-cache/e989540b6106ad8b8da9482202d03f8d01153784/output/jars/classes.jar
7efd15777000-7efd1579e000 rw-p 00000000 00:00 0 
7efd1579e000-7efd157a6000 rw-s 00000000 00:24 986118                     /tmp/hsperfdata_mj/6400
7efd157a6000-7efd157a7000 rw-p 00000000 00:00 0 
7efd157a7000-7efd157a8000 ---p 00000000 00:00 0 
7efd157a8000-7efd157aa000 rw-p 00000000 00:00 0 
7efd157aa000-7efd157ab000 r--p 00022000 08:02 5507219                    /usr/lib/ld-2.25.so
7efd157ab000-7efd157ac000 rw-p 00023000 08:02 5507219                    /usr/lib/ld-2.25.so
7efd157ac000-7efd157ad000 rw-p 00000000 00:00 0 
7ffc258d1000-7ffc258f3000 rw-p 00000000 00:00 0                          [stack]
7ffc259aa000-7ffc259ac000 r--p 00000000 00:00 0                          [vvar]
7ffc259ac000-7ffc259ae000 r-xp 00000000 00:00 0                          [vdso]
ffffffffff600000-ffffffffff601000 r-xp 00000000 00:00 0                  [vsyscall]

VM Arguments:
jvm_args: -Ddaemon.port=51883 -Dlog4j.configurationFile=/home/mj/.cache/vimfiles/repos/github.com/artur-shaik/vim-javacomplete2/libs/javavi/target/classes/log4j2.xml 
java_command: kg.ash.javavi.Javavi -sources /home/mj/work/TimeManager/Client/app/src:/home/mj/work/TimeManager/MyApplication/app/src: -t 300 -base /home/mj/.cache/javacomplete2/ -compiler javac -project _home_mj_work_TimeManager_Client_build_gradle -D 51883
java_class_path (initial): /home/mj/.android/build-cache/e989540b6106ad8b8da9482202d03f8d01153784/output/jars/classes.jar:/home/mj/.android/build-cache/639b980cecdbde820085d93e2511c6d4c899ae2b/output/jars/classes.jar:/home/mj/work/TimeManager/Client/app/build/intermediates/classes/debugCLASSPATH:/home/mj/.cache/vimfiles/repos/github.com/artur-shaik/vim-javacomplete2/libs/javavi_log4j-core.jar:/usr/lib/jvm/java-8-openjdk/jre/lib:/home/mj/.gradle/caches/modules-2/files-2.1/org.ow2.asm/asm-debug-all/5.0.1/f69b5f7d96cec0d448acf1c1a266584170c9643b/asm-debug-all-5.0.1.jar:/home/mj/.android/build-cache/e9fba9ff66935b5f8340e38e26031f84dd7c25a1/output/jars/classes.jar:/home/mj/.gradle/caches/modules-2/files-2.1/org.jacoco/org.jacoco.core/0.7.5.201505241946/1ea906dc5201d2a1bc0604f8650534d4bcaf4c95/org.jacoco.core-0.7.5.201505241946.jar:.:/home/mj/.cache/vimfiles/repos/github.com/artur-shaik/vim-javacomplete2/libs/javaparser.jar:/home/mj/.android/build-cache/619c5da92d0590bd41063d84398772ced2bcf2c9/output/jars/classes.jar:/home/mj/work/TimeManager/Client/app/src/release/java:/home/mj/.gradle/caches/modules-2/files-2.1/org.jacoco/org.jacoco.report/0.7.5.201505241946/cb1ac5562a45c98cd7b774452f3e8b867b71cd65/org.jacoco.report-0.7.5.201505241946.jar:/home/mj/.android/build-cache/01889cc04e7420fbd1f82a76c2961b8e919fbb1c/output/jars/classes.jar:/home/mj/.cache/vimfiles/repos/github.com/artur-shaik/vim-javacomplete2/libs/javavi/target/classes:/home/mj/.android/build-cache/b28b5b0daad92cf4f753547e147c180ec5d988dc/output/jars/classes.jar:/home/mj/.cache/vimfiles/repos/github.com/artur-shaik/vim-javacomplete2/libs/javavi_log4j-api.jar:/home/mj/android-sdks/extras/android/m2repository/com/android/support/support-annotations/25.3.1/support-annotations-25.3.1.jar:/home/mj/work/TimeManager/Client/app/src/main/java:/home/mj/.android/build-cache/78e09e029eb7590f966efd46dbc2f7618b43f560/output/jars/classes.jar:/home/mj/.android/build-cache/aceec83172c2c27c248873feade19e16024e2db6/output/jars
Launcher Type: SUN_STANDARD

Environment Variables:
PATH=/usr/lib/git-core:/home/mj/.config/composer/vendor/bin/:/usr/local/sbin:/usr/local/bin:/usr/bin:/usr/lib/jvm/default/bin:/usr/bin/site_perl:/usr/bin/vendor_perl:/usr/bin/core_perl
SHELL=/bin/zsh
DISPLAY=:0

Signal Handlers:
SIGSEGV: [libjvm.so+0xa2d880], sa_mask[0]=11111111011111111101111111111110, sa_flags=SA_RESTART|SA_SIGINFO
SIGBUS: [libjvm.so+0xa2d880], sa_mask[0]=11111111011111111101111111111110, sa_flags=SA_RESTART|SA_SIGINFO
SIGFPE: [libjvm.so+0x881d40], sa_mask[0]=11111111011111111101111111111110, sa_flags=SA_RESTART|SA_SIGINFO
SIGPIPE: [libjvm.so+0x881d40], sa_mask[0]=11111111011111111101111111111110, sa_flags=SA_RESTART|SA_SIGINFO
SIGXFSZ: [libjvm.so+0x881d40], sa_mask[0]=11111111011111111101111111111110, sa_flags=SA_RESTART|SA_SIGINFO
SIGILL: [libjvm.so+0x881d40], sa_mask[0]=11111111011111111101111111111110, sa_flags=SA_RESTART|SA_SIGINFO
SIGUSR1: SIG_DFL, sa_mask[0]=00000000000000000000000000000000, sa_flags=none
SIGUSR2: [libjvm.so+0x881c10], sa_mask[0]=00000000000000000000000000000000, sa_flags=SA_RESTART|SA_SIGINFO
SIGHUP: [libjvm.so+0x882080], sa_mask[0]=11111111011111111101111111111110, sa_flags=SA_RESTART|SA_SIGINFO
SIGINT: [libjvm.so+0x882080], sa_mask[0]=11111111011111111101111111111110, sa_flags=SA_RESTART|SA_SIGINFO
SIGTERM: [libjvm.so+0x882080], sa_mask[0]=11111111011111111101111111111110, sa_flags=SA_RESTART|SA_SIGINFO
SIGQUIT: [libjvm.so+0x882080], sa_mask[0]=11111111011111111101111111111110, sa_flags=SA_RESTART|SA_SIGINFO


---------------  S Y S T E M  ---------------

OS:LSB_VERSION=1.4
DISTRIB_ID=Arch
DISTRIB_RELEASE=rolling
DISTRIB_DESCRIPTION="Arch Linux"

uname:Linux 4.10.11-1-ARCH #1 SMP PREEMPT Tue Apr 18 08:39:42 CEST 2017 x86_64
libc:glibc 2.25 NPTL 2.25 
rlimit: STACK 8192k, CORE infinity, NPROC 31107, NOFILE 4096, AS infinity
load average:0.80 1.01 0.96

/proc/meminfo:
MemTotal:        8037312 kB
MemFree:          127596 kB
MemAvailable:      29888 kB
Buffers:            1772 kB
Cached:           757768 kB
SwapCached:            0 kB
Active:          6160196 kB
Inactive:         740652 kB
Active(anon):    6145064 kB
Inactive(anon):   723416 kB
Active(file):      15132 kB
Inactive(file):    17236 kB
Unevictable:          40 kB
Mlocked:              40 kB
SwapTotal:             0 kB
SwapFree:              0 kB
Dirty:                88 kB
Writeback:             0 kB
AnonPages:       6142608 kB
Mapped:           998256 kB
Shmem:            726012 kB
Slab:             120956 kB
SReclaimable:      54672 kB
SUnreclaim:        66284 kB
KernelStack:       15632 kB
PageTables:        84636 kB
NFS_Unstable:          0 kB
Bounce:                0 kB
WritebackTmp:          0 kB
CommitLimit:     4018656 kB
Committed_AS:   13440916 kB
VmallocTotal:   34359738367 kB
VmallocUsed:           0 kB
VmallocChunk:          0 kB
HardwareCorrupted:     0 kB
AnonHugePages:   2050048 kB
ShmemHugePages:        0 kB
ShmemPmdMapped:        0 kB
HugePages_Total:       0
HugePages_Free:        0
HugePages_Rsvd:        0
HugePages_Surp:        0
Hugepagesize:       2048 kB
DirectMap4k:      240944 kB
DirectMap2M:     8005632 kB
DirectMap1G:     1048576 kB


CPU:total 8 (4 cores per cpu, 2 threads per core) family 6 model 94 stepping 3, cmov, cx8, fxsr, mmx, sse, sse2, sse3, ssse3, sse4.1, sse4.2, popcnt, avx, avx2, aes, clmul, erms, rtm, 3dnowpref, lzcnt, ht, tsc, tscinvbit, bmi1, bmi2, adx

/proc/cpuinfo:
processor	: 0
vendor_id	: GenuineIntel
cpu family	: 6
model		: 94
model name	: Intel(R) Core(TM) i7-6700HQ CPU @ 2.60GHz
stepping	: 3
microcode	: 0x9e
cpu MHz		: 3254.760
cache size	: 6144 KB
physical id	: 0
siblings	: 8
core id		: 0
cpu cores	: 4
apicid		: 0
initial apicid	: 0
fpu		: yes
fpu_exception	: yes
cpuid level	: 22
wp		: yes
flags		: fpu vme de pse tsc msr pae mce cx8 apic sep mtrr pge mca cmov pat pse36 clflush dts acpi mmx fxsr sse sse2 ss ht tm pbe syscall nx pdpe1gb rdtscp lm constant_tsc art arch_perfmon pebs bts rep_good nopl xtopology nonstop_tsc aperfmperf tsc_known_freq pni pclmulqdq dtes64 monitor ds_cpl vmx est tm2 ssse3 sdbg fma cx16 xtpr pdcm pcid sse4_1 sse4_2 x2apic movbe popcnt tsc_deadline_timer aes xsave avx f16c rdrand lahf_lm abm 3dnowprefetch epb intel_pt tpr_shadow vnmi flexpriority ept vpid fsgsbase tsc_adjust bmi1 hle avx2 smep bmi2 erms invpcid rtm mpx rdseed adx smap clflushopt xsaveopt xsavec xgetbv1 xsaves dtherm ida arat pln pts hwp hwp_notify hwp_act_window hwp_epp
bugs		:
bogomips	: 5186.00
clflush size	: 64
cache_alignment	: 64
address sizes	: 39 bits physical, 48 bits virtual
power management:

processor	: 1
vendor_id	: GenuineIntel
cpu family	: 6
model		: 94
model name	: Intel(R) Core(TM) i7-6700HQ CPU @ 2.60GHz
stepping	: 3
microcode	: 0x9e
cpu MHz		: 3114.160
cache size	: 6144 KB
physical id	: 0
siblings	: 8
core id		: 1
cpu cores	: 4
apicid		: 2
initial apicid	: 2
fpu		: yes
fpu_exception	: yes
cpuid level	: 22
wp		: yes
flags		: fpu vme de pse tsc msr pae mce cx8 apic sep mtrr pge mca cmov pat pse36 clflush dts acpi mmx fxsr sse sse2 ss ht tm pbe syscall nx pdpe1gb rdtscp lm constant_tsc art arch_perfmon pebs bts rep_good nopl xtopology nonstop_tsc aperfmperf tsc_known_freq pni pclmulqdq dtes64 monitor ds_cpl vmx est tm2 ssse3 sdbg fma cx16 xtpr pdcm pcid sse4_1 sse4_2 x2apic movbe popcnt tsc_deadline_timer aes xsave avx f16c rdrand lahf_lm abm 3dnowprefetch epb intel_pt tpr_shadow vnmi flexpriority ept vpid fsgsbase tsc_adjust bmi1 hle avx2 smep bmi2 erms invpcid rtm mpx rdseed adx smap clflushopt xsaveopt xsavec xgetbv1 xsaves dtherm ida arat pln pts hwp hwp_notify hwp_act_window hwp_epp
bugs		:
bogomips	: 5187.23
clflush size	: 64
cache_alignment	: 64
address sizes	: 39 bits physical, 48 bits virtual
power management:

processor	: 2
vendor_id	: GenuineIntel
cpu family	: 6
model		: 94
model name	: Intel(R) Core(TM) i7-6700HQ CPU @ 2.60GHz
stepping	: 3
microcode	: 0x9e
cpu MHz		: 3327.758
cache size	: 6144 KB
physical id	: 0
siblings	: 8
core id		: 2
cpu cores	: 4
apicid		: 4
initial apicid	: 4
fpu		: yes
fpu_exception	: yes
cpuid level	: 22
wp		: yes
flags		: fpu vme de pse tsc msr pae mce cx8 apic sep mtrr pge mca cmov pat pse36 clflush dts acpi mmx fxsr sse sse2 ss ht tm pbe syscall nx pdpe1gb rdtscp lm constant_tsc art arch_perfmon pebs bts rep_good nopl xtopology nonstop_tsc aperfmperf tsc_known_freq pni pclmulqdq dtes64 monitor ds_cpl vmx est tm2 ssse3 sdbg fma cx16 xtpr pdcm pcid sse4_1 sse4_2 x2apic movbe popcnt tsc_deadline_timer aes xsave avx f16c rdrand lahf_lm abm 3dnowprefetch epb intel_pt tpr_shadow vnmi flexpriority ept vpid fsgsbase tsc_adjust bmi1 hle avx2 smep bmi2 erms invpcid rtm mpx rdseed adx smap clflushopt xsaveopt xsavec xgetbv1 xsaves dtherm ida arat pln pts hwp hwp_notify hwp_act_window hwp_epp
bugs		:
bogomips	: 5187.27
clflush size	: 64
cache_alignment	: 64
address sizes	: 39 bits physical, 48 bits virtual
power management:

processor	: 3
vendor_id	: GenuineIntel
cpu family	: 6
model		: 94
model name	: Intel(R) Core(TM) i7-6700HQ CPU @ 2.60GHz
stepping	: 3
microcode	: 0x9e
cpu MHz		: 3188.269
cache size	: 6144 KB
physical id	: 0
siblings	: 8
core id		: 3
cpu cores	: 4
apicid		: 6
initial apicid	: 6
fpu		: yes
fpu_exception	: yes
cpuid level	: 22
wp		: yes
flags		: fpu vme de pse tsc msr pae mce cx8 apic sep mtrr pge mca cmov pat pse36 clflush dts acpi mmx fxsr sse sse2 ss ht tm pbe syscall nx pdpe1gb rdtscp lm constant_tsc art arch_perfmon pebs bts rep_good nopl xtopology nonstop_tsc aperfmperf tsc_known_freq pni pclmulqdq dtes64 monitor ds_cpl vmx est tm2 ssse3 sdbg fma cx16 xtpr pdcm pcid sse4_1 sse4_2 x2apic movbe popcnt tsc_deadline_timer aes xsave avx f16c rdrand lahf_lm abm 3dnowprefetch epb intel_pt tpr_shadow vnmi flexpriority ept vpid fsgsbase tsc_adjust bmi1 hle avx2 smep bmi2 erms invpcid rtm mpx rdseed adx smap clflushopt xsaveopt xsavec xgetbv1 xsaves dtherm ida arat pln pts hwp hwp_notify hwp_act_window hwp_epp
bugs		:
bogomips	: 5187.26
clflush size	: 64
cache_alignment	: 64
address sizes	: 39 bits physical, 48 bits virtual
power management:

processor	: 4
vendor_id	: GenuineIntel
cpu family	: 6
model		: 94
model name	: Intel(R) Core(TM) i7-6700HQ CPU @ 2.60GHz
stepping	: 3
microcode	: 0x9e
cpu MHz		: 3123.999
cache size	: 6144 KB
physical id	: 0
siblings	: 8
core id		: 0
cpu cores	: 4
apicid		: 1
initial apicid	: 1
fpu		: yes
fpu_exception	: yes
cpuid level	: 22
wp		: yes
flags		: fpu vme de pse tsc msr pae mce cx8 apic sep mtrr pge mca cmov pat pse36 clflush dts acpi mmx fxsr sse sse2 ss ht tm pbe syscall nx pdpe1gb rdtscp lm constant_tsc art arch_perfmon pebs bts rep_good nopl xtopology nonstop_tsc aperfmperf tsc_known_freq pni pclmulqdq dtes64 monitor ds_cpl vmx est tm2 ssse3 sdbg fma cx16 xtpr pdcm pcid sse4_1 sse4_2 x2apic movbe popcnt tsc_deadline_timer aes xsave avx f16c rdrand lahf_lm abm 3dnowprefetch epb intel_pt tpr_shadow vnmi flexpriority ept vpid fsgsbase tsc_adjust bmi1 hle avx2 smep bmi2 erms invpcid rtm mpx rdseed adx smap clflushopt xsaveopt xsavec xgetbv1 xsaves dtherm ida arat pln pts hwp hwp_notify hwp_act_window hwp_epp
bugs		:
bogomips	: 5187.78
clflush size	: 64
cache_alignment	: 64
address sizes	: 39 bits physical, 48 bits virtual
power management:

processor	: 5
vendor_id	: GenuineIntel
cpu family	: 6
model		: 94
model name	: Intel(R) Core(TM) i7-6700HQ CPU @ 2.60GHz
stepping	: 3
microcode	: 0x9e
cpu MHz		: 3237.463
cache size	: 6144 KB
physical id	: 0
siblings	: 8
core id		: 1
cpu cores	: 4
apicid		: 3
initial apicid	: 3
fpu		: yes
fpu_exception	: yes
cpuid level	: 22
wp		: yes
flags		: fpu vme de pse tsc msr pae mce cx8 apic sep mtrr pge mca cmov pat pse36 clflush dts acpi mmx fxsr sse sse2 ss ht tm pbe syscall nx pdpe1gb rdtscp lm constant_tsc art arch_perfmon pebs bts rep_good nopl xtopology nonstop_tsc aperfmperf tsc_known_freq pni pclmulqdq dtes64 monitor ds_cpl vmx est tm2 ssse3 sdbg fma cx16 xtpr pdcm pcid sse4_1 sse4_2 x2apic movbe popcnt tsc_deadline_timer aes xsave avx f16c rdrand lahf_lm abm 3dnowprefetch epb intel_pt tpr_shadow vnmi flexpriority ept vpid fsgsbase tsc_adjust bmi1 hle avx2 smep bmi2 erms invpcid rtm mpx rdseed adx smap clflushopt xsaveopt xsavec xgetbv1 xsaves dtherm ida arat pln pts hwp hwp_notify hwp_act_window hwp_epp
bugs		:
bogomips	: 5187.28
clflush size	: 64
cache_alignment	: 64
address sizes	: 39 bits physical, 48 bits virtual
power management:

processor	: 6
vendor_id	: GenuineIntel
cpu family	: 6
model		: 94
model name	: Intel(R) Core(TM) i7-6700HQ CPU @ 2.60GHz
stepping	: 3
microcode	: 0x9e
cpu MHz		: 3272.692
cache size	: 6144 KB
physical id	: 0
siblings	: 8
core id		: 2
cpu cores	: 4
apicid		: 5
initial apicid	: 5
fpu		: yes
fpu_exception	: yes
cpuid level	: 22
wp		: yes
flags		: fpu vme de pse tsc msr pae mce cx8 apic sep mtrr pge mca cmov pat pse36 clflush dts acpi mmx fxsr sse sse2 ss ht tm pbe syscall nx pdpe1gb rdtscp lm constant_tsc art arch_perfmon pebs bts rep_good nopl xtopology nonstop_tsc aperfmperf tsc_known_freq pni pclmulqdq dtes64 monitor ds_cpl vmx est tm2 ssse3 sdbg fma cx16 xtpr pdcm pcid sse4_1 sse4_2 x2apic movbe popcnt tsc_deadline_timer aes xsave avx f16c rdrand lahf_lm abm 3dnowprefetch epb intel_pt tpr_shadow vnmi flexpriority ept vpid fsgsbase tsc_adjust bmi1 hle avx2 smep bmi2 erms invpcid rtm mpx rdseed adx smap clflushopt xsaveopt xsavec xgetbv1 xsaves dtherm ida arat pln pts hwp hwp_notify hwp_act_window hwp_epp
bugs		:
bogomips	: 5187.30
clflush size	: 64
cache_alignment	: 64
address sizes	: 39 bits physical, 48 bits virtual
power management:

processor	: 7
vendor_id	: GenuineIntel
cpu family	: 6
model		: 94
model name	: Intel(R) Core(TM) i7-6700HQ CPU @ 2.60GHz
stepping	: 3
microcode	: 0x9e
cpu MHz		: 3147.009
cache size	: 6144 KB
physical id	: 0
siblings	: 8
core id		: 3
cpu cores	: 4
apicid		: 7
initial apicid	: 7
fpu		: yes
fpu_exception	: yes
cpuid level	: 22
wp		: yes
flags		: fpu vme de pse tsc msr pae mce cx8 apic sep mtrr pge mca cmov pat pse36 clflush dts acpi mmx fxsr sse sse2 ss ht tm pbe syscall nx pdpe1gb rdtscp lm constant_tsc art arch_perfmon pebs bts rep_good nopl xtopology nonstop_tsc aperfmperf tsc_known_freq pni pclmulqdq dtes64 monitor ds_cpl vmx est tm2 ssse3 sdbg fma cx16 xtpr pdcm pcid sse4_1 sse4_2 x2apic movbe popcnt tsc_deadline_timer aes xsave avx f16c rdrand lahf_lm abm 3dnowprefetch epb intel_pt tpr_shadow vnmi flexpriority ept vpid fsgsbase tsc_adjust bmi1 hle avx2 smep bmi2 erms invpcid rtm mpx rdseed adx smap clflushopt xsaveopt xsavec xgetbv1 xsaves dtherm ida arat pln pts hwp hwp_notify hwp_act_window hwp_epp
bugs		:
bogomips	: 5187.30
clflush size	: 64
cache_alignment	: 64
address sizes	: 39 bits physical, 48 bits virtual
power management:



Memory: 4k page, physical 8037312k(127348k free), swap 0k(0k free)

vm_info: OpenJDK 64-Bit Server VM (25.121-b13) for linux-amd64 JRE (1.8.0_121-b13), built on Jan 22 2017 09:22:31 by "builduser" with gcc 6.3.1 20170109

time: Tue May  2 20:24:03 2017
elapsed time: 2 seconds (0d 0h 0m 2s)

