#
# There is insufficient memory for the Java Runtime Environment to continue.
# Native memory allocation (mmap) failed to map 256901120 bytes for committing reserved memory.
# Possible reasons:
#   The system is out of physical RAM or swap space
#   In 32 bit mode, the process size limit was hit
# Possible solutions:
#   Reduce memory load on the system
#   Increase physical memory or swap space
#   Check if swap backing store is full
#   Use 64 bit Java on a 64 bit OS
#   Decrease Java heap size (-Xmx/-Xms)
#   Decrease number of Java threads
#   Decrease Java thread stack sizes (-Xss)
#   Set larger code cache with -XX:ReservedCodeCacheSize=
# This output file may be truncated or incomplete.
#
#  Out of Memory Error (os_linux.cpp:2627), pid=5767, tid=0x00007fc8c199d700
#
# JRE version: OpenJDK Runtime Environment (8.0_121-b13) (build 1.8.0_121-b13)
# Java VM: OpenJDK 64-Bit Server VM (25.121-b13 mixed mode linux-amd64 compressed oops)
# Core dump written. Default location: /home/mj/work/TimeManager/core or core.5767
#

---------------  T H R E A D  ---------------

Current thread (0x00007fc8f8081000):  VMThread [stack: 0x00007fc8c189d000,0x00007fc8c199e000] [id=5784]

Stack: [0x00007fc8c189d000,0x00007fc8c199e000],  sp=0x00007fc8c199c550,  free space=1021k
Native frames: (J=compiled Java code, j=interpreted, Vv=VM code, C=native code)
V  [libjvm.so+0xa2ce3b]
V  [libjvm.so+0x4b2387]
V  [libjvm.so+0x885fd0]
V  [libjvm.so+0x880d0f]
V  [libjvm.so+0x8f879e]
V  [libjvm.so+0x8f9a4b]
V  [libjvm.so+0x8f620b]
V  [libjvm.so+0x8f64dc]
V  [libjvm.so+0x8a9383]
V  [libjvm.so+0xa2e8a3]
V  [libjvm.so+0xa337a7]
V  [libjvm.so+0xa31117]
V  [libjvm.so+0xa3241e]
V  [libjvm.so+0xa32912]
V  [libjvm.so+0x8838a2]

VM_Operation (0x00007fc8c03a8510): ParallelGCFailedAllocation, mode: safepoint, requested by thread 0x00007fc88c02a000


---------------  P R O C E S S  ---------------

Java Threads: ( => current thread )
  0x00007fc870003000 JavaThread "ForkJoinPool.commonPool-worker-7" daemon [_thread_blocked, id=5852, stack(0x00007fc88b458000,0x00007fc88b559000)]
  0x00007fc87c003000 JavaThread "ForkJoinPool.commonPool-worker-6" daemon [_thread_blocked, id=5851, stack(0x00007fc88b559000,0x00007fc88b65a000)]
  0x00007fc870001000 JavaThread "ForkJoinPool.commonPool-worker-5" daemon [_thread_blocked, id=5850, stack(0x00007fc88b65a000,0x00007fc88b75b000)]
  0x00007fc87c001000 JavaThread "ForkJoinPool.commonPool-worker-4" daemon [_thread_blocked, id=5846, stack(0x00007fc88b7ea000,0x00007fc88b8eb000)]
  0x00007fc880020000 JavaThread "ForkJoinPool.commonPool-worker-3" daemon [_thread_blocked, id=5841, stack(0x00007fc88b8eb000,0x00007fc88b9ec000)]
  0x00007fc88001e800 JavaThread "ForkJoinPool.commonPool-worker-2" daemon [_thread_blocked, id=5831, stack(0x00007fc88b9ec000,0x00007fc88baed000)]
  0x00007fc88401b000 JavaThread "ForkJoinPool.commonPool-worker-1" daemon [_thread_blocked, id=5828, stack(0x00007fc88bced000,0x00007fc88bdee000)]
  0x00007fc88c02a000 JavaThread "Thread-3" [_thread_blocked, id=5825, stack(0x00007fc8c02a9000,0x00007fc8c03aa000)]
  0x00007fc88c002800 JavaThread "Timer-1" [_thread_blocked, id=5823, stack(0x00007fc8c05aa000,0x00007fc8c06ab000)]
  0x00007fc8f800b800 JavaThread "DestroyJavaVM" [_thread_blocked, id=5769, stack(0x00007fc8ff348000,0x00007fc8ff449000)]
  0x00007fc8f84c8000 JavaThread "Thread-0" [_thread_in_native, id=5821, stack(0x00007fc8c06ab000,0x00007fc8c07ac000)]
  0x00007fc8f84c6800 JavaThread "Timer-0" [_thread_blocked, id=5817, stack(0x00007fc8c07ac000,0x00007fc8c08ad000)]
  0x00007fc8f80d4800 JavaThread "Service Thread" daemon [_thread_blocked, id=5808, stack(0x00007fc8c0d4a000,0x00007fc8c0e4b000)]
  0x00007fc8f80c9000 JavaThread "C1 CompilerThread3" daemon [_thread_blocked, id=5807, stack(0x00007fc8c0e4b000,0x00007fc8c0f4c000)]
  0x00007fc8f80c7000 JavaThread "C2 CompilerThread2" daemon [_thread_in_native, id=5803, stack(0x00007fc8c0f4c000,0x00007fc8c104d000)]
  0x00007fc8f80c5000 JavaThread "C2 CompilerThread1" daemon [_thread_blocked, id=5801, stack(0x00007fc8c104d000,0x00007fc8c114e000)]
  0x00007fc8f80c2800 JavaThread "C2 CompilerThread0" daemon [_thread_blocked, id=5800, stack(0x00007fc8c114e000,0x00007fc8c124f000)]
  0x00007fc8f80be800 JavaThread "Signal Dispatcher" daemon [_thread_blocked, id=5798, stack(0x00007fc8c124f000,0x00007fc8c1350000)]
  0x00007fc8f808d000 JavaThread "Finalizer" daemon [_thread_blocked, id=5797, stack(0x00007fc8c169b000,0x00007fc8c179c000)]
  0x00007fc8f8088800 JavaThread "Reference Handler" daemon [_thread_blocked, id=5790, stack(0x00007fc8c179c000,0x00007fc8c189d000)]

Other Threads:
=>0x00007fc8f8081000 VMThread [stack: 0x00007fc8c189d000,0x00007fc8c199e000] [id=5784]
  0x00007fc8f80d7000 WatcherThread [stack: 0x00007fc8c0c49000,0x00007fc8c0d4a000] [id=5809]

VM state:at safepoint (normal execution)

VM Mutex/Monitor currently owned by a thread:  ([mutex/lock_event])
[0x00007fc8f8007a30] Threads_lock - owner thread: 0x00007fc8f8081000
[0x00007fc8f8007f30] Heap_lock - owner thread: 0x00007fc88c02a000

Heap:
 PSYoungGen      total 282112K, used 14382K [0x00000000d7180000, 0x00000000ea080000, 0x0000000100000000)
  eden space 253952K, 0% used [0x00000000d7180000,0x00000000d7180000,0x00000000e6980000)
  from space 28160K, 51% used [0x00000000e6980000,0x00000000e778baf8,0x00000000e8500000)
  to   space 26112K, 0% used [0x00000000e8700000,0x00000000e8700000,0x00000000ea080000)
 ParOldGen       total 84992K, used 50624K [0x0000000085400000, 0x000000008a700000, 0x00000000d7180000)
  object space 84992K, 59% used [0x0000000085400000,0x0000000088570118,0x000000008a700000)
 Metaspace       used 12506K, capacity 12798K, committed 13184K, reserved 1060864K
  class space    used 1480K, capacity 1563K, committed 1664K, reserved 1048576K

Card table byte_map: [0x00007fc8e8c29000,0x00007fc8e9000000] byte_map_base: 0x00007fc8e87ff000

Marking Bits: (ParMarkBitMap*) 0x00007fc8fe664260
 Begin Bits: [0x00007fc8c42a0000, 0x00007fc8c6150000)
 End Bits:   [0x00007fc8c6150000, 0x00007fc8c8000000)

Polling page: 0x00007fc8ff48b000

CodeCache: size=245760Kb used=7015Kb max_used=7058Kb free=238744Kb
 bounds [0x00007fc8e9000000, 0x00007fc8e9700000, 0x00007fc8f8000000]
 total_blobs=2067 nmethods=1709 adapters=272
 compilation: enabled

Compilation events (10 events):
Event: 1.248 Thread 0x00007fc8f80c7000 nmethod 1728 0x00007fc8e96b8b90 code [0x00007fc8e96b8e60, 0x00007fc8e96baa70]
Event: 1.252 Thread 0x00007fc8f80c2800 nmethod 1727 0x00007fc8e96bc110 code [0x00007fc8e96bc400, 0x00007fc8e96be368]
Event: 1.266 Thread 0x00007fc8f80c7000 1735       4       kg.ash.javavi.searchers.PackagesLoader$$Lambda$20/1052897702::accept (12 bytes)
Event: 1.266 Thread 0x00007fc8f80c2800 1736       4       kg.ash.javavi.searchers.PackagesLoader::appendEntry (50 bytes)
Event: 1.447 Thread 0x00007fc8f80c7000 nmethod 1735 0x00007fc8e96cc410 code [0x00007fc8e96cc9c0, 0x00007fc8e96d15b0]
Event: 1.447 Thread 0x00007fc8f80c7000 1737       4       kg.ash.javavi.searchers.PackagesLoader::processClass (184 bytes)
Event: 1.449 Thread 0x00007fc8f80c2800 nmethod 1736 0x00007fc8e96d85d0 code [0x00007fc8e96d8b60, 0x00007fc8e96ddab0]
Event: 1.454 Thread 0x00007fc8f80c2800 1738       4       java.util.regex.Matcher::getTextLength (10 bytes)
Event: 1.455 Thread 0x00007fc8f80c2800 nmethod 1738 0x00007fc8e96a4510 code [0x00007fc8e96a4660, 0x00007fc8e96a4718]
Event: 1.523 Thread 0x00007fc8f80c5000 nmethod 1732 0x00007fc8e96e3710 code [0x00007fc8e96e3e80, 0x00007fc8e96eb9d8]

GC Heap History (10 events):
Event: 0.576 GC heap after
Heap after GC invocations=2 (full 0):
 PSYoungGen      total 68608K, used 5109K [0x00000000d7180000, 0x00000000db980000, 0x0000000100000000)
  eden space 63488K, 0% used [0x00000000d7180000,0x00000000d7180000,0x00000000daf80000)
  from space 5120K, 99% used [0x00000000db480000,0x00000000db97d7e0,0x00000000db980000)
  to   space 5120K, 0% used [0x00000000daf80000,0x00000000daf80000,0x00000000db480000)
 ParOldGen       total 84992K, used 9219K [0x0000000085400000, 0x000000008a700000, 0x00000000d7180000)
  object space 84992K, 10% used [0x0000000085400000,0x0000000085d00d60,0x000000008a700000)
 Metaspace       used 11374K, capacity 11650K, committed 11776K, reserved 1058816K
  class space    used 1411K, capacity 1489K, committed 1536K, reserved 1048576K
}
Event: 0.699 GC heap before
{Heap before GC invocations=3 (full 0):
 PSYoungGen      total 68608K, used 68597K [0x00000000d7180000, 0x00000000db980000, 0x0000000100000000)
  eden space 63488K, 100% used [0x00000000d7180000,0x00000000daf80000,0x00000000daf80000)
  from space 5120K, 99% used [0x00000000db480000,0x00000000db97d7e0,0x00000000db980000)
  to   space 5120K, 0% used [0x00000000daf80000,0x00000000daf80000,0x00000000db480000)
 ParOldGen       total 84992K, used 9219K [0x0000000085400000, 0x000000008a700000, 0x00000000d7180000)
  object space 84992K, 10% used [0x0000000085400000,0x0000000085d00d60,0x000000008a700000)
 Metaspace       used 11973K, capacity 12206K, committed 12544K, reserved 1060864K
  class space    used 1442K, capacity 1497K, committed 1536K, reserved 1048576K
Event: 0.720 GC heap after
Heap after GC invocations=3 (full 0):
 PSYoungGen      total 68608K, used 5102K [0x00000000d7180000, 0x00000000df780000, 0x0000000100000000)
  eden space 63488K, 0% used [0x00000000d7180000,0x00000000d7180000,0x00000000daf80000)
  from space 5120K, 99% used [0x00000000daf80000,0x00000000db47bb20,0x00000000db480000)
  to   space 5120K, 0% used [0x00000000df280000,0x00000000df280000,0x00000000df780000)
 ParOldGen       total 84992K, used 30016K [0x0000000085400000, 0x000000008a700000, 0x00000000d7180000)
  object space 84992K, 35% used [0x0000000085400000,0x0000000087150050,0x000000008a700000)
 Metaspace       used 11973K, capacity 12206K, committed 12544K, reserved 1060864K
  class space    used 1442K, capacity 1497K, committed 1536K, reserved 1048576K
}
Event: 0.874 GC heap before
{Heap before GC invocations=4 (full 0):
 PSYoungGen      total 68608K, used 68590K [0x00000000d7180000, 0x00000000df780000, 0x0000000100000000)
  eden space 63488K, 100% used [0x00000000d7180000,0x00000000daf80000,0x00000000daf80000)
  from space 5120K, 99% used [0x00000000daf80000,0x00000000db47bb20,0x00000000db480000)
  to   space 5120K, 0% used [0x00000000df280000,0x00000000df280000,0x00000000df780000)
 ParOldGen       total 84992K, used 30016K [0x0000000085400000, 0x000000008a700000, 0x00000000d7180000)
  object space 84992K, 35% used [0x0000000085400000,0x0000000087150050,0x000000008a700000)
 Metaspace       used 12377K, capacity 12662K, committed 12928K, reserved 1060864K
  class space    used 1479K, capacity 1561K, committed 1664K, reserved 1048576K
Event: 0.897 GC heap after
Heap after GC invocations=4 (full 0):
 PSYoungGen      total 132096K, used 5102K [0x00000000d7180000, 0x00000000df780000, 0x0000000100000000)
  eden space 126976K, 0% used [0x00000000d7180000,0x00000000d7180000,0x00000000ded80000)
  from space 5120K, 99% used [0x00000000df280000,0x00000000df77bbe8,0x00000000df780000)
  to   space 5120K, 0% used [0x00000000ded80000,0x00000000ded80000,0x00000000df280000)
 ParOldGen       total 84992K, used 45832K [0x0000000085400000, 0x000000008a700000, 0x00000000d7180000)
  object space 84992K, 53% used [0x0000000085400000,0x00000000880c2170,0x000000008a700000)
 Metaspace       used 12377K, capacity 12662K, committed 12928K, reserved 1060864K
  class space    used 1479K, capacity 1561K, committed 1664K, reserved 1048576K
}
Event: 1.195 GC heap before
{Heap before GC invocations=5 (full 0):
 PSYoungGen      total 132096K, used 132078K [0x00000000d7180000, 0x00000000df780000, 0x0000000100000000)
  eden space 126976K, 100% used [0x00000000d7180000,0x00000000ded80000,0x00000000ded80000)
  from space 5120K, 99% used [0x00000000df280000,0x00000000df77bbe8,0x00000000df780000)
  to   space 5120K, 0% used [0x00000000ded80000,0x00000000ded80000,0x00000000df280000)
 ParOldGen       total 84992K, used 45832K [0x0000000085400000, 0x000000008a700000, 0x00000000d7180000)
  object space 84992K, 53% used [0x0000000085400000,0x00000000880c2170,0x000000008a700000)
 Metaspace       used 12506K, capacity 12798K, committed 13184K, reserved 1060864K
  class space    used 1480K, capacity 1563K, committed 1664K, reserved 1048576K
Event: 1.208 GC heap after
Heap after GC invocations=5 (full 0):
 PSYoungGen      total 132096K, used 5102K [0x00000000d7180000, 0x00000000ea480000, 0x0000000100000000)
  eden space 126976K, 0% used [0x00000000d7180000,0x00000000d7180000,0x00000000ded80000)
  from space 5120K, 99% used [0x00000000ded80000,0x00000000df27bb18,0x00000000df280000)
  to   space 30208K, 0% used [0x00000000e8700000,0x00000000e8700000,0x00000000ea480000)
 ParOldGen       total 84992K, used 49088K [0x0000000085400000, 0x000000008a700000, 0x00000000d7180000)
  object space 84992K, 57% used [0x0000000085400000,0x00000000883f0170,0x000000008a700000)
 Metaspace       used 12506K, capacity 12798K, committed 13184K, reserved 1060864K
  class space    used 1480K, capacity 1563K, committed 1664K, reserved 1048576K
}
Event: 1.295 GC heap before
{Heap before GC invocations=6 (full 0):
 PSYoungGen      total 132096K, used 132078K [0x00000000d7180000, 0x00000000ea480000, 0x0000000100000000)
  eden space 126976K, 100% used [0x00000000d7180000,0x00000000ded80000,0x00000000ded80000)
  from space 5120K, 99% used [0x00000000ded80000,0x00000000df27bb18,0x00000000df280000)
  to   space 30208K, 0% used [0x00000000e8700000,0x00000000e8700000,0x00000000ea480000)
 ParOldGen       total 84992K, used 49088K [0x0000000085400000, 0x000000008a700000, 0x00000000d7180000)
  object space 84992K, 57% used [0x0000000085400000,0x00000000883f0170,0x000000008a700000)
 Metaspace       used 12506K, capacity 12798K, committed 13184K, reserved 1060864K
  class space    used 1480K, capacity 1563K, committed 1664K, reserved 1048576K
Event: 1.315 GC heap after
Heap after GC invocations=6 (full 0):
 PSYoungGen      total 280064K, used 12462K [0x00000000d7180000, 0x00000000ea080000, 0x0000000100000000)
  eden space 253952K, 0% used [0x00000000d7180000,0x00000000d7180000,0x00000000e6980000)
  from space 26112K, 47% used [0x00000000e8700000,0x00000000e932bb18,0x00000000ea080000)
  to   space 28160K, 0% used [0x00000000e6980000,0x00000000e6980000,0x00000000e8500000)
 ParOldGen       total 84992K, used 49088K [0x0000000085400000, 0x000000008a700000, 0x00000000d7180000)
  object space 84992K, 57% used [0x0000000085400000,0x00000000883f0170,0x000000008a700000)
 Metaspace       used 12506K, capacity 12798K, committed 13184K, reserved 1060864K
  class space    used 1480K, capacity 1563K, committed 1664K, reserved 1048576K
}
Event: 1.527 GC heap before
{Heap before GC invocations=7 (full 0):
 PSYoungGen      total 280064K, used 266414K [0x00000000d7180000, 0x00000000ea080000, 0x0000000100000000)
  eden space 253952K, 100% used [0x00000000d7180000,0x00000000e6980000,0x00000000e6980000)
  from space 26112K, 47% used [0x00000000e8700000,0x00000000e932bb18,0x00000000ea080000)
  to   space 28160K, 0% used [0x00000000e6980000,0x00000000e6980000,0x00000000e8500000)
 ParOldGen       total 84992K, used 49088K [0x0000000085400000, 0x000000008a700000, 0x00000000d7180000)
  object space 84992K, 57% used [0x0000000085400000,0x00000000883f0170,0x000000008a700000)
 Metaspace       used 12506K, capacity 12798K, committed 13184K, reserved 1060864K
  class space    used 1480K, capacity 1563K, committed 1664K, reserved 1048576K

Deoptimization events (10 events):
Event: 0.740 Thread 0x00007fc8f84c8000 Uncommon trap: reason=class_check action=maybe_recompile pc=0x00007fc8e946c168 method=java.util.regex.Matcher.search(I)Z @ 86
Event: 0.740 Thread 0x00007fc8f84c8000 Uncommon trap: reason=unstable_if action=reinterpret pc=0x00007fc8e940714c method=java.util.regex.Pattern$BmpCharProperty.match(Ljava/util/regex/Matcher;ILjava/lang/CharSequence;)Z @ 5
Event: 0.826 Thread 0x00007fc88c02a000 Uncommon trap: reason=unstable_if action=reinterpret pc=0x00007fc8e952cd48 method=com.github.javaparser.ASTParserTokenManager.jjMoveNfa_0(II)I @ 1868
Event: 0.836 Thread 0x00007fc88c02a000 Uncommon trap: reason=unstable_if action=reinterpret pc=0x00007fc8e946766c method=com.github.javaparser.ASTParser.jj_3_15()Z @ 37
Event: 0.843 Thread 0x00007fc88c02a000 Uncommon trap: reason=unstable_if action=reinterpret pc=0x00007fc8e94dcb48 method=com.github.javaparser.ASTParser.jj_3R_162()Z @ 6
Event: 0.846 Thread 0x00007fc88c02a000 Uncommon trap: reason=unstable_if action=reinterpret pc=0x00007fc8e94d096c method=com.github.javaparser.ASTParserTokenManager.jjMoveStringLiteralDfa1_0(JJJ)I @ 580
Event: 1.010 Thread 0x00007fc88c02a000 Uncommon trap: reason=bimorphic action=maybe_recompile pc=0x00007fc8e946c2b0 method=java.util.regex.Pattern$Start.match(Ljava/util/regex/Matcher;ILjava/lang/CharSequence;)Z @ 44
Event: 1.010 Thread 0x00007fc88c02a000 Uncommon trap: reason=bimorphic action=maybe_recompile pc=0x00007fc8e946c2b0 method=java.util.regex.Pattern$Start.match(Ljava/util/regex/Matcher;ILjava/lang/CharSequence;)Z @ 44
Event: 1.010 Thread 0x00007fc88c02a000 Uncommon trap: reason=bimorphic action=maybe_recompile pc=0x00007fc8e946c2b0 method=java.util.regex.Pattern$Start.match(Ljava/util/regex/Matcher;ILjava/lang/CharSequence;)Z @ 44
Event: 1.010 Thread 0x00007fc88c02a000 Uncommon trap: reason=bimorphic action=maybe_recompile pc=0x00007fc8e946c2b0 method=java.util.regex.Pattern$Start.match(Ljava/util/regex/Matcher;ILjava/lang/CharSequence;)Z @ 44

Internal exceptions (10 events):
Event: 0.364 Thread 0x00007fc8f800b800 Exception <a 'java/lang/NoClassDefFoundError': javax/persistence/AttributeConverter> (0x00000000d89cc878) thrown at [/build/java8-openjdk/src/jdk8u-jdk8u121-b13/hotspot/src/share/vm/classfile/systemDictionary.cpp, line 199]
Event: 0.364 Thread 0x00007fc8f800b800 Exception <a 'java/lang/NoClassDefFoundError'> (0x00000000d89cc878) thrown at [/build/java8-openjdk/src/jdk8u-jdk8u121-b13/hotspot/src/share/vm/prims/jvm.cpp, line 1394]
Event: 0.364 Thread 0x00007fc8f800b800 Exception <a 'java/lang/NoClassDefFoundError': javax/persistence/AttributeConverter> (0x00000000d89dbdd8) thrown at [/build/java8-openjdk/src/jdk8u-jdk8u121-b13/hotspot/src/share/vm/classfile/systemDictionary.cpp, line 199]
Event: 0.364 Thread 0x00007fc8f800b800 Exception <a 'java/lang/NoClassDefFoundError'> (0x00000000d89dbdd8) thrown at [/build/java8-openjdk/src/jdk8u-jdk8u121-b13/hotspot/src/share/vm/prims/jvm.cpp, line 1394]
Event: 0.405 Thread 0x00007fc8f800b800 Exception <a 'java/io/FileNotFoundException'> (0x00000000d8d484f8) thrown at [/build/java8-openjdk/src/jdk8u-jdk8u121-b13/hotspot/src/share/vm/prims/jni.cpp, line 709]
Event: 0.405 Thread 0x00007fc8f800b800 Implicit null exception at 0x00007fc8e9202a75 to 0x00007fc8e9202e25
Event: 0.405 Thread 0x00007fc8f800b800 Implicit null exception at 0x00007fc8e91f38f6 to 0x00007fc8e91f3cb1
Event: 0.443 Thread 0x00007fc8f84c8000 Exception <a 'java/lang/NoSuchFieldError': method resolution failed> (0x00000000d8f20e10) thrown at [/build/java8-openjdk/src/jdk8u-jdk8u121-b13/hotspot/src/share/vm/prims/methodHandles.cpp, line 1146]
Event: 0.444 Thread 0x00007fc8f84c8000 Exception <a 'java/lang/NoSuchFieldError': method resolution failed> (0x00000000d8f2e100) thrown at [/build/java8-openjdk/src/jdk8u-jdk8u121-b13/hotspot/src/share/vm/prims/methodHandles.cpp, line 1146]
Event: 0.459 Thread 0x00007fc88c02a000 Exception <a 'java/io/FileNotFoundException'> (0x00000000d9020418) thrown at [/build/java8-openjdk/src/jdk8u-jdk8u121-b13/hotspot/src/share/vm/prims/jni.cpp, line 709]

Events (10 events):
Event: 1.031 Thread 0x00007fc88c02a000 DEOPT UNPACKING pc=0x00007fc8e9047373 sp=0x00007fc8c03a8148 mode 0
Event: 1.032 Thread 0x00007fc88c02a000 DEOPT PACKING pc=0x00007fc8e95ea167 sp=0x00007fc8c03a8400
Event: 1.032 Thread 0x00007fc88c02a000 DEOPT UNPACKING pc=0x00007fc8e9047373 sp=0x00007fc8c03a8148 mode 0
Event: 1.032 Thread 0x00007fc88c02a000 DEOPT PACKING pc=0x00007fc8e95ea167 sp=0x00007fc8c03a8400
Event: 1.032 Thread 0x00007fc88c02a000 DEOPT UNPACKING pc=0x00007fc8e9047373 sp=0x00007fc8c03a8148 mode 0
Event: 1.195 Executing VM operation: ParallelGCFailedAllocation
Event: 1.208 Executing VM operation: ParallelGCFailedAllocation done
Event: 1.295 Executing VM operation: ParallelGCFailedAllocation
Event: 1.315 Executing VM operation: ParallelGCFailedAllocation done
Event: 1.527 Executing VM operation: ParallelGCFailedAllocation


Dynamic libraries:
00400000-00401000 r-xp 00000000 08:02 7472683                            /usr/lib/jvm/java-8-openjdk/jre/bin/java
00600000-00601000 r--p 00000000 08:02 7472683                            /usr/lib/jvm/java-8-openjdk/jre/bin/java
00601000-00602000 rw-p 00001000 08:02 7472683                            /usr/lib/jvm/java-8-openjdk/jre/bin/java
019e3000-01a04000 rw-p 00000000 00:00 0                                  [heap]
85400000-8a700000 rw-p 00000000 00:00 0 
8a700000-d7180000 ---p 00000000 00:00 0 
d7180000-ea080000 rw-p 00000000 00:00 0 
f9580000-100000000 ---p 00000000 00:00 0 
100000000-1001a0000 rw-p 00000000 00:00 0 
1001a0000-140000000 ---p 00000000 00:00 0 
7fc868000000-7fc868021000 rw-p 00000000 00:00 0 
7fc868021000-7fc86c000000 ---p 00000000 00:00 0 
7fc86c000000-7fc86c021000 rw-p 00000000 00:00 0 
7fc86c021000-7fc870000000 ---p 00000000 00:00 0 
7fc870000000-7fc870021000 rw-p 00000000 00:00 0 
7fc870021000-7fc874000000 ---p 00000000 00:00 0 
7fc874000000-7fc874021000 rw-p 00000000 00:00 0 
7fc874021000-7fc878000000 ---p 00000000 00:00 0 
7fc878000000-7fc878021000 rw-p 00000000 00:00 0 
7fc878021000-7fc87c000000 ---p 00000000 00:00 0 
7fc87c000000-7fc87c021000 rw-p 00000000 00:00 0 
7fc87c021000-7fc880000000 ---p 00000000 00:00 0 
7fc880000000-7fc880076000 rw-p 00000000 00:00 0 
7fc880076000-7fc884000000 ---p 00000000 00:00 0 
7fc884000000-7fc8840bb000 rw-p 00000000 00:00 0 
7fc8840bb000-7fc888000000 ---p 00000000 00:00 0 
7fc88b458000-7fc88b45b000 ---p 00000000 00:00 0 
7fc88b45b000-7fc88b559000 rw-p 00000000 00:00 0 
7fc88b559000-7fc88b55c000 ---p 00000000 00:00 0 
7fc88b55c000-7fc88b65a000 rw-p 00000000 00:00 0 
7fc88b65a000-7fc88b65d000 ---p 00000000 00:00 0 
7fc88b65d000-7fc88b75b000 rw-p 00000000 00:00 0 
7fc88b7ea000-7fc88b7ed000 ---p 00000000 00:00 0 
7fc88b7ed000-7fc88b8eb000 rw-p 00000000 00:00 0 
7fc88b8eb000-7fc88b8ee000 ---p 00000000 00:00 0 
7fc88b8ee000-7fc88b9ec000 rw-p 00000000 00:00 0 
7fc88b9ec000-7fc88b9ef000 ---p 00000000 00:00 0 
7fc88b9ef000-7fc88bc2d000 rw-p 00000000 00:00 0 
7fc88bc2d000-7fc88bced000 ---p 00000000 00:00 0 
7fc88bced000-7fc88bcf0000 ---p 00000000 00:00 0 
7fc88bcf0000-7fc88bdee000 rw-p 00000000 00:00 0 
7fc88bdee000-7fc88bdff000 r-xp 00000000 08:02 7472745                    /usr/lib/jvm/java-8-openjdk/jre/lib/amd64/libnio.so
7fc88bdff000-7fc88bffe000 ---p 00011000 08:02 7472745                    /usr/lib/jvm/java-8-openjdk/jre/lib/amd64/libnio.so
7fc88bffe000-7fc88bfff000 r--p 00010000 08:02 7472745                    /usr/lib/jvm/java-8-openjdk/jre/lib/amd64/libnio.so
7fc88bfff000-7fc88c000000 rw-p 00011000 08:02 7472745                    /usr/lib/jvm/java-8-openjdk/jre/lib/amd64/libnio.so
7fc88c000000-7fc88c0a2000 rw-p 00000000 00:00 0 
7fc88c0a2000-7fc890000000 ---p 00000000 00:00 0 
7fc890000000-7fc890021000 rw-p 00000000 00:00 0 
7fc890021000-7fc894000000 ---p 00000000 00:00 0 
7fc894000000-7fc894021000 rw-p 00000000 00:00 0 
7fc894021000-7fc898000000 ---p 00000000 00:00 0 
7fc898000000-7fc898021000 rw-p 00000000 00:00 0 
7fc898021000-7fc89c000000 ---p 00000000 00:00 0 
7fc89c000000-7fc89c8d7000 rw-p 00000000 00:00 0 
7fc89c8d7000-7fc8a0000000 ---p 00000000 00:00 0 
7fc8a0000000-7fc8a0021000 rw-p 00000000 00:00 0 
7fc8a0021000-7fc8a4000000 ---p 00000000 00:00 0 
7fc8a4000000-7fc8a4b43000 rw-p 00000000 00:00 0 
7fc8a4b43000-7fc8a8000000 ---p 00000000 00:00 0 
7fc8a8000000-7fc8a8a08000 rw-p 00000000 00:00 0 
7fc8a8a08000-7fc8ac000000 ---p 00000000 00:00 0 
7fc8ac000000-7fc8ac021000 rw-p 00000000 00:00 0 
7fc8ac021000-7fc8b0000000 ---p 00000000 00:00 0 
7fc8b0000000-7fc8b0a4b000 rw-p 00000000 00:00 0 
7fc8b0a4b000-7fc8b4000000 ---p 00000000 00:00 0 
7fc8b4000000-7fc8b4021000 rw-p 00000000 00:00 0 
7fc8b4021000-7fc8b8000000 ---p 00000000 00:00 0 
7fc8b8000000-7fc8b8021000 rw-p 00000000 00:00 0 
7fc8b8021000-7fc8bc000000 ---p 00000000 00:00 0 
7fc8bc000000-7fc8bc021000 rw-p 00000000 00:00 0 
7fc8bc021000-7fc8c0000000 ---p 00000000 00:00 0 
7fc8c0092000-7fc8c00a8000 r-xp 00000000 08:02 7472758                    /usr/lib/jvm/java-8-openjdk/jre/lib/amd64/libnet.so
7fc8c00a8000-7fc8c02a7000 ---p 00016000 08:02 7472758                    /usr/lib/jvm/java-8-openjdk/jre/lib/amd64/libnet.so
7fc8c02a7000-7fc8c02a8000 r--p 00015000 08:02 7472758                    /usr/lib/jvm/java-8-openjdk/jre/lib/amd64/libnet.so
7fc8c02a8000-7fc8c02a9000 rw-p 00016000 08:02 7472758                    /usr/lib/jvm/java-8-openjdk/jre/lib/amd64/libnet.so
7fc8c02a9000-7fc8c02ac000 ---p 00000000 00:00 0 
7fc8c02ac000-7fc8c05aa000 rw-p 00000000 00:00 0 
7fc8c05aa000-7fc8c05ad000 ---p 00000000 00:00 0 
7fc8c05ad000-7fc8c06ab000 rw-p 00000000 00:00 0 
7fc8c06ab000-7fc8c06ae000 ---p 00000000 00:00 0 
7fc8c06ae000-7fc8c07ac000 rw-p 00000000 00:00 0 
7fc8c07ac000-7fc8c07af000 ---p 00000000 00:00 0 
7fc8c07af000-7fc8c08ad000 rw-p 00000000 00:00 0 
7fc8c08ad000-7fc8c08b7000 r--s 00116000 08:02 7472702                    /usr/lib/jvm/java-8-openjdk/jre/lib/ext/localedata.jar
7fc8c08b7000-7fc8c08d3000 r--s 00393000 08:02 7472699                    /usr/lib/jvm/java-8-openjdk/jre/lib/ext/cldrdata.jar
7fc8c08d3000-7fc8c08db000 r-xp 00000000 08:02 7472740                    /usr/lib/jvm/java-8-openjdk/jre/lib/amd64/libmanagement.so
7fc8c08db000-7fc8c0ada000 ---p 00008000 08:02 7472740                    /usr/lib/jvm/java-8-openjdk/jre/lib/amd64/libmanagement.so
7fc8c0ada000-7fc8c0adb000 r--p 00007000 08:02 7472740                    /usr/lib/jvm/java-8-openjdk/jre/lib/amd64/libmanagement.so
7fc8c0adb000-7fc8c0adc000 rw-p 00008000 08:02 7472740                    /usr/lib/jvm/java-8-openjdk/jre/lib/amd64/libmanagement.so
7fc8c0adc000-7fc8c0ade000 r--s 00008000 08:02 7487809                    /home/mj/.gradle/caches/modules-2/files-2.1/org.jacoco/org.jacoco.ant/0.7.5.201505241946/929ea3871a1f11e63b86f092061141cd7c790c9/org.jacoco.ant-0.7.5.201505241946.jar
7fc8c0ade000-7fc8c0ae6000 r--s 00047000 08:02 1576401                    /home/mj/.android/build-cache/e010e05b47b40e968afdaf00d8ef3eb00ddc274b/output/jars/classes.jar
7fc8c0ae6000-7fc8c0afc000 r--s 000a7000 08:02 1323461                    /home/mj/.android/build-cache/1863b0863c306f83740d464d320b703e4cb21c3b/output/jars/classes.jar
7fc8c0afc000-7fc8c0aff000 r--s 00026000 08:02 1576377                    /home/mj/.android/build-cache/0417b9d79f7e1f6df77e56f122595b254323d12b/output/jars/classes.jar
7fc8c0aff000-7fc8c0b2b000 rw-p 00000000 00:00 0 
7fc8c0b2b000-7fc8c0c20000 r--s 02010000 08:02 3433109                    /home/mj/android-sdks/platforms/android-25/android.jar
7fc8c0c20000-7fc8c0c25000 r--s 0003c000 08:02 7484416                    /home/mj/.android/build-cache/5b3397d2eb82c293b00d40001d0ad508e386617b/output/jars/classes.jar
7fc8c0c25000-7fc8c0c2c000 r--s 00050000 08:02 1577152                    /home/mj/.android/build-cache/c9fc9e8502a41cc8eb18061c2c0505d351b72b9a/output/jars/classes.jar
7fc8c0c2c000-7fc8c0c49000 r--s 00125000 08:02 5243428                    /home/mj/.cache/vimfiles/repos/github.com/artur-shaik/vim-javacomplete2/libs/javavi_log4j-core.jar
7fc8c0c49000-7fc8c0c4a000 ---p 00000000 00:00 0 
7fc8c0c4a000-7fc8c0d4a000 rw-p 00000000 00:00 0 
7fc8c0d4a000-7fc8c0d4d000 ---p 00000000 00:00 0 
7fc8c0d4d000-7fc8c0e4b000 rw-p 00000000 00:00 0 
7fc8c0e4b000-7fc8c0e4e000 ---p 00000000 00:00 0 
7fc8c0e4e000-7fc8c0f4c000 rw-p 00000000 00:00 0 
7fc8c0f4c000-7fc8c0f4f000 ---p 00000000 00:00 0 
7fc8c0f4f000-7fc8c104d000 rw-p 00000000 00:00 0 
7fc8c104d000-7fc8c1050000 ---p 00000000 00:00 0 
7fc8c1050000-7fc8c114e000 rw-p 00000000 00:00 0 
7fc8c114e000-7fc8c1151000 ---p 00000000 00:00 0 
7fc8c1151000-7fc8c124f000 rw-p 00000000 00:00 0 
7fc8c124f000-7fc8c1252000 ---p 00000000 00:00 0 
7fc8c1252000-7fc8c1350000 rw-p 00000000 00:00 0 
7fc8c1350000-7fc8c169b000 r--p 00000000 08:02 5558209                    /usr/lib/locale/locale-archive
7fc8c169b000-7fc8c169e000 ---p 00000000 00:00 0 
7fc8c169e000-7fc8c179c000 rw-p 00000000 00:00 0 
7fc8c179c000-7fc8c179f000 ---p 00000000 00:00 0 
7fc8c179f000-7fc8c189d000 rw-p 00000000 00:00 0 
7fc8c189d000-7fc8c189e000 ---p 00000000 00:00 0 
7fc8c189e000-7fc8c34fb000 rw-p 00000000 00:00 0 
7fc8c34fb000-7fc8c36ca000 r--s 03c05000 08:02 6173116                    /usr/lib/jvm/java-8-openjdk/jre/lib/rt.jar
7fc8c36ca000-7fc8c8000000 rw-p 00000000 00:00 0 
7fc8c8000000-7fc8c8021000 rw-p 00000000 00:00 0 
7fc8c8021000-7fc8cc000000 ---p 00000000 00:00 0 
7fc8cc000000-7fc8cc021000 rw-p 00000000 00:00 0 
7fc8cc021000-7fc8d0000000 ---p 00000000 00:00 0 
7fc8d0000000-7fc8d0021000 rw-p 00000000 00:00 0 
7fc8d0021000-7fc8d4000000 ---p 00000000 00:00 0 
7fc8d4000000-7fc8d4021000 rw-p 00000000 00:00 0 
7fc8d4021000-7fc8d8000000 ---p 00000000 00:00 0 
7fc8d8000000-7fc8d8021000 rw-p 00000000 00:00 0 
7fc8d8021000-7fc8dc000000 ---p 00000000 00:00 0 
7fc8dc000000-7fc8dc021000 rw-p 00000000 00:00 0 
7fc8dc021000-7fc8e0000000 ---p 00000000 00:00 0 
7fc8e0000000-7fc8e0021000 rw-p 00000000 00:00 0 
7fc8e0021000-7fc8e4000000 ---p 00000000 00:00 0 
7fc8e4000000-7fc8e4021000 rw-p 00000000 00:00 0 
7fc8e4021000-7fc8e8000000 ---p 00000000 00:00 0 
7fc8e8000000-7fc8e8003000 r--s 00017000 08:02 1447197                    /home/mj/.android/build-cache/2d771226a757bd279f24bb6ae66df0cd43667b29/output/jars/classes.jar
7fc8e8003000-7fc8e8009000 r--s 00052000 08:02 1577238                    /home/mj/.android/build-cache/78e09e029eb7590f966efd46dbc2f7618b43f560/output/jars/classes.jar
7fc8e8009000-7fc8e8192000 rw-p 00000000 00:00 0 
7fc8e8192000-7fc8e8193000 ---p 00000000 00:00 0 
7fc8e8193000-7fc8e8293000 rw-p 00000000 00:00 0 
7fc8e8293000-7fc8e8294000 ---p 00000000 00:00 0 
7fc8e8294000-7fc8e8394000 rw-p 00000000 00:00 0 
7fc8e8394000-7fc8e8395000 ---p 00000000 00:00 0 
7fc8e8395000-7fc8e8495000 rw-p 00000000 00:00 0 
7fc8e8495000-7fc8e8496000 ---p 00000000 00:00 0 
7fc8e8496000-7fc8e8596000 rw-p 00000000 00:00 0 
7fc8e8596000-7fc8e8597000 ---p 00000000 00:00 0 
7fc8e8597000-7fc8e8697000 rw-p 00000000 00:00 0 
7fc8e8697000-7fc8e8698000 ---p 00000000 00:00 0 
7fc8e8698000-7fc8e8798000 rw-p 00000000 00:00 0 
7fc8e8798000-7fc8e8799000 ---p 00000000 00:00 0 
7fc8e8799000-7fc8e8899000 rw-p 00000000 00:00 0 
7fc8e8899000-7fc8e889a000 ---p 00000000 00:00 0 
7fc8e889a000-7fc8e89c4000 rw-p 00000000 00:00 0 
7fc8e89c4000-7fc8e8c29000 ---p 00000000 00:00 0 
7fc8e8c29000-7fc8e8c53000 rw-p 00000000 00:00 0 
7fc8e8c53000-7fc8e8eb7000 ---p 00000000 00:00 0 
7fc8e8eb7000-7fc8e8f50000 rw-p 00000000 00:00 0 
7fc8e8f50000-7fc8e8fff000 ---p 00000000 00:00 0 
7fc8e8fff000-7fc8e9000000 rw-p 00000000 00:00 0 
7fc8e9000000-7fc8e9700000 rwxp 00000000 00:00 0 
7fc8e9700000-7fc8f8000000 ---p 00000000 00:00 0 
7fc8f8000000-7fc8f84ca000 rw-p 00000000 00:00 0 
7fc8f84ca000-7fc8fc000000 ---p 00000000 00:00 0 
7fc8fc001000-7fc8fc005000 r--s 00016000 08:02 1704351                    /home/mj/.android/build-cache/aceec83172c2c27c248873feade19e16024e2db6/output/jars/classes.jar
7fc8fc005000-7fc8fc00a000 r--s 00032000 08:02 5243427                    /home/mj/.cache/vimfiles/repos/github.com/artur-shaik/vim-javacomplete2/libs/javavi_log4j-api.jar
7fc8fc00a000-7fc8fc026000 rw-p 00000000 00:00 0 
7fc8fc026000-7fc8fc3ca000 ---p 00000000 00:00 0 
7fc8fc3ca000-7fc8fc3d2000 r-xp 00000000 08:02 7472760                    /usr/lib/jvm/java-8-openjdk/jre/lib/amd64/libzip.so
7fc8fc3d2000-7fc8fc5d1000 ---p 00008000 08:02 7472760                    /usr/lib/jvm/java-8-openjdk/jre/lib/amd64/libzip.so
7fc8fc5d1000-7fc8fc5d2000 r--p 00007000 08:02 7472760                    /usr/lib/jvm/java-8-openjdk/jre/lib/amd64/libzip.so
7fc8fc5d2000-7fc8fc5d3000 rw-p 00008000 08:02 7472760                    /usr/lib/jvm/java-8-openjdk/jre/lib/amd64/libzip.so
7fc8fc5d3000-7fc8fc5de000 r-xp 00000000 08:02 5507099                    /usr/lib/libnss_files-2.25.so
7fc8fc5de000-7fc8fc7dd000 ---p 0000b000 08:02 5507099                    /usr/lib/libnss_files-2.25.so
7fc8fc7dd000-7fc8fc7de000 r--p 0000a000 08:02 5507099                    /usr/lib/libnss_files-2.25.so
7fc8fc7de000-7fc8fc7df000 rw-p 0000b000 08:02 5507099                    /usr/lib/libnss_files-2.25.so
7fc8fc7df000-7fc8fc7e5000 rw-p 00000000 00:00 0 
7fc8fc7e5000-7fc8fc7f0000 r-xp 00000000 08:02 5507097                    /usr/lib/libnss_nis-2.25.so
7fc8fc7f0000-7fc8fc9ef000 ---p 0000b000 08:02 5507097                    /usr/lib/libnss_nis-2.25.so
7fc8fc9ef000-7fc8fc9f0000 r--p 0000a000 08:02 5507097                    /usr/lib/libnss_nis-2.25.so
7fc8fc9f0000-7fc8fc9f1000 rw-p 0000b000 08:02 5507097                    /usr/lib/libnss_nis-2.25.so
7fc8fc9f1000-7fc8fca06000 r-xp 00000000 08:02 5507093                    /usr/lib/libnsl-2.25.so
7fc8fca06000-7fc8fcc05000 ---p 00015000 08:02 5507093                    /usr/lib/libnsl-2.25.so
7fc8fcc05000-7fc8fcc06000 r--p 00014000 08:02 5507093                    /usr/lib/libnsl-2.25.so
7fc8fcc06000-7fc8fcc07000 rw-p 00015000 08:02 5507093                    /usr/lib/libnsl-2.25.so
7fc8fcc07000-7fc8fcc09000 rw-p 00000000 00:00 0 
7fc8fcc09000-7fc8fcc10000 r-xp 00000000 08:02 5507140                    /usr/lib/libnss_compat-2.25.so
7fc8fcc10000-7fc8fce0f000 ---p 00007000 08:02 5507140                    /usr/lib/libnss_compat-2.25.so
7fc8fce0f000-7fc8fce10000 r--p 00006000 08:02 5507140                    /usr/lib/libnss_compat-2.25.so
7fc8fce10000-7fc8fce11000 rw-p 00007000 08:02 5507140                    /usr/lib/libnss_compat-2.25.so
7fc8fce11000-7fc8fce3e000 r-xp 00000000 08:02 7472756                    /usr/lib/jvm/java-8-openjdk/jre/lib/amd64/libjava.so
7fc8fce3e000-7fc8fd03d000 ---p 0002d000 08:02 7472756                    /usr/lib/jvm/java-8-openjdk/jre/lib/amd64/libjava.so
7fc8fd03d000-7fc8fd03e000 r--p 0002c000 08:02 7472756                    /usr/lib/jvm/java-8-openjdk/jre/lib/amd64/libjava.so
7fc8fd03e000-7fc8fd040000 rw-p 0002d000 08:02 7472756                    /usr/lib/jvm/java-8-openjdk/jre/lib/amd64/libjava.so
7fc8fd040000-7fc8fd04d000 r-xp 00000000 08:02 7472737                    /usr/lib/jvm/java-8-openjdk/jre/lib/amd64/libverify.so
7fc8fd04d000-7fc8fd24c000 ---p 0000d000 08:02 7472737                    /usr/lib/jvm/java-8-openjdk/jre/lib/amd64/libverify.so
7fc8fd24c000-7fc8fd24e000 r--p 0000c000 08:02 7472737                    /usr/lib/jvm/java-8-openjdk/jre/lib/amd64/libverify.so
7fc8fd24e000-7fc8fd24f000 rw-p 0000e000 08:02 7472737                    /usr/lib/jvm/java-8-openjdk/jre/lib/amd64/libverify.so
7fc8fd24f000-7fc8fd256000 r-xp 00000000 08:02 5507091                    /usr/lib/librt-2.25.so
7fc8fd256000-7fc8fd455000 ---p 00007000 08:02 5507091                    /usr/lib/librt-2.25.so
7fc8fd455000-7fc8fd456000 r--p 00006000 08:02 5507091                    /usr/lib/librt-2.25.so
7fc8fd456000-7fc8fd457000 rw-p 00007000 08:02 5507091                    /usr/lib/librt-2.25.so
7fc8fd457000-7fc8fd569000 r-xp 00000000 08:02 5507094                    /usr/lib/libm-2.25.so
7fc8fd569000-7fc8fd768000 ---p 00112000 08:02 5507094                    /usr/lib/libm-2.25.so
7fc8fd768000-7fc8fd769000 r--p 00111000 08:02 5507094                    /usr/lib/libm-2.25.so
7fc8fd769000-7fc8fd76a000 rw-p 00112000 08:02 5507094                    /usr/lib/libm-2.25.so
7fc8fd76a000-7fc8fe395000 r-xp 00000000 08:02 7472765                    /usr/lib/jvm/java-8-openjdk/jre/lib/amd64/server/libjvm.so
7fc8fe395000-7fc8fe594000 ---p 00c2b000 08:02 7472765                    /usr/lib/jvm/java-8-openjdk/jre/lib/amd64/server/libjvm.so
7fc8fe594000-7fc8fe628000 r--p 00c2a000 08:02 7472765                    /usr/lib/jvm/java-8-openjdk/jre/lib/amd64/server/libjvm.so
7fc8fe628000-7fc8fe651000 rw-p 00cbe000 08:02 7472765                    /usr/lib/jvm/java-8-openjdk/jre/lib/amd64/server/libjvm.so
7fc8fe651000-7fc8fe681000 rw-p 00000000 00:00 0 
7fc8fe681000-7fc8fe81c000 r-xp 00000000 08:02 5507218                    /usr/lib/libc-2.25.so
7fc8fe81c000-7fc8fea1b000 ---p 0019b000 08:02 5507218                    /usr/lib/libc-2.25.so
7fc8fea1b000-7fc8fea1f000 r--p 0019a000 08:02 5507218                    /usr/lib/libc-2.25.so
7fc8fea1f000-7fc8fea21000 rw-p 0019e000 08:02 5507218                    /usr/lib/libc-2.25.so
7fc8fea21000-7fc8fea25000 rw-p 00000000 00:00 0 
7fc8fea25000-7fc8fea28000 r-xp 00000000 08:02 5507095                    /usr/lib/libdl-2.25.so
7fc8fea28000-7fc8fec27000 ---p 00003000 08:02 5507095                    /usr/lib/libdl-2.25.so
7fc8fec27000-7fc8fec28000 r--p 00002000 08:02 5507095                    /usr/lib/libdl-2.25.so
7fc8fec28000-7fc8fec29000 rw-p 00003000 08:02 5507095                    /usr/lib/libdl-2.25.so
7fc8fec29000-7fc8fec36000 r-xp 00000000 08:02 7472768                    /usr/lib/jvm/java-8-openjdk/jre/lib/amd64/jli/libjli.so
7fc8fec36000-7fc8fee35000 ---p 0000d000 08:02 7472768                    /usr/lib/jvm/java-8-openjdk/jre/lib/amd64/jli/libjli.so
7fc8fee35000-7fc8fee36000 r--p 0000c000 08:02 7472768                    /usr/lib/jvm/java-8-openjdk/jre/lib/amd64/jli/libjli.so
7fc8fee36000-7fc8fee37000 rw-p 0000d000 08:02 7472768                    /usr/lib/jvm/java-8-openjdk/jre/lib/amd64/jli/libjli.so
7fc8fee37000-7fc8fee4d000 r-xp 00000000 08:02 5515653                    /usr/lib/libz.so.1.2.11
7fc8fee4d000-7fc8ff04c000 ---p 00016000 08:02 5515653                    /usr/lib/libz.so.1.2.11
7fc8ff04c000-7fc8ff04d000 r--p 00015000 08:02 5515653                    /usr/lib/libz.so.1.2.11
7fc8ff04d000-7fc8ff04e000 rw-p 00016000 08:02 5515653                    /usr/lib/libz.so.1.2.11
7fc8ff04e000-7fc8ff067000 r-xp 00000000 08:02 5507237                    /usr/lib/libpthread-2.25.so
7fc8ff067000-7fc8ff266000 ---p 00019000 08:02 5507237                    /usr/lib/libpthread-2.25.so
7fc8ff266000-7fc8ff267000 r--p 00018000 08:02 5507237                    /usr/lib/libpthread-2.25.so
7fc8ff267000-7fc8ff268000 rw-p 00019000 08:02 5507237                    /usr/lib/libpthread-2.25.so
7fc8ff268000-7fc8ff26c000 rw-p 00000000 00:00 0 
7fc8ff26c000-7fc8ff28f000 r-xp 00000000 08:02 5507219                    /usr/lib/ld-2.25.so
7fc8ff28f000-7fc8ff290000 r--s 0003e000 08:02 7487799                    /home/mj/.gradle/caches/modules-2/files-2.1/org.jacoco/org.jacoco.agent/0.7.5.201505241946/2f0308aaf7b3f2e133d410de8af49739cb0964aa/org.jacoco.agent-0.7.5.201505241946.jar
7fc8ff290000-7fc8ff292000 r--s 00004000 08:02 6438468                    /home/mj/android-sdks/extras/android/m2repository/com/android/support/support-annotations/25.3.1/support-annotations-25.3.1.jar
7fc8ff292000-7fc8ff293000 r--s 00003000 08:02 1576424                    /home/mj/.android/build-cache/b28b5b0daad92cf4f753547e147c180ec5d988dc/output/jars/classes.jar
7fc8ff293000-7fc8ff294000 r--s 00000000 08:02 1576412                    /home/mj/.android/build-cache/01889cc04e7420fbd1f82a76c2961b8e919fbb1c/output/jars/classes.jar
7fc8ff294000-7fc8ff298000 r--s 0001f000 08:02 6709136                    /home/mj/.gradle/caches/modules-2/files-2.1/org.jacoco/org.jacoco.report/0.7.5.201505241946/cb1ac5562a45c98cd7b774452f3e8b867b71cd65/org.jacoco.report-0.7.5.201505241946.jar
7fc8ff298000-7fc8ff29a000 r--s 00002000 08:02 7223792                    /home/mj/.android/build-cache/619c5da92d0590bd41063d84398772ced2bcf2c9/output/jars/classes.jar
7fc8ff29a000-7fc8ff29f000 r--s 00053000 08:02 5243320                    /home/mj/.cache/vimfiles/repos/github.com/artur-shaik/vim-javacomplete2/libs/javaparser.jar
7fc8ff29f000-7fc8ff2a3000 r--s 0001d000 08:02 6709134                    /home/mj/.gradle/caches/modules-2/files-2.1/org.jacoco/org.jacoco.core/0.7.5.201505241946/1ea906dc5201d2a1bc0604f8650534d4bcaf4c95/org.jacoco.core-0.7.5.201505241946.jar
7fc8ff2a3000-7fc8ff2a4000 r--s 00002000 08:02 7220726                    /home/mj/.android/build-cache/e9fba9ff66935b5f8340e38e26031f84dd7c25a1/output/jars/classes.jar
7fc8ff2a4000-7fc8ff348000 rw-p 00000000 00:00 0 
7fc8ff348000-7fc8ff34b000 ---p 00000000 00:00 0 
7fc8ff34b000-7fc8ff44b000 rw-p 00000000 00:00 0 
7fc8ff44b000-7fc8ff450000 r--s 00058000 08:02 1970738                    /home/mj/.gradle/caches/modules-2/files-2.1/org.ow2.asm/asm-debug-all/5.0.1/f69b5f7d96cec0d448acf1c1a266584170c9643b/asm-debug-all-5.0.1.jar
7fc8ff450000-7fc8ff451000 r--s 00009000 08:02 2100666                    /home/mj/.android/build-cache/639b980cecdbde820085d93e2511c6d4c899ae2b/output/jars/classes.jar
7fc8ff451000-7fc8ff45b000 r--s 000a0000 08:02 1576438                    /home/mj/.android/build-cache/e989540b6106ad8b8da9482202d03f8d01153784/output/jars/classes.jar
7fc8ff45b000-7fc8ff482000 rw-p 00000000 00:00 0 
7fc8ff482000-7fc8ff48a000 rw-s 00000000 00:24 979522                     /tmp/hsperfdata_mj/5767
7fc8ff48a000-7fc8ff48b000 rw-p 00000000 00:00 0 
7fc8ff48b000-7fc8ff48c000 ---p 00000000 00:00 0 
7fc8ff48c000-7fc8ff48e000 rw-p 00000000 00:00 0 
7fc8ff48e000-7fc8ff48f000 r--p 00022000 08:02 5507219                    /usr/lib/ld-2.25.so
7fc8ff48f000-7fc8ff490000 rw-p 00023000 08:02 5507219                    /usr/lib/ld-2.25.so
7fc8ff490000-7fc8ff491000 rw-p 00000000 00:00 0 
7fff2bd38000-7fff2bd5a000 rw-p 00000000 00:00 0                          [stack]
7fff2bd60000-7fff2bd62000 r--p 00000000 00:00 0                          [vvar]
7fff2bd62000-7fff2bd64000 r-xp 00000000 00:00 0                          [vdso]
ffffffffff600000-ffffffffff601000 r-xp 00000000 00:00 0                  [vsyscall]

VM Arguments:
jvm_args: -Ddaemon.port=60761 -Dlog4j.configurationFile=/home/mj/.cache/vimfiles/repos/github.com/artur-shaik/vim-javacomplete2/libs/javavi/target/classes/log4j2.xml 
java_command: kg.ash.javavi.Javavi -sources /home/mj/work/TimeManager/Client/app/src:/home/mj/work/TimeManager/MyApplication/app/src: -t 300 -base /home/mj/.cache/javacomplete2/ -compiler javac -project _home_mj_work_TimeManager_Client_build_gradle -D 60761
java_class_path (initial): /home/mj/.android/build-cache/e989540b6106ad8b8da9482202d03f8d01153784/output/jars/classes.jar:/home/mj/.android/build-cache/639b980cecdbde820085d93e2511c6d4c899ae2b/output/jars/classes.jar:/home/mj/work/TimeManager/Client/app/build/intermediates/classes/debugCLASSPATH:/home/mj/.cache/vimfiles/repos/github.com/artur-shaik/vim-javacomplete2/libs/javavi_log4j-core.jar:/usr/lib/jvm/java-8-openjdk/jre/lib:/home/mj/.gradle/caches/modules-2/files-2.1/org.ow2.asm/asm-debug-all/5.0.1/f69b5f7d96cec0d448acf1c1a266584170c9643b/asm-debug-all-5.0.1.jar:/home/mj/.android/build-cache/e9fba9ff66935b5f8340e38e26031f84dd7c25a1/output/jars/classes.jar:/home/mj/.gradle/caches/modules-2/files-2.1/org.jacoco/org.jacoco.core/0.7.5.201505241946/1ea906dc5201d2a1bc0604f8650534d4bcaf4c95/org.jacoco.core-0.7.5.201505241946.jar:.:/home/mj/.cache/vimfiles/repos/github.com/artur-shaik/vim-javacomplete2/libs/javaparser.jar:/home/mj/.android/build-cache/619c5da92d0590bd41063d84398772ced2bcf2c9/output/jars/classes.jar:/home/mj/work/TimeManager/Client/app/src/release/java:/home/mj/.gradle/caches/modules-2/files-2.1/org.jacoco/org.jacoco.report/0.7.5.201505241946/cb1ac5562a45c98cd7b774452f3e8b867b71cd65/org.jacoco.report-0.7.5.201505241946.jar:/home/mj/.android/build-cache/01889cc04e7420fbd1f82a76c2961b8e919fbb1c/output/jars/classes.jar:/home/mj/.cache/vimfiles/repos/github.com/artur-shaik/vim-javacomplete2/libs/javavi/target/classes:/home/mj/.android/build-cache/b28b5b0daad92cf4f753547e147c180ec5d988dc/output/jars/classes.jar:/home/mj/.cache/vimfiles/repos/github.com/artur-shaik/vim-javacomplete2/libs/javavi_log4j-api.jar:/home/mj/android-sdks/extras/android/m2repository/com/android/support/support-annotations/25.3.1/support-annotations-25.3.1.jar:/home/mj/work/TimeManager/Client/app/src/main/java:/home/mj/.android/build-cache/78e09e029eb7590f966efd46dbc2f7618b43f560/output/jars/classes.jar:/home/mj/.android/build-cache/aceec83172c2c27c248873feade19e16024e2db6/output/jars
Launcher Type: SUN_STANDARD

Environment Variables:
PATH=/usr/lib/git-core:/home/mj/.config/composer/vendor/bin/:/usr/local/sbin:/usr/local/bin:/usr/bin:/usr/lib/jvm/default/bin:/usr/bin/site_perl:/usr/bin/vendor_perl:/usr/bin/core_perl
SHELL=/bin/zsh
DISPLAY=:0

Signal Handlers:
SIGSEGV: [libjvm.so+0xa2d880], sa_mask[0]=11111111011111111101111111111110, sa_flags=SA_RESTART|SA_SIGINFO
SIGBUS: [libjvm.so+0xa2d880], sa_mask[0]=11111111011111111101111111111110, sa_flags=SA_RESTART|SA_SIGINFO
SIGFPE: [libjvm.so+0x881d40], sa_mask[0]=11111111011111111101111111111110, sa_flags=SA_RESTART|SA_SIGINFO
SIGPIPE: [libjvm.so+0x881d40], sa_mask[0]=11111111011111111101111111111110, sa_flags=SA_RESTART|SA_SIGINFO
SIGXFSZ: [libjvm.so+0x881d40], sa_mask[0]=11111111011111111101111111111110, sa_flags=SA_RESTART|SA_SIGINFO
SIGILL: [libjvm.so+0x881d40], sa_mask[0]=11111111011111111101111111111110, sa_flags=SA_RESTART|SA_SIGINFO
SIGUSR1: SIG_DFL, sa_mask[0]=00000000000000000000000000000000, sa_flags=none
SIGUSR2: [libjvm.so+0x881c10], sa_mask[0]=00000000000000000000000000000000, sa_flags=SA_RESTART|SA_SIGINFO
SIGHUP: [libjvm.so+0x882080], sa_mask[0]=11111111011111111101111111111110, sa_flags=SA_RESTART|SA_SIGINFO
SIGINT: [libjvm.so+0x882080], sa_mask[0]=11111111011111111101111111111110, sa_flags=SA_RESTART|SA_SIGINFO
SIGTERM: [libjvm.so+0x882080], sa_mask[0]=11111111011111111101111111111110, sa_flags=SA_RESTART|SA_SIGINFO
SIGQUIT: [libjvm.so+0x882080], sa_mask[0]=11111111011111111101111111111110, sa_flags=SA_RESTART|SA_SIGINFO


---------------  S Y S T E M  ---------------

OS:LSB_VERSION=1.4
DISTRIB_ID=Arch
DISTRIB_RELEASE=rolling
DISTRIB_DESCRIPTION="Arch Linux"

uname:Linux 4.10.11-1-ARCH #1 SMP PREEMPT Tue Apr 18 08:39:42 CEST 2017 x86_64
libc:glibc 2.25 NPTL 2.25 
rlimit: STACK 8192k, CORE infinity, NPROC 31107, NOFILE 4096, AS infinity
load average:0.93 1.07 0.97

/proc/meminfo:
MemTotal:        8037312 kB
MemFree:          123592 kB
MemAvailable:      94436 kB
Buffers:             932 kB
Cached:           894052 kB
SwapCached:            0 kB
Active:          6096484 kB
Inactive:         807948 kB
Active(anon):    6012012 kB
Inactive(anon):   723644 kB
Active(file):      84472 kB
Inactive(file):    84304 kB
Unevictable:          36 kB
Mlocked:              36 kB
SwapTotal:             0 kB
SwapFree:              0 kB
Dirty:                84 kB
Writeback:             0 kB
AnonPages:       6009536 kB
Mapped:          1137676 kB
Shmem:            726240 kB
Slab:             121756 kB
SReclaimable:      55368 kB
SUnreclaim:        66388 kB
KernelStack:       15632 kB
PageTables:        84428 kB
NFS_Unstable:          0 kB
Bounce:                0 kB
WritebackTmp:          0 kB
CommitLimit:     4018656 kB
Committed_AS:   13302464 kB
VmallocTotal:   34359738367 kB
VmallocUsed:           0 kB
VmallocChunk:          0 kB
HardwareCorrupted:     0 kB
AnonHugePages:   1925120 kB
ShmemHugePages:        0 kB
ShmemPmdMapped:        0 kB
HugePages_Total:       0
HugePages_Free:        0
HugePages_Rsvd:        0
HugePages_Surp:        0
Hugepagesize:       2048 kB
DirectMap4k:      240944 kB
DirectMap2M:     8005632 kB
DirectMap1G:     1048576 kB


CPU:total 8 (4 cores per cpu, 2 threads per core) family 6 model 94 stepping 3, cmov, cx8, fxsr, mmx, sse, sse2, sse3, ssse3, sse4.1, sse4.2, popcnt, avx, avx2, aes, clmul, erms, rtm, 3dnowpref, lzcnt, ht, tsc, tscinvbit, bmi1, bmi2, adx

/proc/cpuinfo:
processor	: 0
vendor_id	: GenuineIntel
cpu family	: 6
model		: 94
model name	: Intel(R) Core(TM) i7-6700HQ CPU @ 2.60GHz
stepping	: 3
microcode	: 0x9e
cpu MHz		: 3099.877
cache size	: 6144 KB
physical id	: 0
siblings	: 8
core id		: 0
cpu cores	: 4
apicid		: 0
initial apicid	: 0
fpu		: yes
fpu_exception	: yes
cpuid level	: 22
wp		: yes
flags		: fpu vme de pse tsc msr pae mce cx8 apic sep mtrr pge mca cmov pat pse36 clflush dts acpi mmx fxsr sse sse2 ss ht tm pbe syscall nx pdpe1gb rdtscp lm constant_tsc art arch_perfmon pebs bts rep_good nopl xtopology nonstop_tsc aperfmperf tsc_known_freq pni pclmulqdq dtes64 monitor ds_cpl vmx est tm2 ssse3 sdbg fma cx16 xtpr pdcm pcid sse4_1 sse4_2 x2apic movbe popcnt tsc_deadline_timer aes xsave avx f16c rdrand lahf_lm abm 3dnowprefetch epb intel_pt tpr_shadow vnmi flexpriority ept vpid fsgsbase tsc_adjust bmi1 hle avx2 smep bmi2 erms invpcid rtm mpx rdseed adx smap clflushopt xsaveopt xsavec xgetbv1 xsaves dtherm ida arat pln pts hwp hwp_notify hwp_act_window hwp_epp
bugs		:
bogomips	: 5186.00
clflush size	: 64
cache_alignment	: 64
address sizes	: 39 bits physical, 48 bits virtual
power management:

processor	: 1
vendor_id	: GenuineIntel
cpu family	: 6
model		: 94
model name	: Intel(R) Core(TM) i7-6700HQ CPU @ 2.60GHz
stepping	: 3
microcode	: 0x9e
cpu MHz		: 3018.151
cache size	: 6144 KB
physical id	: 0
siblings	: 8
core id		: 1
cpu cores	: 4
apicid		: 2
initial apicid	: 2
fpu		: yes
fpu_exception	: yes
cpuid level	: 22
wp		: yes
flags		: fpu vme de pse tsc msr pae mce cx8 apic sep mtrr pge mca cmov pat pse36 clflush dts acpi mmx fxsr sse sse2 ss ht tm pbe syscall nx pdpe1gb rdtscp lm constant_tsc art arch_perfmon pebs bts rep_good nopl xtopology nonstop_tsc aperfmperf tsc_known_freq pni pclmulqdq dtes64 monitor ds_cpl vmx est tm2 ssse3 sdbg fma cx16 xtpr pdcm pcid sse4_1 sse4_2 x2apic movbe popcnt tsc_deadline_timer aes xsave avx f16c rdrand lahf_lm abm 3dnowprefetch epb intel_pt tpr_shadow vnmi flexpriority ept vpid fsgsbase tsc_adjust bmi1 hle avx2 smep bmi2 erms invpcid rtm mpx rdseed adx smap clflushopt xsaveopt xsavec xgetbv1 xsaves dtherm ida arat pln pts hwp hwp_notify hwp_act_window hwp_epp
bugs		:
bogomips	: 5187.23
clflush size	: 64
cache_alignment	: 64
address sizes	: 39 bits physical, 48 bits virtual
power management:

processor	: 2
vendor_id	: GenuineIntel
cpu family	: 6
model		: 94
model name	: Intel(R) Core(TM) i7-6700HQ CPU @ 2.60GHz
stepping	: 3
microcode	: 0x9e
cpu MHz		: 3081.311
cache size	: 6144 KB
physical id	: 0
siblings	: 8
core id		: 2
cpu cores	: 4
apicid		: 4
initial apicid	: 4
fpu		: yes
fpu_exception	: yes
cpuid level	: 22
wp		: yes
flags		: fpu vme de pse tsc msr pae mce cx8 apic sep mtrr pge mca cmov pat pse36 clflush dts acpi mmx fxsr sse sse2 ss ht tm pbe syscall nx pdpe1gb rdtscp lm constant_tsc art arch_perfmon pebs bts rep_good nopl xtopology nonstop_tsc aperfmperf tsc_known_freq pni pclmulqdq dtes64 monitor ds_cpl vmx est tm2 ssse3 sdbg fma cx16 xtpr pdcm pcid sse4_1 sse4_2 x2apic movbe popcnt tsc_deadline_timer aes xsave avx f16c rdrand lahf_lm abm 3dnowprefetch epb intel_pt tpr_shadow vnmi flexpriority ept vpid fsgsbase tsc_adjust bmi1 hle avx2 smep bmi2 erms invpcid rtm mpx rdseed adx smap clflushopt xsaveopt xsavec xgetbv1 xsaves dtherm ida arat pln pts hwp hwp_notify hwp_act_window hwp_epp
bugs		:
bogomips	: 5187.27
clflush size	: 64
cache_alignment	: 64
address sizes	: 39 bits physical, 48 bits virtual
power management:

processor	: 3
vendor_id	: GenuineIntel
cpu family	: 6
model		: 94
model name	: Intel(R) Core(TM) i7-6700HQ CPU @ 2.60GHz
stepping	: 3
microcode	: 0x9e
cpu MHz		: 3099.877
cache size	: 6144 KB
physical id	: 0
siblings	: 8
core id		: 3
cpu cores	: 4
apicid		: 6
initial apicid	: 6
fpu		: yes
fpu_exception	: yes
cpuid level	: 22
wp		: yes
flags		: fpu vme de pse tsc msr pae mce cx8 apic sep mtrr pge mca cmov pat pse36 clflush dts acpi mmx fxsr sse sse2 ss ht tm pbe syscall nx pdpe1gb rdtscp lm constant_tsc art arch_perfmon pebs bts rep_good nopl xtopology nonstop_tsc aperfmperf tsc_known_freq pni pclmulqdq dtes64 monitor ds_cpl vmx est tm2 ssse3 sdbg fma cx16 xtpr pdcm pcid sse4_1 sse4_2 x2apic movbe popcnt tsc_deadline_timer aes xsave avx f16c rdrand lahf_lm abm 3dnowprefetch epb intel_pt tpr_shadow vnmi flexpriority ept vpid fsgsbase tsc_adjust bmi1 hle avx2 smep bmi2 erms invpcid rtm mpx rdseed adx smap clflushopt xsaveopt xsavec xgetbv1 xsaves dtherm ida arat pln pts hwp hwp_notify hwp_act_window hwp_epp
bugs		:
bogomips	: 5187.26
clflush size	: 64
cache_alignment	: 64
address sizes	: 39 bits physical, 48 bits virtual
power management:

processor	: 4
vendor_id	: GenuineIntel
cpu family	: 6
model		: 94
model name	: Intel(R) Core(TM) i7-6700HQ CPU @ 2.60GHz
stepping	: 3
microcode	: 0x9e
cpu MHz		: 3096.228
cache size	: 6144 KB
physical id	: 0
siblings	: 8
core id		: 0
cpu cores	: 4
apicid		: 1
initial apicid	: 1
fpu		: yes
fpu_exception	: yes
cpuid level	: 22
wp		: yes
flags		: fpu vme de pse tsc msr pae mce cx8 apic sep mtrr pge mca cmov pat pse36 clflush dts acpi mmx fxsr sse sse2 ss ht tm pbe syscall nx pdpe1gb rdtscp lm constant_tsc art arch_perfmon pebs bts rep_good nopl xtopology nonstop_tsc aperfmperf tsc_known_freq pni pclmulqdq dtes64 monitor ds_cpl vmx est tm2 ssse3 sdbg fma cx16 xtpr pdcm pcid sse4_1 sse4_2 x2apic movbe popcnt tsc_deadline_timer aes xsave avx f16c rdrand lahf_lm abm 3dnowprefetch epb intel_pt tpr_shadow vnmi flexpriority ept vpid fsgsbase tsc_adjust bmi1 hle avx2 smep bmi2 erms invpcid rtm mpx rdseed adx smap clflushopt xsaveopt xsavec xgetbv1 xsaves dtherm ida arat pln pts hwp hwp_notify hwp_act_window hwp_epp
bugs		:
bogomips	: 5187.78
clflush size	: 64
cache_alignment	: 64
address sizes	: 39 bits physical, 48 bits virtual
power management:

processor	: 5
vendor_id	: GenuineIntel
cpu family	: 6
model		: 94
model name	: Intel(R) Core(TM) i7-6700HQ CPU @ 2.60GHz
stepping	: 3
microcode	: 0x9e
cpu MHz		: 2983.874
cache size	: 6144 KB
physical id	: 0
siblings	: 8
core id		: 1
cpu cores	: 4
apicid		: 3
initial apicid	: 3
fpu		: yes
fpu_exception	: yes
cpuid level	: 22
wp		: yes
flags		: fpu vme de pse tsc msr pae mce cx8 apic sep mtrr pge mca cmov pat pse36 clflush dts acpi mmx fxsr sse sse2 ss ht tm pbe syscall nx pdpe1gb rdtscp lm constant_tsc art arch_perfmon pebs bts rep_good nopl xtopology nonstop_tsc aperfmperf tsc_known_freq pni pclmulqdq dtes64 monitor ds_cpl vmx est tm2 ssse3 sdbg fma cx16 xtpr pdcm pcid sse4_1 sse4_2 x2apic movbe popcnt tsc_deadline_timer aes xsave avx f16c rdrand lahf_lm abm 3dnowprefetch epb intel_pt tpr_shadow vnmi flexpriority ept vpid fsgsbase tsc_adjust bmi1 hle avx2 smep bmi2 erms invpcid rtm mpx rdseed adx smap clflushopt xsaveopt xsavec xgetbv1 xsaves dtherm ida arat pln pts hwp hwp_notify hwp_act_window hwp_epp
bugs		:
bogomips	: 5187.28
clflush size	: 64
cache_alignment	: 64
address sizes	: 39 bits physical, 48 bits virtual
power management:

processor	: 6
vendor_id	: GenuineIntel
cpu family	: 6
model		: 94
model name	: Intel(R) Core(TM) i7-6700HQ CPU @ 2.60GHz
stepping	: 3
microcode	: 0x9e
cpu MHz		: 2941.345
cache size	: 6144 KB
physical id	: 0
siblings	: 8
core id		: 2
cpu cores	: 4
apicid		: 5
initial apicid	: 5
fpu		: yes
fpu_exception	: yes
cpuid level	: 22
wp		: yes
flags		: fpu vme de pse tsc msr pae mce cx8 apic sep mtrr pge mca cmov pat pse36 clflush dts acpi mmx fxsr sse sse2 ss ht tm pbe syscall nx pdpe1gb rdtscp lm constant_tsc art arch_perfmon pebs bts rep_good nopl xtopology nonstop_tsc aperfmperf tsc_known_freq pni pclmulqdq dtes64 monitor ds_cpl vmx est tm2 ssse3 sdbg fma cx16 xtpr pdcm pcid sse4_1 sse4_2 x2apic movbe popcnt tsc_deadline_timer aes xsave avx f16c rdrand lahf_lm abm 3dnowprefetch epb intel_pt tpr_shadow vnmi flexpriority ept vpid fsgsbase tsc_adjust bmi1 hle avx2 smep bmi2 erms invpcid rtm mpx rdseed adx smap clflushopt xsaveopt xsavec xgetbv1 xsaves dtherm ida arat pln pts hwp hwp_notify hwp_act_window hwp_epp
bugs		:
bogomips	: 5187.30
clflush size	: 64
cache_alignment	: 64
address sizes	: 39 bits physical, 48 bits virtual
power management:

processor	: 7
vendor_id	: GenuineIntel
cpu family	: 6
model		: 94
model name	: Intel(R) Core(TM) i7-6700HQ CPU @ 2.60GHz
stepping	: 3
microcode	: 0x9e
cpu MHz		: 3088.928
cache size	: 6144 KB
physical id	: 0
siblings	: 8
core id		: 3
cpu cores	: 4
apicid		: 7
initial apicid	: 7
fpu		: yes
fpu_exception	: yes
cpuid level	: 22
wp		: yes
flags		: fpu vme de pse tsc msr pae mce cx8 apic sep mtrr pge mca cmov pat pse36 clflush dts acpi mmx fxsr sse sse2 ss ht tm pbe syscall nx pdpe1gb rdtscp lm constant_tsc art arch_perfmon pebs bts rep_good nopl xtopology nonstop_tsc aperfmperf tsc_known_freq pni pclmulqdq dtes64 monitor ds_cpl vmx est tm2 ssse3 sdbg fma cx16 xtpr pdcm pcid sse4_1 sse4_2 x2apic movbe popcnt tsc_deadline_timer aes xsave avx f16c rdrand lahf_lm abm 3dnowprefetch epb intel_pt tpr_shadow vnmi flexpriority ept vpid fsgsbase tsc_adjust bmi1 hle avx2 smep bmi2 erms invpcid rtm mpx rdseed adx smap clflushopt xsaveopt xsavec xgetbv1 xsaves dtherm ida arat pln pts hwp hwp_notify hwp_act_window hwp_epp
bugs		:
bogomips	: 5187.30
clflush size	: 64
cache_alignment	: 64
address sizes	: 39 bits physical, 48 bits virtual
power management:



Memory: 4k page, physical 8037312k(123344k free), swap 0k(0k free)

vm_info: OpenJDK 64-Bit Server VM (25.121-b13) for linux-amd64 JRE (1.8.0_121-b13), built on Jan 22 2017 09:22:31 by "builduser" with gcc 6.3.1 20170109

time: Tue May  2 20:22:36 2017
elapsed time: 1 seconds (0d 0h 0m 1s)

